{"/config/workspace/DKonsole/frontend/src/api/k8sApi.js": {"path":"/config/workspace/DKonsole/frontend/src/api/k8sApi.js","statementMap":{"0":{"start":{"line":1,"column":30},"end":{"line":21,"column":1}},"1":{"start":{"line":2,"column":4},"end":{"line":4,"column":null}},"2":{"start":{"line":3,"column":8},"end":{"line":3,"column":null}},"3":{"start":{"line":5,"column":4},"end":{"line":7,"column":null}},"4":{"start":{"line":6,"column":8},"end":{"line":6,"column":null}},"5":{"start":{"line":8,"column":14},"end":{"line":8,"column":30}},"6":{"start":{"line":10,"column":19},"end":{"line":10,"column":48}},"7":{"start":{"line":11,"column":4},"end":{"line":11,"column":null}},"8":{"start":{"line":12,"column":4},"end":{"line":14,"column":null}},"9":{"start":{"line":13,"column":8},"end":{"line":13,"column":null}},"10":{"start":{"line":15,"column":21},"end":{"line":15,"column":67}},"11":{"start":{"line":16,"column":4},"end":{"line":19,"column":null}},"12":{"start":{"line":17,"column":26},"end":{"line":17,"column":76}},"13":{"start":{"line":17,"column":60},"end":{"line":17,"column":75}},"14":{"start":{"line":18,"column":8},"end":{"line":18,"column":null}},"15":{"start":{"line":20,"column":4},"end":{"line":20,"column":null}},"16":{"start":{"line":23,"column":28},"end":{"line":30,"column":1}},"17":{"start":{"line":24,"column":14},"end":{"line":24,"column":30}},"18":{"start":{"line":25,"column":21},"end":{"line":25,"column":109}},"19":{"start":{"line":26,"column":4},"end":{"line":28,"column":null}},"20":{"start":{"line":27,"column":8},"end":{"line":27,"column":null}},"21":{"start":{"line":29,"column":4},"end":{"line":29,"column":25}},"22":{"start":{"line":32,"column":29},"end":{"line":43,"column":1}},"23":{"start":{"line":33,"column":14},"end":{"line":33,"column":30}},"24":{"start":{"line":34,"column":16},"end":{"line":36,"column":40}},"25":{"start":{"line":38,"column":21},"end":{"line":38,"column":33}},"26":{"start":{"line":39,"column":4},"end":{"line":41,"column":null}},"27":{"start":{"line":40,"column":8},"end":{"line":40,"column":null}},"28":{"start":{"line":42,"column":4},"end":{"line":42,"column":null}},"29":{"start":{"line":45,"column":30},"end":{"line":57,"column":1}},"30":{"start":{"line":46,"column":14},"end":{"line":46,"column":30}},"31":{"start":{"line":47,"column":19},"end":{"line":47,"column":48}},"32":{"start":{"line":49,"column":4},"end":{"line":49,"column":null}},"33":{"start":{"line":49,"column":19},"end":{"line":49,"column":null}},"34":{"start":{"line":50,"column":4},"end":{"line":50,"column":null}},"35":{"start":{"line":50,"column":17},"end":{"line":50,"column":null}},"36":{"start":{"line":52,"column":21},"end":{"line":52,"column":67}},"37":{"start":{"line":53,"column":4},"end":{"line":55,"column":null}},"38":{"start":{"line":54,"column":8},"end":{"line":54,"column":null}},"39":{"start":{"line":56,"column":4},"end":{"line":56,"column":null}},"40":{"start":{"line":59,"column":36},"end":{"line":66,"column":1}},"41":{"start":{"line":60,"column":14},"end":{"line":60,"column":30}},"42":{"start":{"line":61,"column":21},"end":{"line":61,"column":45}},"43":{"start":{"line":62,"column":4},"end":{"line":64,"column":null}},"44":{"start":{"line":63,"column":8},"end":{"line":63,"column":null}},"45":{"start":{"line":65,"column":4},"end":{"line":65,"column":null}},"46":{"start":{"line":68,"column":37},"end":{"line":78,"column":1}},"47":{"start":{"line":69,"column":14},"end":{"line":69,"column":30}},"48":{"start":{"line":70,"column":19},"end":{"line":70,"column":40}},"49":{"start":{"line":71,"column":4},"end":{"line":71,"column":null}},"50":{"start":{"line":71,"column":17},"end":{"line":71,"column":null}},"51":{"start":{"line":73,"column":21},"end":{"line":73,"column":75}},"52":{"start":{"line":74,"column":4},"end":{"line":76,"column":null}},"53":{"start":{"line":75,"column":8},"end":{"line":75,"column":null}},"54":{"start":{"line":77,"column":4},"end":{"line":77,"column":null}},"55":{"start":{"line":80,"column":35},"end":{"line":90,"column":1}},"56":{"start":{"line":81,"column":14},"end":{"line":81,"column":30}},"57":{"start":{"line":82,"column":19},"end":{"line":82,"column":40}},"58":{"start":{"line":83,"column":4},"end":{"line":83,"column":null}},"59":{"start":{"line":83,"column":17},"end":{"line":83,"column":null}},"60":{"start":{"line":85,"column":21},"end":{"line":85,"column":85}},"61":{"start":{"line":86,"column":4},"end":{"line":88,"column":null}},"62":{"start":{"line":87,"column":8},"end":{"line":87,"column":null}},"63":{"start":{"line":89,"column":4},"end":{"line":89,"column":null}},"64":{"start":{"line":92,"column":31},"end":{"line":102,"column":1}},"65":{"start":{"line":93,"column":14},"end":{"line":93,"column":30}},"66":{"start":{"line":94,"column":19},"end":{"line":94,"column":40}},"67":{"start":{"line":95,"column":4},"end":{"line":95,"column":null}},"68":{"start":{"line":95,"column":17},"end":{"line":95,"column":null}},"69":{"start":{"line":97,"column":21},"end":{"line":97,"column":68}},"70":{"start":{"line":98,"column":4},"end":{"line":100,"column":null}},"71":{"start":{"line":99,"column":8},"end":{"line":99,"column":null}},"72":{"start":{"line":101,"column":4},"end":{"line":101,"column":null}},"73":{"start":{"line":104,"column":33},"end":{"line":114,"column":1}},"74":{"start":{"line":105,"column":14},"end":{"line":105,"column":30}},"75":{"start":{"line":106,"column":19},"end":{"line":106,"column":40}},"76":{"start":{"line":107,"column":4},"end":{"line":107,"column":null}},"77":{"start":{"line":107,"column":17},"end":{"line":107,"column":null}},"78":{"start":{"line":109,"column":21},"end":{"line":109,"column":71}},"79":{"start":{"line":110,"column":4},"end":{"line":112,"column":null}},"80":{"start":{"line":111,"column":8},"end":{"line":111,"column":null}},"81":{"start":{"line":113,"column":4},"end":{"line":113,"column":null}}},"fnMap":{"0":{"name":"(anonymous_0)","decl":{"start":{"line":1,"column":30},"end":{"line":1,"column":35}},"loc":{"start":{"line":1,"column":82},"end":{"line":21,"column":1}},"line":1},"1":{"name":"(anonymous_1)","decl":{"start":{"line":17,"column":54},"end":{"line":17,"column":55}},"loc":{"start":{"line":17,"column":60},"end":{"line":17,"column":75}},"line":17},"2":{"name":"(anonymous_2)","decl":{"start":{"line":23,"column":28},"end":{"line":23,"column":33}},"loc":{"start":{"line":23,"column":74},"end":{"line":30,"column":1}},"line":23},"3":{"name":"(anonymous_3)","decl":{"start":{"line":32,"column":29},"end":{"line":32,"column":34}},"loc":{"start":{"line":32,"column":71},"end":{"line":43,"column":1}},"line":32},"4":{"name":"(anonymous_4)","decl":{"start":{"line":45,"column":30},"end":{"line":45,"column":35}},"loc":{"start":{"line":45,"column":75},"end":{"line":57,"column":1}},"line":45},"5":{"name":"(anonymous_5)","decl":{"start":{"line":59,"column":36},"end":{"line":59,"column":41}},"loc":{"start":{"line":59,"column":55},"end":{"line":66,"column":1}},"line":59},"6":{"name":"(anonymous_6)","decl":{"start":{"line":68,"column":37},"end":{"line":68,"column":42}},"loc":{"start":{"line":68,"column":65},"end":{"line":78,"column":1}},"line":68},"7":{"name":"(anonymous_7)","decl":{"start":{"line":80,"column":35},"end":{"line":80,"column":40}},"loc":{"start":{"line":80,"column":63},"end":{"line":90,"column":1}},"line":80},"8":{"name":"(anonymous_8)","decl":{"start":{"line":92,"column":31},"end":{"line":92,"column":36}},"loc":{"start":{"line":92,"column":59},"end":{"line":102,"column":1}},"line":92},"9":{"name":"(anonymous_9)","decl":{"start":{"line":104,"column":33},"end":{"line":104,"column":38}},"loc":{"start":{"line":104,"column":61},"end":{"line":114,"column":1}},"line":104}},"branchMap":{"0":{"loc":{"start":{"line":2,"column":4},"end":{"line":4,"column":null}},"type":"if","locations":[{"start":{"line":2,"column":4},"end":{"line":4,"column":null}},{"start":{},"end":{}}],"line":2},"1":{"loc":{"start":{"line":5,"column":4},"end":{"line":7,"column":null}},"type":"if","locations":[{"start":{"line":5,"column":4},"end":{"line":7,"column":null}},{"start":{},"end":{}}],"line":5},"2":{"loc":{"start":{"line":8,"column":14},"end":{"line":8,"column":30}},"type":"binary-expr","locations":[{"start":{"line":8,"column":14},"end":{"line":8,"column":21}},{"start":{"line":8,"column":25},"end":{"line":8,"column":30}}],"line":8},"3":{"loc":{"start":{"line":12,"column":4},"end":{"line":14,"column":null}},"type":"if","locations":[{"start":{"line":12,"column":4},"end":{"line":14,"column":null}},{"start":{},"end":{}}],"line":12},"4":{"loc":{"start":{"line":16,"column":4},"end":{"line":19,"column":null}},"type":"if","locations":[{"start":{"line":16,"column":4},"end":{"line":19,"column":null}},{"start":{},"end":{}}],"line":16},"5":{"loc":{"start":{"line":24,"column":14},"end":{"line":24,"column":30}},"type":"binary-expr","locations":[{"start":{"line":24,"column":14},"end":{"line":24,"column":21}},{"start":{"line":24,"column":25},"end":{"line":24,"column":30}}],"line":24},"6":{"loc":{"start":{"line":25,"column":91},"end":{"line":25,"column":106}},"type":"binary-expr","locations":[{"start":{"line":25,"column":91},"end":{"line":25,"column":100}},{"start":{"line":25,"column":104},"end":{"line":25,"column":106}}],"line":25},"7":{"loc":{"start":{"line":26,"column":4},"end":{"line":28,"column":null}},"type":"if","locations":[{"start":{"line":26,"column":4},"end":{"line":28,"column":null}},{"start":{},"end":{}}],"line":26},"8":{"loc":{"start":{"line":33,"column":14},"end":{"line":33,"column":30}},"type":"binary-expr","locations":[{"start":{"line":33,"column":14},"end":{"line":33,"column":21}},{"start":{"line":33,"column":25},"end":{"line":33,"column":30}}],"line":33},"9":{"loc":{"start":{"line":34,"column":16},"end":{"line":36,"column":40}},"type":"cond-expr","locations":[{"start":{"line":35,"column":10},"end":{"line":35,"column":null}},{"start":{"line":36,"column":10},"end":{"line":36,"column":40}}],"line":34},"10":{"loc":{"start":{"line":39,"column":4},"end":{"line":41,"column":null}},"type":"if","locations":[{"start":{"line":39,"column":4},"end":{"line":41,"column":null}},{"start":{},"end":{}}],"line":39},"11":{"loc":{"start":{"line":46,"column":14},"end":{"line":46,"column":30}},"type":"binary-expr","locations":[{"start":{"line":46,"column":14},"end":{"line":46,"column":21}},{"start":{"line":46,"column":25},"end":{"line":46,"column":30}}],"line":46},"12":{"loc":{"start":{"line":49,"column":4},"end":{"line":49,"column":null}},"type":"if","locations":[{"start":{"line":49,"column":4},"end":{"line":49,"column":null}},{"start":{},"end":{}}],"line":49},"13":{"loc":{"start":{"line":50,"column":4},"end":{"line":50,"column":null}},"type":"if","locations":[{"start":{"line":50,"column":4},"end":{"line":50,"column":null}},{"start":{},"end":{}}],"line":50},"14":{"loc":{"start":{"line":53,"column":4},"end":{"line":55,"column":null}},"type":"if","locations":[{"start":{"line":53,"column":4},"end":{"line":55,"column":null}},{"start":{},"end":{}}],"line":53},"15":{"loc":{"start":{"line":60,"column":14},"end":{"line":60,"column":30}},"type":"binary-expr","locations":[{"start":{"line":60,"column":14},"end":{"line":60,"column":21}},{"start":{"line":60,"column":25},"end":{"line":60,"column":30}}],"line":60},"16":{"loc":{"start":{"line":62,"column":4},"end":{"line":64,"column":null}},"type":"if","locations":[{"start":{"line":62,"column":4},"end":{"line":64,"column":null}},{"start":{},"end":{}}],"line":62},"17":{"loc":{"start":{"line":69,"column":14},"end":{"line":69,"column":30}},"type":"binary-expr","locations":[{"start":{"line":69,"column":14},"end":{"line":69,"column":21}},{"start":{"line":69,"column":25},"end":{"line":69,"column":30}}],"line":69},"18":{"loc":{"start":{"line":71,"column":4},"end":{"line":71,"column":null}},"type":"if","locations":[{"start":{"line":71,"column":4},"end":{"line":71,"column":null}},{"start":{},"end":{}}],"line":71},"19":{"loc":{"start":{"line":74,"column":4},"end":{"line":76,"column":null}},"type":"if","locations":[{"start":{"line":74,"column":4},"end":{"line":76,"column":null}},{"start":{},"end":{}}],"line":74},"20":{"loc":{"start":{"line":81,"column":14},"end":{"line":81,"column":30}},"type":"binary-expr","locations":[{"start":{"line":81,"column":14},"end":{"line":81,"column":21}},{"start":{"line":81,"column":25},"end":{"line":81,"column":30}}],"line":81},"21":{"loc":{"start":{"line":83,"column":4},"end":{"line":83,"column":null}},"type":"if","locations":[{"start":{"line":83,"column":4},"end":{"line":83,"column":null}},{"start":{},"end":{}}],"line":83},"22":{"loc":{"start":{"line":86,"column":4},"end":{"line":88,"column":null}},"type":"if","locations":[{"start":{"line":86,"column":4},"end":{"line":88,"column":null}},{"start":{},"end":{}}],"line":86},"23":{"loc":{"start":{"line":93,"column":14},"end":{"line":93,"column":30}},"type":"binary-expr","locations":[{"start":{"line":93,"column":14},"end":{"line":93,"column":21}},{"start":{"line":93,"column":25},"end":{"line":93,"column":30}}],"line":93},"24":{"loc":{"start":{"line":95,"column":4},"end":{"line":95,"column":null}},"type":"if","locations":[{"start":{"line":95,"column":4},"end":{"line":95,"column":null}},{"start":{},"end":{}}],"line":95},"25":{"loc":{"start":{"line":98,"column":4},"end":{"line":100,"column":null}},"type":"if","locations":[{"start":{"line":98,"column":4},"end":{"line":100,"column":null}},{"start":{},"end":{}}],"line":98},"26":{"loc":{"start":{"line":105,"column":14},"end":{"line":105,"column":30}},"type":"binary-expr","locations":[{"start":{"line":105,"column":14},"end":{"line":105,"column":21}},{"start":{"line":105,"column":25},"end":{"line":105,"column":30}}],"line":105},"27":{"loc":{"start":{"line":107,"column":4},"end":{"line":107,"column":null}},"type":"if","locations":[{"start":{"line":107,"column":4},"end":{"line":107,"column":null}},{"start":{},"end":{}}],"line":107},"28":{"loc":{"start":{"line":110,"column":4},"end":{"line":112,"column":null}},"type":"if","locations":[{"start":{"line":110,"column":4},"end":{"line":112,"column":null}},{"start":{},"end":{}}],"line":110}},"s":{"0":2,"1":7,"2":2,"3":5,"4":2,"5":3,"6":7,"7":7,"8":7,"9":0,"10":3,"11":3,"12":1,"13":0,"14":1,"15":2,"16":2,"17":3,"18":3,"19":3,"20":1,"21":2,"22":2,"23":3,"24":3,"25":3,"26":3,"27":1,"28":2,"29":2,"30":4,"31":4,"32":4,"33":4,"34":4,"35":1,"36":4,"37":4,"38":1,"39":3,"40":2,"41":2,"42":2,"43":2,"44":1,"45":1,"46":2,"47":3,"48":3,"49":3,"50":1,"51":3,"52":3,"53":1,"54":2,"55":2,"56":3,"57":3,"58":3,"59":1,"60":3,"61":3,"62":1,"63":2,"64":2,"65":3,"66":3,"67":3,"68":1,"69":3,"70":3,"71":1,"72":2,"73":2,"74":3,"75":3,"76":3,"77":1,"78":3,"79":3,"80":1,"81":2},"f":{"0":7,"1":0,"2":3,"3":3,"4":4,"5":2,"6":3,"7":3,"8":3,"9":3},"b":{"0":[2,5],"1":[2,3],"2":[3,1],"3":[0,7],"4":[1,2],"5":[3,0],"6":[3,1],"7":[1,2],"8":[3,0],"9":[2,1],"10":[1,2],"11":[4,0],"12":[4,0],"13":[1,3],"14":[1,3],"15":[2,0],"16":[1,1],"17":[3,0],"18":[1,2],"19":[1,2],"20":[3,0],"21":[1,2],"22":[1,2],"23":[3,0],"24":[1,2],"25":[1,2],"26":[3,0],"27":[1,2],"28":[1,2]},"meta":{"lastBranch":29,"lastFunction":10,"lastStatement":82,"seen":{"s:1:30:21:1":0,"f:1:30:1:35":0,"b:2:4:4:Infinity:undefined:undefined:undefined:undefined":0,"s:2:4:4:Infinity":1,"s:3:8:3:Infinity":2,"b:5:4:7:Infinity:undefined:undefined:undefined:undefined":1,"s:5:4:7:Infinity":3,"s:6:8:6:Infinity":4,"s:8:14:8:30":5,"b:8:14:8:21:8:25:8:30":2,"s:10:19:10:48":6,"s:11:4:11:Infinity":7,"b:12:4:14:Infinity:undefined:undefined:undefined:undefined":3,"s:12:4:14:Infinity":8,"s:13:8:13:Infinity":9,"s:15:21:15:67":10,"b:16:4:19:Infinity:undefined:undefined:undefined:undefined":4,"s:16:4:19:Infinity":11,"s:17:26:17:76":12,"f:17:54:17:55":1,"s:17:60:17:75":13,"s:18:8:18:Infinity":14,"s:20:4:20:Infinity":15,"s:23:28:30:1":16,"f:23:28:23:33":2,"s:24:14:24:30":17,"b:24:14:24:21:24:25:24:30":5,"s:25:21:25:109":18,"b:25:91:25:100:25:104:25:106":6,"b:26:4:28:Infinity:undefined:undefined:undefined:undefined":7,"s:26:4:28:Infinity":19,"s:27:8:27:Infinity":20,"s:29:4:29:25":21,"s:32:29:43:1":22,"f:32:29:32:34":3,"s:33:14:33:30":23,"b:33:14:33:21:33:25:33:30":8,"s:34:16:36:40":24,"b:35:10:35:Infinity:36:10:36:40":9,"s:38:21:38:33":25,"b:39:4:41:Infinity:undefined:undefined:undefined:undefined":10,"s:39:4:41:Infinity":26,"s:40:8:40:Infinity":27,"s:42:4:42:Infinity":28,"s:45:30:57:1":29,"f:45:30:45:35":4,"s:46:14:46:30":30,"b:46:14:46:21:46:25:46:30":11,"s:47:19:47:48":31,"b:49:4:49:Infinity:undefined:undefined:undefined:undefined":12,"s:49:4:49:Infinity":32,"s:49:19:49:Infinity":33,"b:50:4:50:Infinity:undefined:undefined:undefined:undefined":13,"s:50:4:50:Infinity":34,"s:50:17:50:Infinity":35,"s:52:21:52:67":36,"b:53:4:55:Infinity:undefined:undefined:undefined:undefined":14,"s:53:4:55:Infinity":37,"s:54:8:54:Infinity":38,"s:56:4:56:Infinity":39,"s:59:36:66:1":40,"f:59:36:59:41":5,"s:60:14:60:30":41,"b:60:14:60:21:60:25:60:30":15,"s:61:21:61:45":42,"b:62:4:64:Infinity:undefined:undefined:undefined:undefined":16,"s:62:4:64:Infinity":43,"s:63:8:63:Infinity":44,"s:65:4:65:Infinity":45,"s:68:37:78:1":46,"f:68:37:68:42":6,"s:69:14:69:30":47,"b:69:14:69:21:69:25:69:30":17,"s:70:19:70:40":48,"b:71:4:71:Infinity:undefined:undefined:undefined:undefined":18,"s:71:4:71:Infinity":49,"s:71:17:71:Infinity":50,"s:73:21:73:75":51,"b:74:4:76:Infinity:undefined:undefined:undefined:undefined":19,"s:74:4:76:Infinity":52,"s:75:8:75:Infinity":53,"s:77:4:77:Infinity":54,"s:80:35:90:1":55,"f:80:35:80:40":7,"s:81:14:81:30":56,"b:81:14:81:21:81:25:81:30":20,"s:82:19:82:40":57,"b:83:4:83:Infinity:undefined:undefined:undefined:undefined":21,"s:83:4:83:Infinity":58,"s:83:17:83:Infinity":59,"s:85:21:85:85":60,"b:86:4:88:Infinity:undefined:undefined:undefined:undefined":22,"s:86:4:88:Infinity":61,"s:87:8:87:Infinity":62,"s:89:4:89:Infinity":63,"s:92:31:102:1":64,"f:92:31:92:36":8,"s:93:14:93:30":65,"b:93:14:93:21:93:25:93:30":23,"s:94:19:94:40":66,"b:95:4:95:Infinity:undefined:undefined:undefined:undefined":24,"s:95:4:95:Infinity":67,"s:95:17:95:Infinity":68,"s:97:21:97:68":69,"b:98:4:100:Infinity:undefined:undefined:undefined:undefined":25,"s:98:4:100:Infinity":70,"s:99:8:99:Infinity":71,"s:101:4:101:Infinity":72,"s:104:33:114:1":73,"f:104:33:104:38":9,"s:105:14:105:30":74,"b:105:14:105:21:105:25:105:30":26,"s:106:19:106:40":75,"b:107:4:107:Infinity:undefined:undefined:undefined:undefined":27,"s:107:4:107:Infinity":76,"s:107:17:107:Infinity":77,"s:109:21:109:71":78,"b:110:4:112:Infinity:undefined:undefined:undefined:undefined":28,"s:110:4:112:Infinity":79,"s:111:8:111:Infinity":80,"s:113:4:113:Infinity":81}}}
,"/config/workspace/DKonsole/frontend/src/components/Loading.jsx": {"path":"/config/workspace/DKonsole/frontend/src/components/Loading.jsx","statementMap":{"0":{"start":{"line":4,"column":16},"end":{"line":13,"column":null}},"1":{"start":{"line":5,"column":4},"end":{"line":11,"column":null}}},"fnMap":{"0":{"name":"(anonymous_0)","decl":{"start":{"line":4,"column":16},"end":{"line":4,"column":17}},"loc":{"start":{"line":4,"column":48},"end":{"line":13,"column":null}},"line":4}},"branchMap":{"0":{"loc":{"start":{"line":4,"column":19},"end":{"line":4,"column":42}},"type":"default-arg","locations":[{"start":{"line":4,"column":29},"end":{"line":4,"column":42}}],"line":4}},"s":{"0":1,"1":2},"f":{"0":2},"b":{"0":[2]},"meta":{"lastBranch":1,"lastFunction":1,"lastStatement":2,"seen":{"s:4:16:13:Infinity":0,"f:4:16:4:17":0,"b:4:29:4:42":0,"s:5:4:11:Infinity":1}}}
,"/config/workspace/DKonsole/frontend/src/components/WorkloadList.jsx": {"path":"/config/workspace/DKonsole/frontend/src/components/WorkloadList.jsx","statementMap":{"0":{"start":{"line":51,"column":16},"end":{"line":92,"column":null}},"1":{"start":{"line":52,"column":4},"end":{"line":91,"column":null}},"2":{"start":{"line":55,"column":12},"end":{"line":55,"column":null}},"3":{"start":{"line":57,"column":12},"end":{"line":57,"column":null}},"4":{"start":{"line":59,"column":12},"end":{"line":59,"column":null}},"5":{"start":{"line":62,"column":12},"end":{"line":62,"column":null}},"6":{"start":{"line":65,"column":12},"end":{"line":65,"column":null}},"7":{"start":{"line":67,"column":12},"end":{"line":67,"column":null}},"8":{"start":{"line":69,"column":12},"end":{"line":69,"column":null}},"9":{"start":{"line":72,"column":12},"end":{"line":72,"column":null}},"10":{"start":{"line":75,"column":12},"end":{"line":75,"column":null}},"11":{"start":{"line":77,"column":12},"end":{"line":77,"column":null}},"12":{"start":{"line":79,"column":12},"end":{"line":79,"column":null}},"13":{"start":{"line":81,"column":12},"end":{"line":81,"column":null}},"14":{"start":{"line":83,"column":12},"end":{"line":83,"column":null}},"15":{"start":{"line":86,"column":12},"end":{"line":86,"column":null}},"16":{"start":{"line":88,"column":12},"end":{"line":88,"column":null}},"17":{"start":{"line":90,"column":12},"end":{"line":90,"column":null}},"18":{"start":{"line":94,"column":18},"end":{"line":102,"column":null}},"19":{"start":{"line":95,"column":23},"end":{"line":95,"column":null}},"20":{"start":{"line":96,"column":4},"end":{"line":100,"column":null}},"21":{"start":{"line":104,"column":23},"end":{"line":107,"column":null}},"22":{"start":{"line":105,"column":22},"end":{"line":105,"column":null}},"23":{"start":{"line":106,"column":4},"end":{"line":106,"column":null}},"24":{"start":{"line":109,"column":24},"end":{"line":115,"column":null}},"25":{"start":{"line":110,"column":4},"end":{"line":110,"column":null}},"26":{"start":{"line":110,"column":17},"end":{"line":110,"column":null}},"27":{"start":{"line":111,"column":20},"end":{"line":111,"column":null}},"28":{"start":{"line":112,"column":4},"end":{"line":112,"column":null}},"29":{"start":{"line":112,"column":31},"end":{"line":112,"column":null}},"30":{"start":{"line":113,"column":16},"end":{"line":113,"column":null}},"31":{"start":{"line":114,"column":4},"end":{"line":114,"column":null}},"32":{"start":{"line":117,"column":24},"end":{"line":127,"column":null}},"33":{"start":{"line":118,"column":4},"end":{"line":118,"column":null}},"34":{"start":{"line":118,"column":17},"end":{"line":118,"column":null}},"35":{"start":{"line":119,"column":23},"end":{"line":119,"column":null}},"36":{"start":{"line":120,"column":16},"end":{"line":120,"column":null}},"37":{"start":{"line":121,"column":4},"end":{"line":121,"column":null}},"38":{"start":{"line":121,"column":31},"end":{"line":121,"column":null}},"39":{"start":{"line":122,"column":4},"end":{"line":122,"column":null}},"40":{"start":{"line":122,"column":63},"end":{"line":122,"column":null}},"41":{"start":{"line":123,"column":4},"end":{"line":123,"column":null}},"42":{"start":{"line":123,"column":63},"end":{"line":123,"column":null}},"43":{"start":{"line":124,"column":4},"end":{"line":124,"column":null}},"44":{"start":{"line":124,"column":63},"end":{"line":124,"column":null}},"45":{"start":{"line":125,"column":4},"end":{"line":125,"column":null}},"46":{"start":{"line":125,"column":63},"end":{"line":125,"column":null}},"47":{"start":{"line":126,"column":4},"end":{"line":126,"column":null}},"48":{"start":{"line":129,"column":22},"end":{"line":140,"column":null}},"49":{"start":{"line":130,"column":4},"end":{"line":130,"column":null}},"50":{"start":{"line":130,"column":18},"end":{"line":130,"column":null}},"51":{"start":{"line":131,"column":23},"end":{"line":131,"column":null}},"52":{"start":{"line":132,"column":4},"end":{"line":132,"column":null}},"53":{"start":{"line":132,"column":43},"end":{"line":132,"column":null}},"54":{"start":{"line":133,"column":16},"end":{"line":133,"column":null}},"55":{"start":{"line":134,"column":4},"end":{"line":134,"column":null}},"56":{"start":{"line":134,"column":31},"end":{"line":134,"column":null}},"57":{"start":{"line":135,"column":4},"end":{"line":135,"column":null}},"58":{"start":{"line":135,"column":63},"end":{"line":135,"column":null}},"59":{"start":{"line":136,"column":4},"end":{"line":136,"column":null}},"60":{"start":{"line":136,"column":63},"end":{"line":136,"column":null}},"61":{"start":{"line":137,"column":4},"end":{"line":137,"column":null}},"62":{"start":{"line":137,"column":63},"end":{"line":137,"column":null}},"63":{"start":{"line":138,"column":4},"end":{"line":138,"column":null}},"64":{"start":{"line":138,"column":63},"end":{"line":138,"column":null}},"65":{"start":{"line":139,"column":4},"end":{"line":139,"column":null}},"66":{"start":{"line":142,"column":24},"end":{"line":149,"column":null}},"67":{"start":{"line":143,"column":4},"end":{"line":143,"column":null}},"68":{"start":{"line":143,"column":19},"end":{"line":143,"column":null}},"69":{"start":{"line":144,"column":18},"end":{"line":144,"column":null}},"70":{"start":{"line":145,"column":4},"end":{"line":145,"column":null}},"71":{"start":{"line":145,"column":28},"end":{"line":145,"column":null}},"72":{"start":{"line":146,"column":18},"end":{"line":146,"column":null}},"73":{"start":{"line":147,"column":18},"end":{"line":147,"column":null}},"74":{"start":{"line":148,"column":4},"end":{"line":148,"column":null}},"75":{"start":{"line":151,"column":21},"end":{"line":1476,"column":null}},"76":{"start":{"line":152,"column":36},"end":{"line":152,"column":null}},"77":{"start":{"line":153,"column":34},"end":{"line":153,"column":null}},"78":{"start":{"line":154,"column":42},"end":{"line":154,"column":null}},"79":{"start":{"line":155,"column":27},"end":{"line":155,"column":null}},"80":{"start":{"line":156,"column":28},"end":{"line":156,"column":null}},"81":{"start":{"line":157,"column":10},"end":{"line":157,"column":null}},"82":{"start":{"line":158,"column":28},"end":{"line":158,"column":null}},"83":{"start":{"line":159,"column":46},"end":{"line":159,"column":null}},"84":{"start":{"line":160,"column":46},"end":{"line":160,"column":null}},"85":{"start":{"line":161,"column":32},"end":{"line":161,"column":null}},"86":{"start":{"line":162,"column":42},"end":{"line":162,"column":null}},"87":{"start":{"line":163,"column":44},"end":{"line":163,"column":null}},"88":{"start":{"line":164,"column":40},"end":{"line":164,"column":null}},"89":{"start":{"line":165,"column":30},"end":{"line":165,"column":null}},"90":{"start":{"line":166,"column":36},"end":{"line":166,"column":null}},"91":{"start":{"line":167,"column":36},"end":{"line":167,"column":null}},"92":{"start":{"line":168,"column":36},"end":{"line":168,"column":null}},"93":{"start":{"line":169,"column":44},"end":{"line":169,"column":null}},"94":{"start":{"line":172,"column":4},"end":{"line":174,"column":null}},"95":{"start":{"line":173,"column":8},"end":{"line":173,"column":null}},"96":{"start":{"line":177,"column":68},"end":{"line":177,"column":null}},"97":{"start":{"line":180,"column":10},"end":{"line":180,"column":null}},"98":{"start":{"line":181,"column":10},"end":{"line":181,"column":null}},"99":{"start":{"line":182,"column":10},"end":{"line":182,"column":null}},"100":{"start":{"line":185,"column":4},"end":{"line":206,"column":null}},"101":{"start":{"line":186,"column":28},"end":{"line":186,"column":null}},"102":{"start":{"line":187,"column":33},"end":{"line":187,"column":null}},"103":{"start":{"line":188,"column":31},"end":{"line":188,"column":null}},"104":{"start":{"line":190,"column":8},"end":{"line":205,"column":null}},"105":{"start":{"line":192,"column":12},"end":{"line":192,"column":null}},"106":{"start":{"line":193,"column":12},"end":{"line":193,"column":null}},"107":{"start":{"line":194,"column":12},"end":{"line":194,"column":null}},"108":{"start":{"line":197,"column":12},"end":{"line":197,"column":null}},"109":{"start":{"line":198,"column":12},"end":{"line":198,"column":null}},"110":{"start":{"line":199,"column":12},"end":{"line":199,"column":null}},"111":{"start":{"line":202,"column":12},"end":{"line":204,"column":null}},"112":{"start":{"line":203,"column":16},"end":{"line":203,"column":null}},"113":{"start":{"line":209,"column":4},"end":{"line":236,"column":null}},"114":{"start":{"line":211,"column":8},"end":{"line":235,"column":null}},"115":{"start":{"line":212,"column":23},"end":{"line":212,"column":null}},"116":{"start":{"line":213,"column":12},"end":{"line":218,"column":null}},"117":{"start":{"line":214,"column":16},"end":{"line":214,"column":null}},"118":{"start":{"line":215,"column":12},"end":{"line":218,"column":null}},"119":{"start":{"line":217,"column":16},"end":{"line":217,"column":null}},"120":{"start":{"line":219,"column":12},"end":{"line":219,"column":null}},"121":{"start":{"line":222,"column":33},"end":{"line":222,"column":null}},"122":{"start":{"line":223,"column":27},"end":{"line":223,"column":null}},"123":{"start":{"line":224,"column":12},"end":{"line":231,"column":null}},"124":{"start":{"line":225,"column":16},"end":{"line":225,"column":null}},"125":{"start":{"line":227,"column":30},"end":{"line":227,"column":null}},"126":{"start":{"line":227,"column":45},"end":{"line":227,"column":62}},"127":{"start":{"line":228,"column":16},"end":{"line":230,"column":null}},"128":{"start":{"line":229,"column":20},"end":{"line":229,"column":null}},"129":{"start":{"line":232,"column":8},"end":{"line":235,"column":null}},"130":{"start":{"line":234,"column":12},"end":{"line":234,"column":null}},"131":{"start":{"line":239,"column":22},"end":{"line":239,"column":null}},"132":{"start":{"line":241,"column":25},"end":{"line":243,"column":null}},"133":{"start":{"line":242,"column":8},"end":{"line":242,"column":null}},"134":{"start":{"line":242,"column":33},"end":{"line":242,"column":61}},"135":{"start":{"line":245,"column":23},"end":{"line":254,"column":null}},"136":{"start":{"line":246,"column":8},"end":{"line":253,"column":null}},"137":{"start":{"line":247,"column":12},"end":{"line":250,"column":null}},"138":{"start":{"line":248,"column":16},"end":{"line":248,"column":null}},"139":{"start":{"line":248,"column":47},"end":{"line":248,"column":82}},"140":{"start":{"line":249,"column":16},"end":{"line":249,"column":null}},"141":{"start":{"line":251,"column":12},"end":{"line":251,"column":null}},"142":{"start":{"line":252,"column":12},"end":{"line":252,"column":null}},"143":{"start":{"line":256,"column":30},"end":{"line":259,"column":null}},"144":{"start":{"line":257,"column":8},"end":{"line":257,"column":null}},"145":{"start":{"line":257,"column":21},"end":{"line":257,"column":null}},"146":{"start":{"line":258,"column":8},"end":{"line":258,"column":null}},"147":{"start":{"line":262,"column":25},"end":{"line":294,"column":null}},"148":{"start":{"line":263,"column":8},"end":{"line":263,"column":null}},"149":{"start":{"line":263,"column":33},"end":{"line":263,"column":null}},"150":{"start":{"line":266,"column":8},"end":{"line":291,"column":null}},"151":{"start":{"line":268,"column":12},"end":{"line":278,"column":null}},"152":{"start":{"line":269,"column":31},"end":{"line":269,"column":null}},"153":{"start":{"line":270,"column":16},"end":{"line":277,"column":null}},"154":{"start":{"line":276,"column":20},"end":{"line":276,"column":null}},"155":{"start":{"line":281,"column":12},"end":{"line":290,"column":null}},"156":{"start":{"line":282,"column":16},"end":{"line":289,"column":null}},"157":{"start":{"line":283,"column":37},"end":{"line":283,"column":null}},"158":{"start":{"line":284,"column":20},"end":{"line":288,"column":null}},"159":{"start":{"line":287,"column":24},"end":{"line":287,"column":null}},"160":{"start":{"line":293,"column":8},"end":{"line":293,"column":null}},"161":{"start":{"line":296,"column":25},"end":{"line":314,"column":null}},"162":{"start":{"line":297,"column":23},"end":{"line":297,"column":null}},"163":{"start":{"line":298,"column":8},"end":{"line":298,"column":null}},"164":{"start":{"line":298,"column":27},"end":{"line":298,"column":null}},"165":{"start":{"line":299,"column":8},"end":{"line":299,"column":null}},"166":{"start":{"line":299,"column":28},"end":{"line":299,"column":null}},"167":{"start":{"line":300,"column":8},"end":{"line":300,"column":null}},"168":{"start":{"line":300,"column":19},"end":{"line":300,"column":null}},"169":{"start":{"line":302,"column":8},"end":{"line":313,"column":null}},"170":{"start":{"line":303,"column":29},"end":{"line":303,"column":null}},"171":{"start":{"line":304,"column":12},"end":{"line":307,"column":null}},"172":{"start":{"line":305,"column":34},"end":{"line":305,"column":null}},"173":{"start":{"line":305,"column":68},"end":{"line":305,"column":83}},"174":{"start":{"line":306,"column":16},"end":{"line":306,"column":null}},"175":{"start":{"line":308,"column":12},"end":{"line":308,"column":null}},"176":{"start":{"line":310,"column":12},"end":{"line":310,"column":null}},"177":{"start":{"line":312,"column":12},"end":{"line":312,"column":null}},"178":{"start":{"line":316,"column":24},"end":{"line":339,"column":null}},"179":{"start":{"line":317,"column":8},"end":{"line":317,"column":null}},"180":{"start":{"line":317,"column":28},"end":{"line":317,"column":null}},"181":{"start":{"line":318,"column":8},"end":{"line":318,"column":null}},"182":{"start":{"line":319,"column":23},"end":{"line":324,"column":null}},"183":{"start":{"line":325,"column":8},"end":{"line":325,"column":null}},"184":{"start":{"line":325,"column":28},"end":{"line":325,"column":null}},"185":{"start":{"line":327,"column":8},"end":{"line":338,"column":null}},"186":{"start":{"line":328,"column":25},"end":{"line":328,"column":null}},"187":{"start":{"line":329,"column":12},"end":{"line":332,"column":null}},"188":{"start":{"line":330,"column":34},"end":{"line":330,"column":null}},"189":{"start":{"line":330,"column":64},"end":{"line":330,"column":78}},"190":{"start":{"line":331,"column":16},"end":{"line":331,"column":null}},"191":{"start":{"line":333,"column":12},"end":{"line":333,"column":null}},"192":{"start":{"line":335,"column":12},"end":{"line":335,"column":null}},"193":{"start":{"line":337,"column":12},"end":{"line":337,"column":null}},"194":{"start":{"line":341,"column":33},"end":{"line":372,"column":null}},"195":{"start":{"line":342,"column":8},"end":{"line":342,"column":null}},"196":{"start":{"line":342,"column":28},"end":{"line":342,"column":null}},"197":{"start":{"line":343,"column":8},"end":{"line":343,"column":null}},"198":{"start":{"line":344,"column":23},"end":{"line":344,"column":null}},"199":{"start":{"line":345,"column":8},"end":{"line":345,"column":null}},"200":{"start":{"line":345,"column":28},"end":{"line":345,"column":null}},"201":{"start":{"line":347,"column":8},"end":{"line":371,"column":null}},"202":{"start":{"line":348,"column":25},"end":{"line":355,"column":null}},"203":{"start":{"line":356,"column":12},"end":{"line":359,"column":null}},"204":{"start":{"line":357,"column":34},"end":{"line":357,"column":null}},"205":{"start":{"line":357,"column":64},"end":{"line":357,"column":80}},"206":{"start":{"line":358,"column":16},"end":{"line":358,"column":null}},"207":{"start":{"line":360,"column":25},"end":{"line":360,"column":null}},"208":{"start":{"line":361,"column":12},"end":{"line":366,"column":null}},"209":{"start":{"line":362,"column":16},"end":{"line":365,"column":null}},"210":{"start":{"line":368,"column":12},"end":{"line":368,"column":null}},"211":{"start":{"line":370,"column":12},"end":{"line":370,"column":null}},"212":{"start":{"line":374,"column":36},"end":{"line":401,"column":null}},"213":{"start":{"line":375,"column":8},"end":{"line":375,"column":null}},"214":{"start":{"line":375,"column":28},"end":{"line":375,"column":null}},"215":{"start":{"line":376,"column":8},"end":{"line":376,"column":null}},"216":{"start":{"line":377,"column":8},"end":{"line":377,"column":null}},"217":{"start":{"line":378,"column":23},"end":{"line":378,"column":null}},"218":{"start":{"line":379,"column":8},"end":{"line":379,"column":null}},"219":{"start":{"line":379,"column":28},"end":{"line":379,"column":null}},"220":{"start":{"line":381,"column":8},"end":{"line":400,"column":null}},"221":{"start":{"line":382,"column":25},"end":{"line":389,"column":null}},"222":{"start":{"line":390,"column":12},"end":{"line":393,"column":null}},"223":{"start":{"line":391,"column":34},"end":{"line":391,"column":null}},"224":{"start":{"line":391,"column":64},"end":{"line":391,"column":80}},"225":{"start":{"line":392,"column":16},"end":{"line":392,"column":null}},"226":{"start":{"line":395,"column":12},"end":{"line":395,"column":null}},"227":{"start":{"line":397,"column":12},"end":{"line":397,"column":null}},"228":{"start":{"line":399,"column":12},"end":{"line":399,"column":null}},"229":{"start":{"line":403,"column":26},"end":{"line":439,"column":null}},"230":{"start":{"line":404,"column":27},"end":{"line":404,"column":null}},"231":{"start":{"line":404,"column":33},"end":{"line":404,"column":null}},"232":{"start":{"line":405,"column":28},"end":{"line":409,"column":null}},"233":{"start":{"line":407,"column":12},"end":{"line":407,"column":null}},"234":{"start":{"line":408,"column":12},"end":{"line":408,"column":null}},"235":{"start":{"line":408,"column":29},"end":{"line":408,"column":40}},"236":{"start":{"line":410,"column":8},"end":{"line":413,"column":null}},"237":{"start":{"line":410,"column":26},"end":{"line":413,"column":null}},"238":{"start":{"line":415,"column":8},"end":{"line":438,"column":null}},"239":{"start":{"line":416,"column":25},"end":{"line":416,"column":null}},"240":{"start":{"line":417,"column":35},"end":{"line":417,"column":null}},"241":{"start":{"line":419,"column":32},"end":{"line":419,"column":null}},"242":{"start":{"line":421,"column":39},"end":{"line":421,"column":null}},"243":{"start":{"line":422,"column":31},"end":{"line":422,"column":null}},"244":{"start":{"line":422,"column":99},"end":{"line":422,"column":124}},"245":{"start":{"line":423,"column":28},"end":{"line":423,"column":null}},"246":{"start":{"line":424,"column":28},"end":{"line":424,"column":null}},"247":{"start":{"line":425,"column":24},"end":{"line":425,"column":null}},"248":{"start":{"line":426,"column":30},"end":{"line":426,"column":null}},"249":{"start":{"line":427,"column":27},"end":{"line":427,"column":null}},"250":{"start":{"line":428,"column":34},"end":{"line":428,"column":null}},"251":{"start":{"line":430,"column":37},"end":{"line":430,"column":null}},"252":{"start":{"line":431,"column":33},"end":{"line":431,"column":null}},"253":{"start":{"line":432,"column":24},"end":{"line":432,"column":null}},"254":{"start":{"line":433,"column":28},"end":{"line":433,"column":null}},"255":{"start":{"line":434,"column":32},"end":{"line":434,"column":null}},"256":{"start":{"line":435,"column":30},"end":{"line":435,"column":null}},"257":{"start":{"line":436,"column":24},"end":{"line":436,"column":null}},"258":{"start":{"line":437,"column":21},"end":{"line":437,"column":null}},"259":{"start":{"line":441,"column":17},"end":{"line":441,"column":null}},"260":{"start":{"line":442,"column":30},"end":{"line":553,"column":null}},"261":{"start":{"line":443,"column":8},"end":{"line":553,"column":null}},"262":{"start":{"line":443,"column":115},"end":{"line":443,"column":null}},"263":{"start":{"line":447,"column":24},"end":{"line":447,"column":null}},"264":{"start":{"line":448,"column":24},"end":{"line":448,"column":null}},"265":{"start":{"line":460,"column":24},"end":{"line":460,"column":null}},"266":{"start":{"line":461,"column":24},"end":{"line":498,"column":null}},"267":{"start":{"line":462,"column":43},"end":{"line":462,"column":null}},"268":{"start":{"line":463,"column":28},"end":{"line":463,"column":null}},"269":{"start":{"line":463,"column":48},"end":{"line":463,"column":null}},"270":{"start":{"line":464,"column":45},"end":{"line":466,"column":null}},"271":{"start":{"line":467,"column":28},"end":{"line":495,"column":null}},"272":{"start":{"line":468,"column":55},"end":{"line":468,"column":null}},"273":{"start":{"line":469,"column":51},"end":{"line":469,"column":null}},"274":{"start":{"line":470,"column":32},"end":{"line":487,"column":null}},"275":{"start":{"line":471,"column":49},"end":{"line":471,"column":null}},"276":{"start":{"line":472,"column":53},"end":{"line":472,"column":null}},"277":{"start":{"line":473,"column":57},"end":{"line":473,"column":null}},"278":{"start":{"line":475,"column":36},"end":{"line":486,"column":null}},"279":{"start":{"line":476,"column":62},"end":{"line":476,"column":null}},"280":{"start":{"line":477,"column":40},"end":{"line":481,"column":null}},"281":{"start":{"line":483,"column":40},"end":{"line":485,"column":null}},"282":{"start":{"line":488,"column":32},"end":{"line":492,"column":null}},"283":{"start":{"line":494,"column":32},"end":{"line":494,"column":null}},"284":{"start":{"line":497,"column":28},"end":{"line":497,"column":null}},"285":{"start":{"line":509,"column":35},"end":{"line":509,"column":null}},"286":{"start":{"line":525,"column":44},"end":{"line":525,"column":null}},"287":{"start":{"line":526,"column":44},"end":{"line":526,"column":null}},"288":{"start":{"line":535,"column":48},"end":{"line":535,"column":null}},"289":{"start":{"line":536,"column":48},"end":{"line":536,"column":null}},"290":{"start":{"line":556,"column":10},"end":{"line":563,"column":null}},"291":{"start":{"line":556,"column":37},"end":{"line":563,"column":8}},"292":{"start":{"line":560,"column":29},"end":{"line":560,"column":null}},"293":{"start":{"line":562,"column":30},"end":{"line":562,"column":null}},"294":{"start":{"line":565,"column":10},"end":{"line":917,"column":null}},"295":{"start":{"line":566,"column":24},"end":{"line":602,"column":null}},"296":{"start":{"line":571,"column":37},"end":{"line":571,"column":null}},"297":{"start":{"line":574,"column":20},"end":{"line":586,"column":null}},"298":{"start":{"line":593,"column":37},"end":{"line":593,"column":null}},"299":{"start":{"line":596,"column":20},"end":{"line":598,"column":null}},"300":{"start":{"line":604,"column":8},"end":{"line":914,"column":null}},"301":{"start":{"line":606,"column":16},"end":{"line":647,"column":null}},"302":{"start":{"line":611,"column":45},"end":{"line":611,"column":null}},"303":{"start":{"line":614,"column":28},"end":{"line":614,"column":null}},"304":{"start":{"line":621,"column":45},"end":{"line":621,"column":null}},"305":{"start":{"line":624,"column":28},"end":{"line":624,"column":null}},"306":{"start":{"line":631,"column":45},"end":{"line":631,"column":null}},"307":{"start":{"line":634,"column":28},"end":{"line":634,"column":null}},"308":{"start":{"line":641,"column":45},"end":{"line":641,"column":null}},"309":{"start":{"line":644,"column":28},"end":{"line":644,"column":null}},"310":{"start":{"line":648,"column":16},"end":{"line":648,"column":null}},"311":{"start":{"line":650,"column":16},"end":{"line":695,"column":null}},"312":{"start":{"line":655,"column":45},"end":{"line":655,"column":null}},"313":{"start":{"line":658,"column":28},"end":{"line":658,"column":null}},"314":{"start":{"line":667,"column":28},"end":{"line":675,"column":null}},"315":{"start":{"line":684,"column":28},"end":{"line":692,"column":null}},"316":{"start":{"line":696,"column":16},"end":{"line":696,"column":null}},"317":{"start":{"line":698,"column":16},"end":{"line":719,"column":null}},"318":{"start":{"line":703,"column":45},"end":{"line":703,"column":null}},"319":{"start":{"line":706,"column":28},"end":{"line":706,"column":null}},"320":{"start":{"line":713,"column":45},"end":{"line":713,"column":null}},"321":{"start":{"line":716,"column":28},"end":{"line":716,"column":null}},"322":{"start":{"line":720,"column":16},"end":{"line":720,"column":null}},"323":{"start":{"line":722,"column":16},"end":{"line":743,"column":null}},"324":{"start":{"line":727,"column":45},"end":{"line":727,"column":null}},"325":{"start":{"line":730,"column":28},"end":{"line":730,"column":null}},"326":{"start":{"line":737,"column":45},"end":{"line":737,"column":null}},"327":{"start":{"line":740,"column":28},"end":{"line":740,"column":null}},"328":{"start":{"line":744,"column":16},"end":{"line":744,"column":null}},"329":{"start":{"line":746,"column":16},"end":{"line":772,"column":null}},"330":{"start":{"line":751,"column":45},"end":{"line":751,"column":null}},"331":{"start":{"line":754,"column":28},"end":{"line":754,"column":null}},"332":{"start":{"line":761,"column":46},"end":{"line":761,"column":null}},"333":{"start":{"line":764,"column":42},"end":{"line":764,"column":null}},"334":{"start":{"line":765,"column":28},"end":{"line":768,"column":null}},"335":{"start":{"line":773,"column":16},"end":{"line":773,"column":null}},"336":{"start":{"line":775,"column":16},"end":{"line":812,"column":null}},"337":{"start":{"line":780,"column":46},"end":{"line":780,"column":null}},"338":{"start":{"line":783,"column":28},"end":{"line":809,"column":null}},"339":{"start":{"line":786,"column":53},"end":{"line":786,"column":null}},"340":{"start":{"line":787,"column":57},"end":{"line":787,"column":null}},"341":{"start":{"line":787,"column":105},"end":{"line":787,"column":138}},"342":{"start":{"line":788,"column":52},"end":{"line":788,"column":null}},"343":{"start":{"line":789,"column":40},"end":{"line":805,"column":null}},"344":{"start":{"line":796,"column":72},"end":{"line":796,"column":null}},"345":{"start":{"line":813,"column":16},"end":{"line":813,"column":null}},"346":{"start":{"line":815,"column":16},"end":{"line":828,"column":null}},"347":{"start":{"line":820,"column":45},"end":{"line":820,"column":null}},"348":{"start":{"line":823,"column":28},"end":{"line":825,"column":null}},"349":{"start":{"line":829,"column":16},"end":{"line":829,"column":null}},"350":{"start":{"line":831,"column":16},"end":{"line":856,"column":null}},"351":{"start":{"line":836,"column":45},"end":{"line":836,"column":null}},"352":{"start":{"line":839,"column":28},"end":{"line":841,"column":null}},"353":{"start":{"line":848,"column":45},"end":{"line":848,"column":null}},"354":{"start":{"line":851,"column":28},"end":{"line":853,"column":null}},"355":{"start":{"line":857,"column":16},"end":{"line":857,"column":null}},"356":{"start":{"line":859,"column":16},"end":{"line":882,"column":null}},"357":{"start":{"line":864,"column":45},"end":{"line":864,"column":null}},"358":{"start":{"line":867,"column":28},"end":{"line":867,"column":null}},"359":{"start":{"line":874,"column":45},"end":{"line":874,"column":null}},"360":{"start":{"line":877,"column":28},"end":{"line":879,"column":null}},"361":{"start":{"line":883,"column":16},"end":{"line":883,"column":null}},"362":{"start":{"line":885,"column":16},"end":{"line":910,"column":null}},"363":{"start":{"line":890,"column":45},"end":{"line":890,"column":null}},"364":{"start":{"line":893,"column":28},"end":{"line":895,"column":null}},"365":{"start":{"line":902,"column":45},"end":{"line":902,"column":null}},"366":{"start":{"line":905,"column":28},"end":{"line":907,"column":null}},"367":{"start":{"line":911,"column":16},"end":{"line":911,"column":null}},"368":{"start":{"line":913,"column":16},"end":{"line":913,"column":null}},"369":{"start":{"line":916,"column":8},"end":{"line":916,"column":null}},"370":{"start":{"line":919,"column":10},"end":{"line":922,"column":null}},"371":{"start":{"line":920,"column":14},"end":{"line":920,"column":null}},"372":{"start":{"line":920,"column":42},"end":{"line":920,"column":70}},"373":{"start":{"line":931,"column":4},"end":{"line":935,"column":null}},"374":{"start":{"line":937,"column":26},"end":{"line":944,"column":null}},"375":{"start":{"line":946,"column":10},"end":{"line":949,"column":null}},"376":{"start":{"line":947,"column":14},"end":{"line":947,"column":null}},"377":{"start":{"line":947,"column":42},"end":{"line":947,"column":77}},"378":{"start":{"line":951,"column":4},"end":{"line":958,"column":null}},"379":{"start":{"line":952,"column":8},"end":{"line":952,"column":null}},"380":{"start":{"line":952,"column":42},"end":{"line":952,"column":null}},"381":{"start":{"line":953,"column":25},"end":{"line":953,"column":null}},"382":{"start":{"line":953,"column":62},"end":{"line":953,"column":68}},"383":{"start":{"line":954,"column":8},"end":{"line":957,"column":null}},"384":{"start":{"line":955,"column":12},"end":{"line":955,"column":null}},"385":{"start":{"line":956,"column":12},"end":{"line":956,"column":null}},"386":{"start":{"line":960,"column":10},"end":{"line":972,"column":null}},"387":{"start":{"line":961,"column":20},"end":{"line":961,"column":null}},"388":{"start":{"line":962,"column":29},"end":{"line":962,"column":null}},"389":{"start":{"line":962,"column":59},"end":{"line":962,"column":79}},"390":{"start":{"line":963,"column":8},"end":{"line":963,"column":null}},"391":{"start":{"line":963,"column":27},"end":{"line":963,"column":null}},"392":{"start":{"line":964,"column":8},"end":{"line":971,"column":null}},"393":{"start":{"line":965,"column":23},"end":{"line":965,"column":null}},"394":{"start":{"line":966,"column":23},"end":{"line":966,"column":null}},"395":{"start":{"line":967,"column":12},"end":{"line":969,"column":null}},"396":{"start":{"line":968,"column":16},"end":{"line":968,"column":null}},"397":{"start":{"line":970,"column":12},"end":{"line":970,"column":null}},"398":{"start":{"line":974,"column":29},"end":{"line":974,"column":null}},"399":{"start":{"line":976,"column":10},"end":{"line":982,"column":null}},"400":{"start":{"line":978,"column":32},"end":{"line":978,"column":null}},"401":{"start":{"line":979,"column":12},"end":{"line":979,"column":null}},"402":{"start":{"line":984,"column":10},"end":{"line":987,"column":null}},"403":{"start":{"line":985,"column":14},"end":{"line":985,"column":null}},"404":{"start":{"line":985,"column":35},"end":{"line":985,"column":68}},"405":{"start":{"line":989,"column":32},"end":{"line":992,"column":null}},"406":{"start":{"line":990,"column":8},"end":{"line":990,"column":null}},"407":{"start":{"line":990,"column":30},"end":{"line":990,"column":null}},"408":{"start":{"line":991,"column":8},"end":{"line":991,"column":null}},"409":{"start":{"line":995,"column":4},"end":{"line":997,"column":null}},"410":{"start":{"line":996,"column":8},"end":{"line":996,"column":null}},"411":{"start":{"line":1000,"column":4},"end":{"line":1025,"column":null}},"412":{"start":{"line":1001,"column":8},"end":{"line":1023,"column":null}},"413":{"start":{"line":1009,"column":43},"end":{"line":1009,"column":null}},"414":{"start":{"line":1028,"column":4},"end":{"line":1070,"column":null}},"415":{"start":{"line":1029,"column":8},"end":{"line":1068,"column":null}},"416":{"start":{"line":1040,"column":49},"end":{"line":1040,"column":null}},"417":{"start":{"line":1041,"column":47},"end":{"line":1041,"column":null}},"418":{"start":{"line":1042,"column":46},"end":{"line":1042,"column":null}},"419":{"start":{"line":1052,"column":43},"end":{"line":1052,"column":null}},"420":{"start":{"line":1072,"column":4},"end":{"line":1474,"column":null}},"421":{"start":{"line":1083,"column":45},"end":{"line":1083,"column":null}},"422":{"start":{"line":1084,"column":43},"end":{"line":1084,"column":null}},"423":{"start":{"line":1085,"column":42},"end":{"line":1085,"column":null}},"424":{"start":{"line":1090,"column":47},"end":{"line":1090,"column":null}},"425":{"start":{"line":1105,"column":43},"end":{"line":1105,"column":null}},"426":{"start":{"line":1118,"column":40},"end":{"line":1126,"column":null}},"427":{"start":{"line":1122,"column":64},"end":{"line":1122,"column":null}},"428":{"start":{"line":1141,"column":39},"end":{"line":1141,"column":null}},"429":{"start":{"line":1156,"column":39},"end":{"line":1156,"column":null}},"430":{"start":{"line":1157,"column":36},"end":{"line":1157,"column":null}},"431":{"start":{"line":1158,"column":40},"end":{"line":1158,"column":null}},"432":{"start":{"line":1159,"column":40},"end":{"line":1159,"column":null}},"433":{"start":{"line":1160,"column":43},"end":{"line":1160,"column":null}},"434":{"start":{"line":1161,"column":20},"end":{"line":1195,"column":null}},"435":{"start":{"line":1167,"column":32},"end":{"line":1167,"column":null}},"436":{"start":{"line":1167,"column":45},"end":{"line":1167,"column":null}},"437":{"start":{"line":1170,"column":32},"end":{"line":1172,"column":null}},"438":{"start":{"line":1171,"column":36},"end":{"line":1171,"column":null}},"439":{"start":{"line":1175,"column":32},"end":{"line":1179,"column":null}},"440":{"start":{"line":1176,"column":36},"end":{"line":1176,"column":null}},"441":{"start":{"line":1177,"column":36},"end":{"line":1177,"column":null}},"442":{"start":{"line":1178,"column":36},"end":{"line":1178,"column":null}},"443":{"start":{"line":1181,"column":45},"end":{"line":1181,"column":null}},"444":{"start":{"line":1187,"column":51},"end":{"line":1187,"column":null}},"445":{"start":{"line":1203,"column":39},"end":{"line":1203,"column":null}},"446":{"start":{"line":1204,"column":20},"end":{"line":1242,"column":null}},"447":{"start":{"line":1207,"column":47},"end":{"line":1207,"column":null}},"448":{"start":{"line":1212,"column":36},"end":{"line":1218,"column":null}},"449":{"start":{"line":1215,"column":74},"end":{"line":1215,"column":96}},"450":{"start":{"line":1234,"column":87},"end":{"line":1234,"column":112}},"451":{"start":{"line":1257,"column":35},"end":{"line":1257,"column":null}},"452":{"start":{"line":1259,"column":24},"end":{"line":1259,"column":null}},"453":{"start":{"line":1260,"column":24},"end":{"line":1260,"column":null}},"454":{"start":{"line":1269,"column":35},"end":{"line":1269,"column":null}},"455":{"start":{"line":1295,"column":47},"end":{"line":1295,"column":null}},"456":{"start":{"line":1301,"column":47},"end":{"line":1301,"column":null}},"457":{"start":{"line":1316,"column":32},"end":{"line":1316,"column":null}},"458":{"start":{"line":1317,"column":33},"end":{"line":1317,"column":null}},"459":{"start":{"line":1318,"column":33},"end":{"line":1318,"column":null}},"460":{"start":{"line":1319,"column":30},"end":{"line":1319,"column":null}},"461":{"start":{"line":1320,"column":35},"end":{"line":1320,"column":null}},"462":{"start":{"line":1321,"column":38},"end":{"line":1321,"column":null}},"463":{"start":{"line":1324,"column":43},"end":{"line":1335,"column":null}},"464":{"start":{"line":1325,"column":20},"end":{"line":1325,"column":null}},"465":{"start":{"line":1325,"column":32},"end":{"line":1325,"column":null}},"466":{"start":{"line":1326,"column":20},"end":{"line":1326,"column":null}},"467":{"start":{"line":1326,"column":51},"end":{"line":1326,"column":null}},"468":{"start":{"line":1327,"column":20},"end":{"line":1333,"column":null}},"469":{"start":{"line":1328,"column":24},"end":{"line":1331,"column":null}},"470":{"start":{"line":1329,"column":44},"end":{"line":1329,"column":null}},"471":{"start":{"line":1330,"column":28},"end":{"line":1330,"column":null}},"472":{"start":{"line":1332,"column":24},"end":{"line":1332,"column":null}},"473":{"start":{"line":1334,"column":20},"end":{"line":1334,"column":null}},"474":{"start":{"line":1337,"column":33},"end":{"line":1337,"column":null}},"475":{"start":{"line":1338,"column":39},"end":{"line":1338,"column":null}},"476":{"start":{"line":1339,"column":37},"end":{"line":1339,"column":null}},"477":{"start":{"line":1342,"column":38},"end":{"line":1342,"column":null}},"478":{"start":{"line":1343,"column":36},"end":{"line":1343,"column":null}},"479":{"start":{"line":1344,"column":38},"end":{"line":1344,"column":null}},"480":{"start":{"line":1346,"column":16},"end":{"line":1370,"column":null}},"481":{"start":{"line":1347,"column":20},"end":{"line":1347,"column":null}},"482":{"start":{"line":1348,"column":20},"end":{"line":1348,"column":null}},"483":{"start":{"line":1349,"column":16},"end":{"line":1370,"column":null}},"484":{"start":{"line":1350,"column":20},"end":{"line":1350,"column":null}},"485":{"start":{"line":1351,"column":20},"end":{"line":1351,"column":null}},"486":{"start":{"line":1352,"column":20},"end":{"line":1352,"column":null}},"487":{"start":{"line":1353,"column":16},"end":{"line":1370,"column":null}},"488":{"start":{"line":1355,"column":41},"end":{"line":1355,"column":null}},"489":{"start":{"line":1356,"column":37},"end":{"line":1356,"column":null}},"490":{"start":{"line":1358,"column":20},"end":{"line":1366,"column":null}},"491":{"start":{"line":1359,"column":24},"end":{"line":1359,"column":null}},"492":{"start":{"line":1360,"column":24},"end":{"line":1360,"column":null}},"493":{"start":{"line":1361,"column":24},"end":{"line":1361,"column":null}},"494":{"start":{"line":1363,"column":24},"end":{"line":1363,"column":null}},"495":{"start":{"line":1364,"column":24},"end":{"line":1364,"column":null}},"496":{"start":{"line":1365,"column":24},"end":{"line":1365,"column":null}},"497":{"start":{"line":1368,"column":20},"end":{"line":1368,"column":null}},"498":{"start":{"line":1369,"column":20},"end":{"line":1369,"column":null}},"499":{"start":{"line":1372,"column":16},"end":{"line":1442,"column":null}},"500":{"start":{"line":1428,"column":51},"end":{"line":1428,"column":null}},"501":{"start":{"line":1434,"column":51},"end":{"line":1434,"column":null}},"502":{"start":{"line":1457,"column":47},"end":{"line":1457,"column":null}},"503":{"start":{"line":1465,"column":47},"end":{"line":1465,"column":null}}},"fnMap":{"0":{"name":"(anonymous_0)","decl":{"start":{"line":51,"column":16},"end":{"line":51,"column":17}},"loc":{"start":{"line":51,"column":26},"end":{"line":92,"column":null}},"line":51},"1":{"name":"(anonymous_1)","decl":{"start":{"line":94,"column":18},"end":{"line":94,"column":19}},"loc":{"start":{"line":94,"column":33},"end":{"line":102,"column":null}},"line":94},"2":{"name":"(anonymous_2)","decl":{"start":{"line":104,"column":23},"end":{"line":104,"column":24}},"loc":{"start":{"line":104,"column":34},"end":{"line":107,"column":null}},"line":104},"3":{"name":"(anonymous_3)","decl":{"start":{"line":109,"column":24},"end":{"line":109,"column":25}},"loc":{"start":{"line":109,"column":36},"end":{"line":115,"column":null}},"line":109},"4":{"name":"(anonymous_4)","decl":{"start":{"line":117,"column":24},"end":{"line":117,"column":25}},"loc":{"start":{"line":117,"column":36},"end":{"line":127,"column":null}},"line":117},"5":{"name":"(anonymous_5)","decl":{"start":{"line":129,"column":22},"end":{"line":129,"column":23}},"loc":{"start":{"line":129,"column":35},"end":{"line":140,"column":null}},"line":129},"6":{"name":"(anonymous_6)","decl":{"start":{"line":142,"column":24},"end":{"line":142,"column":25}},"loc":{"start":{"line":142,"column":38},"end":{"line":149,"column":null}},"line":142},"7":{"name":"(anonymous_7)","decl":{"start":{"line":151,"column":21},"end":{"line":151,"column":22}},"loc":{"start":{"line":151,"column":46},"end":{"line":1476,"column":null}},"line":151},"8":{"name":"(anonymous_8)","decl":{"start":{"line":185,"column":14},"end":{"line":185,"column":20}},"loc":{"start":{"line":185,"column":20},"end":{"line":206,"column":7}},"line":185},"9":{"name":"(anonymous_9)","decl":{"start":{"line":209,"column":14},"end":{"line":209,"column":20}},"loc":{"start":{"line":209,"column":20},"end":{"line":236,"column":7}},"line":209},"10":{"name":"(anonymous_10)","decl":{"start":{"line":227,"column":40},"end":{"line":227,"column":45}},"loc":{"start":{"line":227,"column":45},"end":{"line":227,"column":62}},"line":227},"11":{"name":"(anonymous_11)","decl":{"start":{"line":241,"column":25},"end":{"line":241,"column":26}},"loc":{"start":{"line":241,"column":34},"end":{"line":243,"column":null}},"line":241},"12":{"name":"(anonymous_12)","decl":{"start":{"line":242,"column":22},"end":{"line":242,"column":33}},"loc":{"start":{"line":242,"column":33},"end":{"line":242,"column":61}},"line":242},"13":{"name":"(anonymous_13)","decl":{"start":{"line":245,"column":23},"end":{"line":245,"column":24}},"loc":{"start":{"line":245,"column":34},"end":{"line":254,"column":null}},"line":245},"14":{"name":"(anonymous_14)","decl":{"start":{"line":246,"column":21},"end":{"line":246,"column":22}},"loc":{"start":{"line":246,"column":36},"end":{"line":253,"column":9}},"line":246},"15":{"name":"(anonymous_15)","decl":{"start":{"line":248,"column":33},"end":{"line":248,"column":34}},"loc":{"start":{"line":248,"column":47},"end":{"line":248,"column":82}},"line":248},"16":{"name":"(anonymous_16)","decl":{"start":{"line":256,"column":47},"end":{"line":256,"column":52}},"loc":{"start":{"line":256,"column":52},"end":{"line":259,"column":5}},"line":256},"17":{"name":"(anonymous_17)","decl":{"start":{"line":262,"column":25},"end":{"line":262,"column":26}},"loc":{"start":{"line":262,"column":34},"end":{"line":294,"column":null}},"line":262},"18":{"name":"(anonymous_18)","decl":{"start":{"line":296,"column":25},"end":{"line":296,"column":32}},"loc":{"start":{"line":296,"column":55},"end":{"line":314,"column":null}},"line":296},"19":{"name":"(anonymous_19)","decl":{"start":{"line":305,"column":62},"end":{"line":305,"column":68}},"loc":{"start":{"line":305,"column":68},"end":{"line":305,"column":83}},"line":305},"20":{"name":"(anonymous_20)","decl":{"start":{"line":316,"column":24},"end":{"line":316,"column":31}},"loc":{"start":{"line":316,"column":46},"end":{"line":339,"column":null}},"line":316},"21":{"name":"(anonymous_21)","decl":{"start":{"line":330,"column":58},"end":{"line":330,"column":64}},"loc":{"start":{"line":330,"column":64},"end":{"line":330,"column":78}},"line":330},"22":{"name":"(anonymous_22)","decl":{"start":{"line":341,"column":33},"end":{"line":341,"column":40}},"loc":{"start":{"line":341,"column":48},"end":{"line":372,"column":null}},"line":341},"23":{"name":"(anonymous_23)","decl":{"start":{"line":357,"column":58},"end":{"line":357,"column":64}},"loc":{"start":{"line":357,"column":64},"end":{"line":357,"column":80}},"line":357},"24":{"name":"(anonymous_24)","decl":{"start":{"line":374,"column":36},"end":{"line":374,"column":43}},"loc":{"start":{"line":374,"column":51},"end":{"line":401,"column":null}},"line":374},"25":{"name":"(anonymous_25)","decl":{"start":{"line":391,"column":58},"end":{"line":391,"column":64}},"loc":{"start":{"line":391,"column":64},"end":{"line":391,"column":80}},"line":391},"26":{"name":"(anonymous_26)","decl":{"start":{"line":403,"column":26},"end":{"line":403,"column":27}},"loc":{"start":{"line":403,"column":35},"end":{"line":439,"column":null}},"line":403},"27":{"name":"(anonymous_27)","decl":{"start":{"line":404,"column":27},"end":{"line":404,"column":33}},"loc":{"start":{"line":404,"column":33},"end":{"line":404,"column":null}},"line":404},"28":{"name":"(anonymous_28)","decl":{"start":{"line":405,"column":28},"end":{"line":405,"column":34}},"loc":{"start":{"line":405,"column":34},"end":{"line":409,"column":null}},"line":405},"29":{"name":"(anonymous_29)","decl":{"start":{"line":408,"column":23},"end":{"line":408,"column":29}},"loc":{"start":{"line":408,"column":29},"end":{"line":408,"column":40}},"line":408},"30":{"name":"(anonymous_30)","decl":{"start":{"line":422,"column":88},"end":{"line":422,"column":89}},"loc":{"start":{"line":422,"column":99},"end":{"line":422,"column":124}},"line":422},"31":{"name":"(anonymous_31)","decl":{"start":{"line":442,"column":30},"end":{"line":442,"column":31}},"loc":{"start":{"line":443,"column":8},"end":{"line":553,"column":null}},"line":443},"32":{"name":"(anonymous_32)","decl":{"start":{"line":443,"column":108},"end":{"line":443,"column":109}},"loc":{"start":{"line":443,"column":115},"end":{"line":443,"column":null}},"line":443},"33":{"name":"(anonymous_33)","decl":{"start":{"line":446,"column":29},"end":{"line":446,"column":30}},"loc":{"start":{"line":446,"column":36},"end":{"line":449,"column":null}},"line":446},"34":{"name":"(anonymous_34)","decl":{"start":{"line":459,"column":29},"end":{"line":459,"column":36}},"loc":{"start":{"line":459,"column":42},"end":{"line":499,"column":null}},"line":459},"35":{"name":"(anonymous_35)","decl":{"start":{"line":509,"column":29},"end":{"line":509,"column":35}},"loc":{"start":{"line":509,"column":35},"end":{"line":509,"column":null}},"line":509},"36":{"name":"(anonymous_36)","decl":{"start":{"line":524,"column":49},"end":{"line":524,"column":55}},"loc":{"start":{"line":524,"column":55},"end":{"line":527,"column":null}},"line":524},"37":{"name":"(anonymous_37)","decl":{"start":{"line":534,"column":53},"end":{"line":534,"column":59}},"loc":{"start":{"line":534,"column":59},"end":{"line":537,"column":null}},"line":534},"38":{"name":"(anonymous_38)","decl":{"start":{"line":556,"column":30},"end":{"line":556,"column":37}},"loc":{"start":{"line":556,"column":37},"end":{"line":563,"column":8}},"line":556},"39":{"name":"(anonymous_39)","decl":{"start":{"line":560,"column":19},"end":{"line":560,"column":20}},"loc":{"start":{"line":560,"column":29},"end":{"line":560,"column":null}},"line":560},"40":{"name":"(anonymous_40)","decl":{"start":{"line":562,"column":20},"end":{"line":562,"column":21}},"loc":{"start":{"line":562,"column":30},"end":{"line":562,"column":null}},"line":562},"41":{"name":"(anonymous_41)","decl":{"start":{"line":565,"column":32},"end":{"line":565,"column":38}},"loc":{"start":{"line":565,"column":38},"end":{"line":917,"column":7}},"line":565},"42":{"name":"(anonymous_42)","decl":{"start":{"line":571,"column":27},"end":{"line":571,"column":28}},"loc":{"start":{"line":571,"column":37},"end":{"line":571,"column":null}},"line":571},"43":{"name":"(anonymous_43)","decl":{"start":{"line":573,"column":28},"end":{"line":573,"column":29}},"loc":{"start":{"line":574,"column":20},"end":{"line":586,"column":null}},"line":574},"44":{"name":"(anonymous_44)","decl":{"start":{"line":593,"column":27},"end":{"line":593,"column":28}},"loc":{"start":{"line":593,"column":37},"end":{"line":593,"column":null}},"line":593},"45":{"name":"(anonymous_45)","decl":{"start":{"line":595,"column":28},"end":{"line":595,"column":29}},"loc":{"start":{"line":596,"column":20},"end":{"line":598,"column":null}},"line":596},"46":{"name":"(anonymous_46)","decl":{"start":{"line":611,"column":35},"end":{"line":611,"column":36}},"loc":{"start":{"line":611,"column":45},"end":{"line":611,"column":null}},"line":611},"47":{"name":"(anonymous_47)","decl":{"start":{"line":613,"column":36},"end":{"line":613,"column":37}},"loc":{"start":{"line":614,"column":28},"end":{"line":614,"column":null}},"line":614},"48":{"name":"(anonymous_48)","decl":{"start":{"line":621,"column":35},"end":{"line":621,"column":36}},"loc":{"start":{"line":621,"column":45},"end":{"line":621,"column":null}},"line":621},"49":{"name":"(anonymous_49)","decl":{"start":{"line":623,"column":36},"end":{"line":623,"column":37}},"loc":{"start":{"line":624,"column":28},"end":{"line":624,"column":null}},"line":624},"50":{"name":"(anonymous_50)","decl":{"start":{"line":631,"column":35},"end":{"line":631,"column":36}},"loc":{"start":{"line":631,"column":45},"end":{"line":631,"column":null}},"line":631},"51":{"name":"(anonymous_51)","decl":{"start":{"line":633,"column":36},"end":{"line":633,"column":37}},"loc":{"start":{"line":634,"column":28},"end":{"line":634,"column":null}},"line":634},"52":{"name":"(anonymous_52)","decl":{"start":{"line":641,"column":35},"end":{"line":641,"column":36}},"loc":{"start":{"line":641,"column":45},"end":{"line":641,"column":null}},"line":641},"53":{"name":"(anonymous_53)","decl":{"start":{"line":643,"column":36},"end":{"line":643,"column":37}},"loc":{"start":{"line":644,"column":28},"end":{"line":644,"column":null}},"line":644},"54":{"name":"(anonymous_54)","decl":{"start":{"line":655,"column":35},"end":{"line":655,"column":36}},"loc":{"start":{"line":655,"column":45},"end":{"line":655,"column":null}},"line":655},"55":{"name":"(anonymous_55)","decl":{"start":{"line":657,"column":36},"end":{"line":657,"column":37}},"loc":{"start":{"line":658,"column":28},"end":{"line":658,"column":null}},"line":658},"56":{"name":"(anonymous_56)","decl":{"start":{"line":666,"column":36},"end":{"line":666,"column":37}},"loc":{"start":{"line":667,"column":28},"end":{"line":675,"column":null}},"line":667},"57":{"name":"(anonymous_57)","decl":{"start":{"line":683,"column":36},"end":{"line":683,"column":37}},"loc":{"start":{"line":684,"column":28},"end":{"line":692,"column":null}},"line":684},"58":{"name":"(anonymous_58)","decl":{"start":{"line":703,"column":35},"end":{"line":703,"column":36}},"loc":{"start":{"line":703,"column":45},"end":{"line":703,"column":null}},"line":703},"59":{"name":"(anonymous_59)","decl":{"start":{"line":705,"column":36},"end":{"line":705,"column":37}},"loc":{"start":{"line":706,"column":28},"end":{"line":706,"column":null}},"line":706},"60":{"name":"(anonymous_60)","decl":{"start":{"line":713,"column":35},"end":{"line":713,"column":36}},"loc":{"start":{"line":713,"column":45},"end":{"line":713,"column":null}},"line":713},"61":{"name":"(anonymous_61)","decl":{"start":{"line":715,"column":36},"end":{"line":715,"column":37}},"loc":{"start":{"line":716,"column":28},"end":{"line":716,"column":null}},"line":716},"62":{"name":"(anonymous_62)","decl":{"start":{"line":727,"column":35},"end":{"line":727,"column":36}},"loc":{"start":{"line":727,"column":45},"end":{"line":727,"column":null}},"line":727},"63":{"name":"(anonymous_63)","decl":{"start":{"line":729,"column":36},"end":{"line":729,"column":37}},"loc":{"start":{"line":730,"column":28},"end":{"line":730,"column":null}},"line":730},"64":{"name":"(anonymous_64)","decl":{"start":{"line":737,"column":35},"end":{"line":737,"column":36}},"loc":{"start":{"line":737,"column":45},"end":{"line":737,"column":null}},"line":737},"65":{"name":"(anonymous_65)","decl":{"start":{"line":739,"column":36},"end":{"line":739,"column":37}},"loc":{"start":{"line":740,"column":28},"end":{"line":740,"column":null}},"line":740},"66":{"name":"(anonymous_66)","decl":{"start":{"line":751,"column":35},"end":{"line":751,"column":36}},"loc":{"start":{"line":751,"column":45},"end":{"line":751,"column":null}},"line":751},"67":{"name":"(anonymous_67)","decl":{"start":{"line":753,"column":36},"end":{"line":753,"column":37}},"loc":{"start":{"line":754,"column":28},"end":{"line":754,"column":null}},"line":754},"68":{"name":"(anonymous_68)","decl":{"start":{"line":761,"column":35},"end":{"line":761,"column":36}},"loc":{"start":{"line":761,"column":46},"end":{"line":761,"column":null}},"line":761},"69":{"name":"(anonymous_69)","decl":{"start":{"line":763,"column":36},"end":{"line":763,"column":37}},"loc":{"start":{"line":763,"column":46},"end":{"line":770,"column":null}},"line":763},"70":{"name":"(anonymous_70)","decl":{"start":{"line":780,"column":35},"end":{"line":780,"column":36}},"loc":{"start":{"line":780,"column":46},"end":{"line":780,"column":null}},"line":780},"71":{"name":"(anonymous_71)","decl":{"start":{"line":782,"column":36},"end":{"line":782,"column":37}},"loc":{"start":{"line":783,"column":28},"end":{"line":809,"column":null}},"line":783},"72":{"name":"(anonymous_72)","decl":{"start":{"line":785,"column":59},"end":{"line":785,"column":60}},"loc":{"start":{"line":785,"column":74},"end":{"line":807,"column":37}},"line":785},"73":{"name":"(anonymous_73)","decl":{"start":{"line":787,"column":100},"end":{"line":787,"column":105}},"loc":{"start":{"line":787,"column":105},"end":{"line":787,"column":138}},"line":787},"74":{"name":"(anonymous_74)","decl":{"start":{"line":796,"column":65},"end":{"line":796,"column":66}},"loc":{"start":{"line":796,"column":72},"end":{"line":796,"column":null}},"line":796},"75":{"name":"(anonymous_75)","decl":{"start":{"line":820,"column":35},"end":{"line":820,"column":36}},"loc":{"start":{"line":820,"column":45},"end":{"line":820,"column":null}},"line":820},"76":{"name":"(anonymous_76)","decl":{"start":{"line":822,"column":36},"end":{"line":822,"column":37}},"loc":{"start":{"line":823,"column":28},"end":{"line":825,"column":null}},"line":823},"77":{"name":"(anonymous_77)","decl":{"start":{"line":836,"column":35},"end":{"line":836,"column":36}},"loc":{"start":{"line":836,"column":45},"end":{"line":836,"column":null}},"line":836},"78":{"name":"(anonymous_78)","decl":{"start":{"line":838,"column":36},"end":{"line":838,"column":37}},"loc":{"start":{"line":839,"column":28},"end":{"line":841,"column":null}},"line":839},"79":{"name":"(anonymous_79)","decl":{"start":{"line":848,"column":35},"end":{"line":848,"column":36}},"loc":{"start":{"line":848,"column":45},"end":{"line":848,"column":null}},"line":848},"80":{"name":"(anonymous_80)","decl":{"start":{"line":850,"column":36},"end":{"line":850,"column":37}},"loc":{"start":{"line":851,"column":28},"end":{"line":853,"column":null}},"line":851},"81":{"name":"(anonymous_81)","decl":{"start":{"line":864,"column":35},"end":{"line":864,"column":36}},"loc":{"start":{"line":864,"column":45},"end":{"line":864,"column":null}},"line":864},"82":{"name":"(anonymous_82)","decl":{"start":{"line":866,"column":36},"end":{"line":866,"column":37}},"loc":{"start":{"line":867,"column":28},"end":{"line":867,"column":null}},"line":867},"83":{"name":"(anonymous_83)","decl":{"start":{"line":874,"column":35},"end":{"line":874,"column":36}},"loc":{"start":{"line":874,"column":45},"end":{"line":874,"column":null}},"line":874},"84":{"name":"(anonymous_84)","decl":{"start":{"line":876,"column":36},"end":{"line":876,"column":37}},"loc":{"start":{"line":877,"column":28},"end":{"line":879,"column":null}},"line":877},"85":{"name":"(anonymous_85)","decl":{"start":{"line":890,"column":35},"end":{"line":890,"column":36}},"loc":{"start":{"line":890,"column":45},"end":{"line":890,"column":null}},"line":890},"86":{"name":"(anonymous_86)","decl":{"start":{"line":892,"column":36},"end":{"line":892,"column":37}},"loc":{"start":{"line":893,"column":28},"end":{"line":895,"column":null}},"line":893},"87":{"name":"(anonymous_87)","decl":{"start":{"line":902,"column":35},"end":{"line":902,"column":36}},"loc":{"start":{"line":902,"column":45},"end":{"line":902,"column":null}},"line":902},"88":{"name":"(anonymous_88)","decl":{"start":{"line":904,"column":36},"end":{"line":904,"column":37}},"loc":{"start":{"line":905,"column":28},"end":{"line":907,"column":null}},"line":905},"89":{"name":"(anonymous_89)","decl":{"start":{"line":920,"column":8},"end":{"line":920,"column":14}},"loc":{"start":{"line":920,"column":14},"end":{"line":920,"column":null}},"line":920},"90":{"name":"(anonymous_90)","decl":{"start":{"line":920,"column":33},"end":{"line":920,"column":34}},"loc":{"start":{"line":920,"column":42},"end":{"line":920,"column":70}},"line":920},"91":{"name":"(anonymous_91)","decl":{"start":{"line":947,"column":8},"end":{"line":947,"column":14}},"loc":{"start":{"line":947,"column":14},"end":{"line":947,"column":null}},"line":947},"92":{"name":"(anonymous_92)","decl":{"start":{"line":947,"column":33},"end":{"line":947,"column":34}},"loc":{"start":{"line":947,"column":42},"end":{"line":947,"column":77}},"line":947},"93":{"name":"(anonymous_93)","decl":{"start":{"line":951,"column":14},"end":{"line":951,"column":20}},"loc":{"start":{"line":951,"column":20},"end":{"line":958,"column":7}},"line":951},"94":{"name":"(anonymous_94)","decl":{"start":{"line":953,"column":53},"end":{"line":953,"column":54}},"loc":{"start":{"line":953,"column":62},"end":{"line":953,"column":68}},"line":953},"95":{"name":"(anonymous_95)","decl":{"start":{"line":960,"column":36},"end":{"line":960,"column":42}},"loc":{"start":{"line":960,"column":42},"end":{"line":972,"column":7}},"line":960},"96":{"name":"(anonymous_96)","decl":{"start":{"line":962,"column":50},"end":{"line":962,"column":51}},"loc":{"start":{"line":962,"column":59},"end":{"line":962,"column":79}},"line":962},"97":{"name":"(anonymous_97)","decl":{"start":{"line":964,"column":43},"end":{"line":964,"column":44}},"loc":{"start":{"line":964,"column":53},"end":{"line":971,"column":9}},"line":964},"98":{"name":"(anonymous_98)","decl":{"start":{"line":977,"column":8},"end":{"line":977,"column":14}},"loc":{"start":{"line":977,"column":14},"end":{"line":980,"column":null}},"line":977},"99":{"name":"(anonymous_99)","decl":{"start":{"line":985,"column":8},"end":{"line":985,"column":14}},"loc":{"start":{"line":985,"column":14},"end":{"line":985,"column":null}},"line":985},"100":{"name":"(anonymous_100)","decl":{"start":{"line":985,"column":26},"end":{"line":985,"column":27}},"loc":{"start":{"line":985,"column":35},"end":{"line":985,"column":68}},"line":985},"101":{"name":"(anonymous_101)","decl":{"start":{"line":989,"column":32},"end":{"line":989,"column":33}},"loc":{"start":{"line":989,"column":40},"end":{"line":992,"column":null}},"line":989},"102":{"name":"(anonymous_102)","decl":{"start":{"line":1009,"column":37},"end":{"line":1009,"column":43}},"loc":{"start":{"line":1009,"column":43},"end":{"line":1009,"column":null}},"line":1009},"103":{"name":"(anonymous_103)","decl":{"start":{"line":1040,"column":42},"end":{"line":1040,"column":43}},"loc":{"start":{"line":1040,"column":49},"end":{"line":1040,"column":null}},"line":1040},"104":{"name":"(anonymous_104)","decl":{"start":{"line":1041,"column":41},"end":{"line":1041,"column":47}},"loc":{"start":{"line":1041,"column":47},"end":{"line":1041,"column":null}},"line":1041},"105":{"name":"(anonymous_105)","decl":{"start":{"line":1042,"column":40},"end":{"line":1042,"column":46}},"loc":{"start":{"line":1042,"column":46},"end":{"line":1042,"column":null}},"line":1042},"106":{"name":"(anonymous_106)","decl":{"start":{"line":1052,"column":37},"end":{"line":1052,"column":43}},"loc":{"start":{"line":1052,"column":43},"end":{"line":1052,"column":null}},"line":1052},"107":{"name":"(anonymous_107)","decl":{"start":{"line":1083,"column":38},"end":{"line":1083,"column":39}},"loc":{"start":{"line":1083,"column":45},"end":{"line":1083,"column":null}},"line":1083},"108":{"name":"(anonymous_108)","decl":{"start":{"line":1084,"column":37},"end":{"line":1084,"column":43}},"loc":{"start":{"line":1084,"column":43},"end":{"line":1084,"column":null}},"line":1084},"109":{"name":"(anonymous_109)","decl":{"start":{"line":1085,"column":36},"end":{"line":1085,"column":42}},"loc":{"start":{"line":1085,"column":42},"end":{"line":1085,"column":null}},"line":1085},"110":{"name":"(anonymous_110)","decl":{"start":{"line":1090,"column":41},"end":{"line":1090,"column":47}},"loc":{"start":{"line":1090,"column":47},"end":{"line":1090,"column":null}},"line":1090},"111":{"name":"(anonymous_111)","decl":{"start":{"line":1105,"column":37},"end":{"line":1105,"column":43}},"loc":{"start":{"line":1105,"column":43},"end":{"line":1105,"column":null}},"line":1105},"112":{"name":"(anonymous_112)","decl":{"start":{"line":1117,"column":80},"end":{"line":1117,"column":81}},"loc":{"start":{"line":1118,"column":40},"end":{"line":1126,"column":null}},"line":1118},"113":{"name":"(anonymous_113)","decl":{"start":{"line":1122,"column":58},"end":{"line":1122,"column":64}},"loc":{"start":{"line":1122,"column":64},"end":{"line":1122,"column":null}},"line":1122},"114":{"name":"(anonymous_114)","decl":{"start":{"line":1141,"column":33},"end":{"line":1141,"column":39}},"loc":{"start":{"line":1141,"column":39},"end":{"line":1141,"column":null}},"line":1141},"115":{"name":"(anonymous_115)","decl":{"start":{"line":1155,"column":29},"end":{"line":1155,"column":30}},"loc":{"start":{"line":1155,"column":41},"end":{"line":1197,"column":17}},"line":1155},"116":{"name":"(anonymous_116)","decl":{"start":{"line":1166,"column":41},"end":{"line":1166,"column":47}},"loc":{"start":{"line":1166,"column":47},"end":{"line":1168,"column":null}},"line":1166},"117":{"name":"(anonymous_117)","decl":{"start":{"line":1169,"column":40},"end":{"line":1169,"column":41}},"loc":{"start":{"line":1169,"column":47},"end":{"line":1173,"column":null}},"line":1169},"118":{"name":"(anonymous_118)","decl":{"start":{"line":1174,"column":36},"end":{"line":1174,"column":37}},"loc":{"start":{"line":1174,"column":43},"end":{"line":1180,"column":null}},"line":1174},"119":{"name":"(anonymous_119)","decl":{"start":{"line":1181,"column":39},"end":{"line":1181,"column":45}},"loc":{"start":{"line":1181,"column":45},"end":{"line":1181,"column":null}},"line":1181},"120":{"name":"(anonymous_120)","decl":{"start":{"line":1187,"column":45},"end":{"line":1187,"column":51}},"loc":{"start":{"line":1187,"column":51},"end":{"line":1187,"column":null}},"line":1187},"121":{"name":"(anonymous_121)","decl":{"start":{"line":1202,"column":38},"end":{"line":1202,"column":39}},"loc":{"start":{"line":1202,"column":47},"end":{"line":1244,"column":17}},"line":1202},"122":{"name":"(anonymous_122)","decl":{"start":{"line":1207,"column":41},"end":{"line":1207,"column":47}},"loc":{"start
[...]
},"end":{"line":44,"column":27}},"type":"binary-expr","locations":[{"start":{"line":44,"column":8},"end":{"line":44,"column":13}},{"start":{"line":44,"column":17},"end":{"line":44,"column":27}}],"line":44},"7":{"loc":{"start":{"line":45,"column":4},"end":{"line":45,"column":null}},"type":"if","locations":[{"start":{"line":45,"column":4},"end":{"line":45,"column":null}},{"start":{},"end":{}}],"line":45},"8":{"loc":{"start":{"line":46,"column":4},"end":{"line":46,"column":null}},"type":"if","locations":[{"start":{"line":46,"column":4},"end":{"line":46,"column":null}},{"start":{},"end":{}}],"line":46},"9":{"loc":{"start":{"line":58,"column":4},"end":{"line":58,"column":null}},"type":"if","locations":[{"start":{"line":58,"column":4},"end":{"line":58,"column":null}},{"start":{},"end":{}}],"line":58},"10":{"loc":{"start":{"line":58,"column":8},"end":{"line":58,"column":27}},"type":"binary-expr","locations":[{"start":{"line":58,"column":8},"end":{"line":58,"column":13}},{"start":{"line":58,"column":17},"end":{"line":58,"column":27}}],"line":58},"11":{"loc":{"start":{"line":59,"column":4},"end":{"line":59,"column":null}},"type":"if","locations":[{"start":{"line":59,"column":4},"end":{"line":59,"column":null}},{"start":{},"end":{}}],"line":59},"12":{"loc":{"start":{"line":60,"column":4},"end":{"line":60,"column":null}},"type":"if","locations":[{"start":{"line":60,"column":4},"end":{"line":60,"column":null}},{"start":{},"end":{}}],"line":60},"13":{"loc":{"start":{"line":62,"column":11},"end":{"line":62,"column":57}},"type":"binary-expr","locations":[{"start":{"line":62,"column":11},"end":{"line":62,"column":32}},{"start":{"line":62,"column":36},"end":{"line":62,"column":57}}],"line":62},"14":{"loc":{"start":{"line":72,"column":4},"end":{"line":72,"column":null}},"type":"if","locations":[{"start":{"line":72,"column":4},"end":{"line":72,"column":null}},{"start":{},"end":{}}],"line":72},"15":{"loc":{"start":{"line":72,"column":8},"end":{"line":72,"column":27}},"type":"binary-expr","locations":[{"start":{"line":72,"column":8},"end":{"line":72,"column":13}},{"start":{"line":72,"column":17},"end":{"line":72,"column":27}}],"line":72},"16":{"loc":{"start":{"line":73,"column":4},"end":{"line":73,"column":null}},"type":"if","locations":[{"start":{"line":73,"column":4},"end":{"line":73,"column":null}},{"start":{},"end":{}}],"line":73},"17":{"loc":{"start":{"line":84,"column":4},"end":{"line":84,"column":null}},"type":"if","locations":[{"start":{"line":84,"column":4},"end":{"line":84,"column":null}},{"start":{},"end":{}}],"line":84},"18":{"loc":{"start":{"line":84,"column":8},"end":{"line":84,"column":27}},"type":"binary-expr","locations":[{"start":{"line":84,"column":8},"end":{"line":84,"column":13}},{"start":{"line":84,"column":17},"end":{"line":84,"column":27}}],"line":84},"19":{"loc":{"start":{"line":85,"column":4},"end":{"line":85,"column":null}},"type":"if","locations":[{"start":{"line":85,"column":4},"end":{"line":85,"column":null}},{"start":{},"end":{}}],"line":85}},"s":{"0":1,"1":3,"2":0,"3":3,"4":1,"5":0,"6":0,"7":0,"8":1,"9":0,"10":0,"11":0,"12":1,"13":1,"14":0,"15":1,"16":0,"17":1,"18":0,"19":1,"20":1,"21":1,"22":0,"23":0,"24":0,"25":0,"26":0,"27":0,"28":0,"29":0,"30":1,"31":1,"32":0,"33":1,"34":0,"35":1,"36":1,"37":0,"38":0,"39":0,"40":0,"41":0},"f":{"0":3,"1":0,"2":0,"3":1,"4":0,"5":1,"6":0},"b":{"0":[0,3],"1":[0,0],"2":[0,0],"3":[0,0],"4":[0,0],"5":[0,1],"6":[1,1],"7":[0,1],"8":[0,1],"9":[0,0],"10":[0,0],"11":[0,0],"12":[0,0],"13":[0,0],"14":[0,1],"15":[1,1],"16":[0,1],"17":[0,0],"18":[0,0],"19":[0,0]},"meta":{"lastBranch":20,"lastFunction":7,"lastStatement":42,"seen":{"s:10:23:13:1":0,"f:10:23:10:24":0,"b:11:4:11:Infinity:undefined:undefined:undefined:undefined":0,"s:11:4:11:Infinity":1,"s:11:15:11:Infinity":2,"s:12:4:12:Infinity":3,"s:20:27:23:1":4,"f:20:27:20:28":1,"b:21:4:21:Infinity:undefined:undefined:undefined:undefined":1,"s:21:4:21:Infinity":5,"s:21:15:21:Infinity":6,"s:22:4:22:Infinity":7,"b:22:11:22:32:22:36:22:55":2,"s:30:27:35:1":8,"f:30:27:30:28":2,"b:31:4:31:Infinity:undefined:undefined:undefined:undefined":3,"s:31:4:31:Infinity":9,"s:31:15:31:Infinity":10,"s:34:4:34:Infinity":11,"b:34:11:34:32:34:36:34:55":4,"s:43:33:49:1":12,"f:43:33:43:34":3,"b:44:4:44:Infinity:undefined:undefined:undefined:undefined":5,"s:44:4:44:Infinity":13,"b:44:8:44:13:44:17:44:27":6,"s:44:29:44:Infinity":14,"b:45:4:45:Infinity:undefined:undefined:undefined:undefined":7,"s:45:4:45:Infinity":15,"s:45:23:45:Infinity":16,"b:46:4:46:Infinity:undefined:undefined:undefined:undefined":8,"s:46:4:46:Infinity":17,"s:46:27:46:Infinity":18,"s:47:23:47:50":19,"s:48:4:48:Infinity":20,"s:57:33:63:1":21,"f:57:33:57:34":4,"b:58:4:58:Infinity:undefined:undefined:undefined:undefined":9,"s:58:4:58:Infinity":22,"b:58:8:58:13:58:17:58:27":10,"s:58:29:58:Infinity":23,"b:59:4:59:Infinity:undefined:undefined:undefined:undefined":11,"s:59:4:59:Infinity":24,"s:59:23:59:Infinity":25,"b:60:4:60:Infinity:undefined:undefined:undefined:undefined":12,"s:60:4:60:Infinity":26,"s:60:27:60:Infinity":27,"s:61:23:61:50":28,"s:62:4:62:Infinity":29,"b:62:11:62:32:62:36:62:57":13,"s:71:23:75:1":30,"f:71:23:71:24":5,"b:72:4:72:Infinity:undefined:undefined:undefined:undefined":14,"s:72:4:72:Infinity":31,"b:72:8:72:13:72:17:72:27":15,"s:72:29:72:Infinity":32,"b:73:4:73:Infinity:undefined:undefined:undefined:undefined":16,"s:73:4:73:Infinity":33,"s:73:23:73:Infinity":34,"s:74:4:74:Infinity":35,"s:83:23:87:1":36,"f:83:23:83:24":6,"b:84:4:84:Infinity:undefined:undefined:undefined:undefined":17,"s:84:4:84:Infinity":37,"b:84:8:84:13:84:17:84:27":18,"s:84:29:84:Infinity":38,"b:85:4:85:Infinity:undefined:undefined:undefined:undefined":19,"s:85:4:85:Infinity":39,"s:85:23:85:Infinity":40,"s:86:4:86:Infinity":41}}}
,"/config/workspace/DKonsole/frontend/src/utils/resourceParser.js": {"path":"/config/workspace/DKonsole/frontend/src/utils/resourceParser.js","statementMap":{"0":{"start":{"line":2,"column":24},"end":{"line":8,"column":1}},"1":{"start":{"line":3,"column":4},"end":{"line":3,"column":null}},"2":{"start":{"line":3,"column":16},"end":{"line":3,"column":null}},"3":{"start":{"line":4,"column":4},"end":{"line":6,"column":null}},"4":{"start":{"line":5,"column":8},"end":{"line":5,"column":null}},"5":{"start":{"line":7,"column":4},"end":{"line":7,"column":null}},"6":{"start":{"line":10,"column":27},"end":{"line":25,"column":1}},"7":{"start":{"line":11,"column":4},"end":{"line":11,"column":null}},"8":{"start":{"line":11,"column":16},"end":{"line":11,"column":null}},"9":{"start":{"line":12,"column":18},"end":{"line":17,"column":5}},"10":{"start":{"line":19,"column":4},"end":{"line":23,"column":null}},"11":{"start":{"line":20,"column":8},"end":{"line":22,"column":null}},"12":{"start":{"line":21,"column":12},"end":{"line":21,"column":null}},"13":{"start":{"line":24,"column":4},"end":{"line":24,"column":31}},"14":{"start":{"line":27,"column":35},"end":{"line":48,"column":1}},"15":{"start":{"line":28,"column":4},"end":{"line":28,"column":null}},"16":{"start":{"line":28,"column":24},"end":{"line":28,"column":null}},"17":{"start":{"line":31,"column":18},"end":{"line":31,"column":52}},"18":{"start":{"line":32,"column":21},"end":{"line":32,"column":73}},"19":{"start":{"line":32,"column":56},"end":{"line":32,"column":72}},"20":{"start":{"line":34,"column":18},"end":{"line":34,"column":19}},"21":{"start":{"line":35,"column":18},"end":{"line":35,"column":19}},"22":{"start":{"line":37,"column":4},"end":{"line":44,"column":null}},"23":{"start":{"line":38,"column":8},"end":{"line":38,"column":null}},"24":{"start":{"line":39,"column":8},"end":{"line":39,"column":null}},"25":{"start":{"line":42,"column":8},"end":{"line":42,"column":null}},"26":{"start":{"line":43,"column":8},"end":{"line":43,"column":null}},"27":{"start":{"line":46,"column":4},"end":{"line":46,"column":null}},"28":{"start":{"line":46,"column":23},"end":{"line":46,"column":null}},"29":{"start":{"line":47,"column":4},"end":{"line":47,"column":null}},"30":{"start":{"line":50,"column":35},"end":{"line":53,"column":1}},"31":{"start":{"line":51,"column":4},"end":{"line":51,"column":null}},"32":{"start":{"line":51,"column":16},"end":{"line":51,"column":null}},"33":{"start":{"line":52,"column":4},"end":{"line":52,"column":null}}},"fnMap":{"0":{"name":"(anonymous_0)","decl":{"start":{"line":2,"column":24},"end":{"line":2,"column":25}},"loc":{"start":{"line":2,"column":35},"end":{"line":8,"column":1}},"line":2},"1":{"name":"(anonymous_1)","decl":{"start":{"line":10,"column":27},"end":{"line":10,"column":28}},"loc":{"start":{"line":10,"column":38},"end":{"line":25,"column":1}},"line":10},"2":{"name":"(anonymous_2)","decl":{"start":{"line":27,"column":35},"end":{"line":27,"column":36}},"loc":{"start":{"line":27,"column":51},"end":{"line":48,"column":1}},"line":27},"3":{"name":"(anonymous_3)","decl":{"start":{"line":32,"column":51},"end":{"line":32,"column":52}},"loc":{"start":{"line":32,"column":56},"end":{"line":32,"column":72}},"line":32},"4":{"name":"(anonymous_4)","decl":{"start":{"line":50,"column":35},"end":{"line":50,"column":36}},"loc":{"start":{"line":50,"column":46},"end":{"line":53,"column":1}},"line":50}},"branchMap":{"0":{"loc":{"start":{"line":3,"column":4},"end":{"line":3,"column":null}},"type":"if","locations":[{"start":{"line":3,"column":4},"end":{"line":3,"column":null}},{"start":{},"end":{}}],"line":3},"1":{"loc":{"start":{"line":4,"column":4},"end":{"line":6,"column":null}},"type":"if","locations":[{"start":{"line":4,"column":4},"end":{"line":6,"column":null}},{"start":{},"end":{}}],"line":4},"2":{"loc":{"start":{"line":11,"column":4},"end":{"line":11,"column":null}},"type":"if","locations":[{"start":{"line":11,"column":4},"end":{"line":11,"column":null}},{"start":{},"end":{}}],"line":11},"3":{"loc":{"start":{"line":20,"column":8},"end":{"line":22,"column":null}},"type":"if","locations":[{"start":{"line":20,"column":8},"end":{"line":22,"column":null}},{"start":{},"end":{}}],"line":20},"4":{"loc":{"start":{"line":28,"column":4},"end":{"line":28,"column":null}},"type":"if","locations":[{"start":{"line":28,"column":4},"end":{"line":28,"column":null}},{"start":{},"end":{}}],"line":28},"5":{"loc":{"start":{"line":28,"column":8},"end":{"line":28,"column":22}},"type":"binary-expr","locations":[{"start":{"line":28,"column":8},"end":{"line":28,"column":13}},{"start":{"line":28,"column":17},"end":{"line":28,"column":22}}],"line":28},"6":{"loc":{"start":{"line":31,"column":18},"end":{"line":31,"column":52}},"type":"binary-expr","locations":[{"start":{"line":31,"column":18},"end":{"line":31,"column":36}},{"start":{"line":31,"column":40},"end":{"line":31,"column":52}}],"line":31},"7":{"loc":{"start":{"line":37,"column":4},"end":{"line":44,"column":null}},"type":"if","locations":[{"start":{"line":37,"column":4},"end":{"line":44,"column":null}},{"start":{"line":40,"column":11},"end":{"line":44,"column":null}}],"line":37},"8":{"loc":{"start":{"line":46,"column":4},"end":{"line":46,"column":null}},"type":"if","locations":[{"start":{"line":46,"column":4},"end":{"line":46,"column":null}},{"start":{},"end":{}}],"line":46},"9":{"loc":{"start":{"line":51,"column":4},"end":{"line":51,"column":null}},"type":"if","locations":[{"start":{"line":51,"column":4},"end":{"line":51,"column":null}},{"start":{},"end":{}}],"line":51}},"s":{"0":1,"1":19,"2":3,"3":16,"4":12,"5":4,"6":1,"7":20,"8":3,"9":17,"10":17,"11":40,"12":15,"13":2,"14":1,"15":12,"16":3,"17":9,"18":12,"19":28,"20":12,"21":12,"22":12,"23":4,"24":4,"25":5,"26":5,"27":9,"28":1,"29":8,"30":1,"31":6,"32":3,"33":3},"f":{"0":19,"1":20,"2":12,"3":28,"4":6},"b":{"0":[3,16],"1":[12,4],"2":[3,17],"3":[15,25],"4":[3,9],"5":[12,10],"6":[9,5],"7":[4,5],"8":[1,8],"9":[3,3]},"meta":{"lastBranch":10,"lastFunction":5,"lastStatement":34,"seen":{"s:2:24:8:1":0,"f:2:24:2:25":0,"b:3:4:3:Infinity:undefined:undefined:undefined:undefined":0,"s:3:4:3:Infinity":1,"s:3:16:3:Infinity":2,"b:4:4:6:Infinity:undefined:undefined:undefined:undefined":1,"s:4:4:6:Infinity":3,"s:5:8:5:Infinity":4,"s:7:4:7:Infinity":5,"s:10:27:25:1":6,"f:10:27:10:28":1,"b:11:4:11:Infinity:undefined:undefined:undefined:undefined":2,"s:11:4:11:Infinity":7,"s:11:16:11:Infinity":8,"s:12:18:17:5":9,"s:19:4:23:Infinity":10,"b:20:8:22:Infinity:undefined:undefined:undefined:undefined":3,"s:20:8:22:Infinity":11,"s:21:12:21:Infinity":12,"s:24:4:24:31":13,"s:27:35:48:1":14,"f:27:35:27:36":2,"b:28:4:28:Infinity:undefined:undefined:undefined:undefined":4,"s:28:4:28:Infinity":15,"b:28:8:28:13:28:17:28:22":5,"s:28:24:28:Infinity":16,"s:31:18:31:52":17,"b:31:18:31:36:31:40:31:52":6,"s:32:21:32:73":18,"f:32:51:32:52":3,"s:32:56:32:72":19,"s:34:18:34:19":20,"s:35:18:35:19":21,"b:37:4:44:Infinity:40:11:44:Infinity":7,"s:37:4:44:Infinity":22,"s:38:8:38:Infinity":23,"s:39:8:39:Infinity":24,"s:42:8:42:Infinity":25,"s:43:8:43:Infinity":26,"b:46:4:46:Infinity:undefined:undefined:undefined:undefined":8,"s:46:4:46:Infinity":27,"s:46:23:46:Infinity":28,"s:47:4:47:Infinity":29,"s:50:35:53:1":30,"f:50:35:50:36":4,"b:51:4:51:Infinity:undefined:undefined:undefined:undefined":9,"s:51:4:51:Infinity":31,"s:51:16:51:Infinity":32,"s:52:4:52:Infinity":33}}}
,"/config/workspace/DKonsole/frontend/src/utils/statusBadge.js": {"path":"/config/workspace/DKonsole/frontend/src/utils/statusBadge.js","statementMap":{"0":{"start":{"line":3,"column":35},"end":{"line":46,"column":1}},"1":{"start":{"line":4,"column":4},"end":{"line":4,"column":78}},"2":{"start":{"line":4,"column":17},"end":{"line":4,"column":78}},"3":{"start":{"line":6,"column":24},"end":{"line":6,"column":44}},"4":{"start":{"line":9,"column":4},"end":{"line":13,"column":null}},"5":{"start":{"line":12,"column":8},"end":{"line":12,"column":null}},"6":{"start":{"line":16,"column":4},"end":{"line":24,"column":null}},"7":{"start":{"line":23,"column":8},"end":{"line":23,"column":null}},"8":{"start":{"line":27,"column":4},"end":{"line":33,"column":null}},"9":{"start":{"line":32,"column":8},"end":{"line":32,"column":null}},"10":{"start":{"line":36,"column":4},"end":{"line":42,"column":null}},"11":{"start":{"line":41,"column":8},"end":{"line":41,"column":null}},"12":{"start":{"line":45,"column":4},"end":{"line":45,"column":null}}},"fnMap":{"0":{"name":"(anonymous_0)","decl":{"start":{"line":3,"column":35},"end":{"line":3,"column":36}},"loc":{"start":{"line":3,"column":47},"end":{"line":46,"column":1}},"line":3}},"branchMap":{"0":{"loc":{"start":{"line":4,"column":4},"end":{"line":4,"column":78}},"type":"if","locations":[{"start":{"line":4,"column":4},"end":{"line":4,"column":78}},{"start":{},"end":{}}],"line":4},"1":{"loc":{"start":{"line":9,"column":4},"end":{"line":13,"column":null}},"type":"if","locations":[{"start":{"line":9,"column":4},"end":{"line":13,"column":null}},{"start":{},"end":{}}],"line":9},"2":{"loc":{"start":{"line":9,"column":8},"end":{"line":11,"column":85}},"type":"binary-expr","locations":[{"start":{"line":9,"column":8},"end":{"line":9,"column":31}},{"start":{"line":9,"column":35},"end":{"line":9,"column":60}},{"start":{"line":9,"column":64},"end":{"line":9,"column":91}},{"start":{"line":10,"column":8},"end":{"line":10,"column":31}},{"start":{"line":10,"column":35},"end":{"line":10,"column":62}},{"start":{"line":10,"column":66},"end":{"line":10,"column":93}},{"start":{"line":11,"column":8},"end":{"line":11,"column":33}},{"start":{"line":11,"column":37},"end":{"line":11,"column":57}},{"start":{"line":11,"column":61},"end":{"line":11,"column":85}}],"line":9},"3":{"loc":{"start":{"line":16,"column":4},"end":{"line":24,"column":null}},"type":"if","locations":[{"start":{"line":16,"column":4},"end":{"line":24,"column":null}},{"start":{},"end":{}}],"line":16},"4":{"loc":{"start":{"line":16,"column":8},"end":{"line":22,"column":33}},"type":"binary-expr","locations":[{"start":{"line":16,"column":8},"end":{"line":16,"column":37}},{"start":{"line":16,"column":41},"end":{"line":16,"column":71}},{"start":{"line":17,"column":8},"end":{"line":17,"column":48}},{"start":{"line":17,"column":52},"end":{"line":17,"column":80}},{"start":{"line":18,"column":8},"end":{"line":18,"column":40}},{"start":{"line":18,"column":44},"end":{"line":18,"column":77}},{"start":{"line":19,"column":8},"end":{"line":19,"column":39}},{"start":{"line":19,"column":43},"end":{"line":19,"column":76}},{"start":{"line":20,"column":8},"end":{"line":20,"column":48}},{"start":{"line":20,"column":52},"end":{"line":20,"column":87}},{"start":{"line":21,"column":8},"end":{"line":21,"column":39}},{"start":{"line":21,"column":43},"end":{"line":21,"column":75}},{"start":{"line":22,"column":8},"end":{"line":22,"column":33}}],"line":16},"5":{"loc":{"start":{"line":27,"column":4},"end":{"line":33,"column":null}},"type":"if","locations":[{"start":{"line":27,"column":4},"end":{"line":33,"column":null}},{"start":{},"end":{}}],"line":27},"6":{"loc":{"start":{"line":27,"column":8},"end":{"line":31,"column":68}},"type":"binary-expr","locations":[{"start":{"line":27,"column":8},"end":{"line":27,"column":39}},{"start":{"line":27,"column":43},"end":{"line":27,"column":68}},{"start":{"line":28,"column":8},"end":{"line":28,"column":42}},{"start":{"line":28,"column":46},"end":{"line":28,"column":76}},{"start":{"line":29,"column":8},"end":{"line":29,"column":50}},{"start":{"line":29,"column":54},"end":{"line":29,"column":91}},{"start":{"line":30,"column":8},"end":{"line":30,"column":40}},{"start":{"line":30,"column":44},"end":{"line":30,"column":75}},{"start":{"line":31,"column":8},"end":{"line":31,"column":37}},{"start":{"line":31,"column":41},"end":{"line":31,"column":68}}],"line":27},"7":{"loc":{"start":{"line":36,"column":4},"end":{"line":42,"column":null}},"type":"if","locations":[{"start":{"line":36,"column":4},"end":{"line":42,"column":null}},{"start":{},"end":{}}],"line":36},"8":{"loc":{"start":{"line":36,"column":8},"end":{"line":40,"column":83}},"type":"binary-expr","locations":[{"start":{"line":36,"column":8},"end":{"line":36,"column":43}},{"start":{"line":36,"column":47},"end":{"line":36,"column":69}},{"start":{"line":37,"column":8},"end":{"line":37,"column":41}},{"start":{"line":37,"column":45},"end":{"line":37,"column":76}},{"start":{"line":38,"column":8},"end":{"line":38,"column":40}},{"start":{"line":38,"column":44},"end":{"line":38,"column":76}},{"start":{"line":39,"column":8},"end":{"line":39,"column":40}},{"start":{"line":39,"column":44},"end":{"line":39,"column":75}},{"start":{"line":40,"column":8},"end":{"line":40,"column":44}},{"start":{"line":40,"column":48},"end":{"line":40,"column":83}}],"line":36}},"s":{"0":2,"1":112,"2":2,"3":110,"4":110,"5":40,"6":70,"7":28,"8":42,"9":20,"10":22,"11":21,"12":1},"f":{"0":112},"b":{"0":[2,110],"1":[40,70],"2":[110,107,92,89,86,83,80,77,74],"3":[28,42],"4":[70,67,64,62,60,58,56,54,52,50,48,46,44],"5":[20,22],"6":[42,39,36,34,32,30,28,26,24,22],"7":[21,1],"8":[22,20,17,15,13,11,9,7,5,3]},"meta":{"lastBranch":9,"lastFunction":1,"lastStatement":13,"seen":{"s:3:35:46:1":0,"f:3:35:3:36":0,"b:4:4:4:78:undefined:undefined:undefined:undefined":0,"s:4:4:4:78":1,"s:4:17:4:78":2,"s:6:24:6:44":3,"b:9:4:13:Infinity:undefined:undefined:undefined:undefined":1,"s:9:4:13:Infinity":4,"b:9:8:9:31:9:35:9:60:9:64:9:91:10:8:10:31:10:35:10:62:10:66:10:93:11:8:11:33:11:37:11:57:11:61:11:85":2,"s:12:8:12:Infinity":5,"b:16:4:24:Infinity:undefined:undefined:undefined:undefined":3,"s:16:4:24:Infinity":6,"b:16:8:16:37:16:41:16:71:17:8:17:48:17:52:17:80:18:8:18:40:18:44:18:77:19:8:19:39:19:43:19:76:20:8:20:48:20:52:20:87:21:8:21:39:21:43:21:75:22:8:22:33":4,"s:23:8:23:Infinity":7,"b:27:4:33:Infinity:undefined:undefined:undefined:undefined":5,"s:27:4:33:Infinity":8,"b:27:8:27:39:27:43:27:68:28:8:28:42:28:46:28:76:29:8:29:50:29:54:29:91:30:8:30:40:30:44:30:75:31:8:31:37:31:41:31:68":6,"s:32:8:32:Infinity":9,"b:36:4:42:Infinity:undefined:undefined:undefined:undefined":7,"s:36:4:42:Infinity":10,"b:36:8:36:43:36:47:36:69:37:8:37:41:37:45:37:76:38:8:38:40:38:44:38:76:39:8:39:40:39:44:39:75:40:8:40:44:40:48:40:83":8,"s:41:8:41:Infinity":11,"s:45:4:45:Infinity":12}}}
}
