{"/app/postcss.config.js": {"path":"/app/postcss.config.js","all":true,"statementMap":{"0":{"start":{"line":1,"column":0},"end":{"line":1,"column":16}},"1":{"start":{"line":2,"column":0},"end":{"line":2,"column":14}},"2":{"start":{"line":3,"column":0},"end":{"line":3,"column":24}},"3":{"start":{"line":4,"column":0},"end":{"line":4,"column":25}},"4":{"start":{"line":5,"column":0},"end":{"line":5,"column":6}},"5":{"start":{"line":6,"column":0},"end":{"line":6,"column":1}}},"s":{"0":0,"1":0,"2":0,"3":0,"4":0,"5":0},"branchMap":{"0":{"type":"branch","line":1,"loc":{"start":{"line":1,"column":0},"end":{"line":6,"column":-13}},"locations":[{"start":{"line":1,"column":0},"end":{"line":6,"column":-13}}]}},"b":{"0":[0]},"fnMap":{"0":{"name":"(empty-report)","decl":{"start":{"line":1,"column":0},"end":{"line":6,"column":-13}},"loc":{"start":{"line":1,"column":0},"end":{"line":6,"column":-13}},"line":1}},"f":{"0":0}}
,"/app/tailwind.config.js": {"path":"/app/tailwind.config.js","all":true,"statementMap":{"0":{"start":{"line":1,"column":0},"end":{"line":1,"column":43}},"1":{"start":{"line":2,"column":0},"end":{"line":2,"column":16}},"2":{"start":{"line":3,"column":0},"end":{"line":3,"column":14}},"3":{"start":{"line":4,"column":0},"end":{"line":4,"column":23}},"4":{"start":{"line":5,"column":0},"end":{"line":5,"column":37}},"5":{"start":{"line":6,"column":0},"end":{"line":6,"column":6}},"6":{"start":{"line":7,"column":0},"end":{"line":7,"column":12}},"7":{"start":{"line":8,"column":0},"end":{"line":8,"column":17}},"8":{"start":{"line":9,"column":0},"end":{"line":9,"column":21}},"9":{"start":{"line":10,"column":0},"end":{"line":10,"column":23}},"10":{"start":{"line":11,"column":0},"end":{"line":11,"column":70}},"11":{"start":{"line":12,"column":0},"end":{"line":12,"column":70}},"12":{"start":{"line":13,"column":0},"end":{"line":13,"column":70}},"13":{"start":{"line":14,"column":0},"end":{"line":14,"column":70}},"14":{"start":{"line":15,"column":0},"end":{"line":15,"column":70}},"15":{"start":{"line":16,"column":0},"end":{"line":16,"column":70}},"16":{"start":{"line":17,"column":0},"end":{"line":17,"column":70}},"17":{"start":{"line":18,"column":0},"end":{"line":18,"column":70}},"18":{"start":{"line":19,"column":0},"end":{"line":19,"column":70}},"19":{"start":{"line":20,"column":0},"end":{"line":20,"column":70}},"20":{"start":{"line":21,"column":0},"end":{"line":21,"column":18}},"21":{"start":{"line":22,"column":0},"end":{"line":22,"column":23}},"22":{"start":{"line":23,"column":0},"end":{"line":23,"column":70}},"23":{"start":{"line":24,"column":0},"end":{"line":24,"column":70}},"24":{"start":{"line":25,"column":0},"end":{"line":25,"column":70}},"25":{"start":{"line":26,"column":0},"end":{"line":26,"column":70}},"26":{"start":{"line":27,"column":0},"end":{"line":27,"column":18}},"27":{"start":{"line":28,"column":0},"end":{"line":28,"column":78}},"28":{"start":{"line":29,"column":0},"end":{"line":29,"column":37}},"29":{"start":{"line":30,"column":0},"end":{"line":30,"column":34}},"30":{"start":{"line":31,"column":0},"end":{"line":31,"column":14}},"31":{"start":{"line":32,"column":0},"end":{"line":32,"column":27}},"32":{"start":{"line":33,"column":0},"end":{"line":33,"column":28}},"33":{"start":{"line":34,"column":0},"end":{"line":34,"column":41}},"34":{"start":{"line":35,"column":0},"end":{"line":35,"column":44}},"35":{"start":{"line":36,"column":0},"end":{"line":36,"column":41}},"36":{"start":{"line":37,"column":0},"end":{"line":37,"column":41}},"37":{"start":{"line":38,"column":0},"end":{"line":38,"column":33}},"38":{"start":{"line":39,"column":0},"end":{"line":39,"column":14}},"39":{"start":{"line":40,"column":0},"end":{"line":40,"column":10}},"40":{"start":{"line":41,"column":0},"end":{"line":41,"column":6}},"41":{"start":{"line":42,"column":0},"end":{"line":42,"column":16}},"42":{"start":{"line":43,"column":0},"end":{"line":43,"column":1}}},"s":{"0":0,"1":0,"2":0,"3":0,"4":0,"5":0,"6":0,"7":0,"8":0,"9":0,"10":0,"11":0,"12":0,"13":0,"14":0,"15":0,"16":0,"17":0,"18":0,"19":0,"20":0,"21":0,"22":0,"23":0,"24":0,"25":0,"26":0,"27":0,"28":0,"29":0,"30":0,"31":0,"32":0,"33":0,"34":0,"35":0,"36":0,"37":0,"38":0,"39":0,"40":0,"41":0,"42":0},"branchMap":{"0":{"type":"branch","line":1,"loc":{"start":{"line":1,"column":0},"end":{"line":43,"column":-14}},"locations":[{"start":{"line":1,"column":0},"end":{"line":43,"column":-14}}]}},"b":{"0":[0]},"fnMap":{"0":{"name":"(empty-report)","decl":{"start":{"line":1,"column":0},"end":{"line":43,"column":-14}},"loc":{"start":{"line":1,"column":0},"end":{"line":43,"column":-14}},"line":1}},"f":{"0":0}}
,"/app/src/App.jsx": {"path":"/app/src/App.jsx","all":true,"statementMap":{"0":{"start":{"line":1,"column":0},"end":{"line":1,"column":67}},"1":{"start":{"line":2,"column":0},"end":{"line":2,"column":98}},"2":{"start":{"line":3,"column":0},"end":{"line":3,"column":41}},"3":{"start":{"line":4,"column":0},"end":{"line":4,"column":63}},"4":{"start":{"line":5,"column":0},"end":{"line":5,"column":43}},"5":{"start":{"line":6,"column":0},"end":{"line":6,"column":45}},"6":{"start":{"line":7,"column":0},"end":{"line":7,"column":39}},"7":{"start":{"line":8,"column":0},"end":{"line":8,"column":45}},"8":{"start":{"line":9,"column":0},"end":{"line":9,"column":61}},"9":{"start":{"line":10,"column":0},"end":{"line":10,"column":62}},"10":{"start":{"line":11,"column":0},"end":{"line":11,"column":39}},"11":{"start":{"line":12,"column":0},"end":{"line":12,"column":39}},"12":{"start":{"line":13,"column":0},"end":{"line":13,"column":55}},"15":{"start":{"line":16,"column":0},"end":{"line":16,"column":69}},"16":{"start":{"line":17,"column":0},"end":{"line":17,"column":75}},"17":{"start":{"line":18,"column":0},"end":{"line":18,"column":69}},"18":{"start":{"line":19,"column":0},"end":{"line":19,"column":67}},"19":{"start":{"line":20,"column":0},"end":{"line":20,"column":77}},"20":{"start":{"line":21,"column":0},"end":{"line":21,"column":85}},"21":{"start":{"line":22,"column":0},"end":{"line":22,"column":77}},"23":{"start":{"line":24,"column":0},"end":{"line":24,"column":42}},"24":{"start":{"line":25,"column":0},"end":{"line":25,"column":55}},"25":{"start":{"line":26,"column":0},"end":{"line":26,"column":127}},"26":{"start":{"line":27,"column":0},"end":{"line":27,"column":55}},"27":{"start":{"line":28,"column":0},"end":{"line":28,"column":47}},"28":{"start":{"line":29,"column":0},"end":{"line":29,"column":20}},"29":{"start":{"line":30,"column":0},"end":{"line":30,"column":2}},"31":{"start":{"line":32,"column":0},"end":{"line":32,"column":28}},"32":{"start":{"line":33,"column":0},"end":{"line":33,"column":49}},"33":{"start":{"line":34,"column":0},"end":{"line":34,"column":127}},"34":{"start":{"line":35,"column":0},"end":{"line":35,"column":40}},"35":{"start":{"line":36,"column":0},"end":{"line":36,"column":21}},"36":{"start":{"line":37,"column":0},"end":{"line":37,"column":2}},"38":{"start":{"line":39,"column":0},"end":{"line":39,"column":48}},"39":{"start":{"line":40,"column":0},"end":{"line":40,"column":33}},"40":{"start":{"line":41,"column":0},"end":{"line":41,"column":16}},"41":{"start":{"line":42,"column":0},"end":{"line":42,"column":98}},"42":{"start":{"line":43,"column":0},"end":{"line":43,"column":5}},"43":{"start":{"line":44,"column":0},"end":{"line":44,"column":62}},"44":{"start":{"line":45,"column":0},"end":{"line":45,"column":2}},"46":{"start":{"line":47,"column":0},"end":{"line":47,"column":25}},"48":{"start":{"line":49,"column":0},"end":{"line":49,"column":70}},"49":{"start":{"line":50,"column":0},"end":{"line":50,"column":73}},"50":{"start":{"line":51,"column":0},"end":{"line":51,"column":34}},"51":{"start":{"line":52,"column":0},"end":{"line":52,"column":7}},"52":{"start":{"line":53,"column":0},"end":{"line":53,"column":60}},"53":{"start":{"line":54,"column":0},"end":{"line":54,"column":35}},"54":{"start":{"line":55,"column":0},"end":{"line":55,"column":31}},"57":{"start":{"line":58,"column":0},"end":{"line":58,"column":21}},"58":{"start":{"line":59,"column":0},"end":{"line":59,"column":78}},"59":{"start":{"line":60,"column":0},"end":{"line":60,"column":28}},"61":{"start":{"line":62,"column":0},"end":{"line":62,"column":63}},"63":{"start":{"line":64,"column":0},"end":{"line":64,"column":12}},"64":{"start":{"line":65,"column":0},"end":{"line":65,"column":26}},"65":{"start":{"line":66,"column":0},"end":{"line":66,"column":19}},"66":{"start":{"line":67,"column":0},"end":{"line":67,"column":31}},"67":{"start":{"line":68,"column":0},"end":{"line":68,"column":36}},"68":{"start":{"line":69,"column":0},"end":{"line":69,"column":69}},"69":{"start":{"line":70,"column":0},"end":{"line":70,"column":46}},"70":{"start":{"line":71,"column":0},"end":{"line":71,"column":60}},"71":{"start":{"line":72,"column":0},"end":{"line":72,"column":63}},"72":{"start":{"line":73,"column":0},"end":{"line":73,"column":30}},"74":{"start":{"line":75,"column":0},"end":{"line":75,"column":85}},"75":{"start":{"line":76,"column":0},"end":{"line":76,"column":39}},"76":{"start":{"line":77,"column":0},"end":{"line":77,"column":73}},"77":{"start":{"line":78,"column":0},"end":{"line":78,"column":160}},"78":{"start":{"line":79,"column":0},"end":{"line":79,"column":33}},"80":{"start":{"line":81,"column":0},"end":{"line":81,"column":41}},"82":{"start":{"line":83,"column":0},"end":{"line":83,"column":30}},"86":{"start":{"line":87,"column":0},"end":{"line":87,"column":24}},"87":{"start":{"line":88,"column":0},"end":{"line":88,"column":83}},"88":{"start":{"line":89,"column":0},"end":{"line":89,"column":52}},"89":{"start":{"line":90,"column":0},"end":{"line":90,"column":95}},"90":{"start":{"line":91,"column":0},"end":{"line":91,"column":47}},"91":{"start":{"line":92,"column":0},"end":{"line":92,"column":35}},"92":{"start":{"line":93,"column":0},"end":{"line":93,"column":24}},"93":{"start":{"line":94,"column":0},"end":{"line":94,"column":59}},"94":{"start":{"line":95,"column":0},"end":{"line":95,"column":88}},"95":{"start":{"line":96,"column":0},"end":{"line":96,"column":81}},"96":{"start":{"line":97,"column":0},"end":{"line":97,"column":35}},"97":{"start":{"line":98,"column":0},"end":{"line":98,"column":24}},"98":{"start":{"line":99,"column":0},"end":{"line":99,"column":68}},"99":{"start":{"line":100,"column":0},"end":{"line":100,"column":62}},"100":{"start":{"line":101,"column":0},"end":{"line":101,"column":56}},"101":{"start":{"line":102,"column":0},"end":{"line":102,"column":91}},"102":{"start":{"line":103,"column":0},"end":{"line":103,"column":73}},"103":{"start":{"line":104,"column":0},"end":{"line":104,"column":35}},"104":{"start":{"line":105,"column":0},"end":{"line":105,"column":24}},"105":{"start":{"line":106,"column":0},"end":{"line":106,"column":54}},"106":{"start":{"line":107,"column":0},"end":{"line":107,"column":96}},"107":{"start":{"line":108,"column":0},"end":{"line":108,"column":48}},"108":{"start":{"line":109,"column":0},"end":{"line":109,"column":35}},"109":{"start":{"line":110,"column":0},"end":{"line":110,"column":24}},"110":{"start":{"line":111,"column":0},"end":{"line":111,"column":59}},"111":{"start":{"line":112,"column":0},"end":{"line":112,"column":94}},"112":{"start":{"line":113,"column":0},"end":{"line":113,"column":82}},"113":{"start":{"line":114,"column":0},"end":{"line":114,"column":35}},"114":{"start":{"line":115,"column":0},"end":{"line":115,"column":24}},"115":{"start":{"line":116,"column":0},"end":{"line":116,"column":55}},"116":{"start":{"line":117,"column":0},"end":{"line":117,"column":90}},"117":{"start":{"line":118,"column":0},"end":{"line":118,"column":78}},"118":{"start":{"line":119,"column":0},"end":{"line":119,"column":35}},"119":{"start":{"line":120,"column":0},"end":{"line":120,"column":24}},"121":{"start":{"line":122,"column":0},"end":{"line":122,"column":83}},"122":{"start":{"line":123,"column":0},"end":{"line":123,"column":25}},"123":{"start":{"line":124,"column":0},"end":{"line":124,"column":34}},"124":{"start":{"line":125,"column":0},"end":{"line":125,"column":88}},"125":{"start":{"line":126,"column":0},"end":{"line":126,"column":79}},"126":{"start":{"line":127,"column":0},"end":{"line":127,"column":31}},"128":{"start":{"line":129,"column":0},"end":{"line":129,"column":21}},"129":{"start":{"line":130,"column":0},"end":{"line":130,"column":27}},"131":{"start":{"line":132,"column":0},"end":{"line":132,"column":2}},"133":{"start":{"line":134,"column":0},"end":{"line":134,"column":73}},"135":{"start":{"line":136,"column":0},"end":{"line":136,"column":38}},"137":{"start":{"line":138,"column":0},"end":{"line":138,"column":16}},"138":{"start":{"line":139,"column":0},"end":{"line":139,"column":12}},"139":{"start":{"line":140,"column":0},"end":{"line":140,"column":50}},"140":{"start":{"line":141,"column":0},"end":{"line":141,"column":26}},"141":{"start":{"line":142,"column":0},"end":{"line":142,"column":31}},"142":{"start":{"line":143,"column":0},"end":{"line":143,"column":28}},"143":{"start":{"line":144,"column":0},"end":{"line":144,"column":67}},"144":{"start":{"line":145,"column":0},"end":{"line":145,"column":74}},"145":{"start":{"line":146,"column":0},"end":{"line":146,"column":60}},"146":{"start":{"line":147,"column":0},"end":{"line":147,"column":44}},"147":{"start":{"line":148,"column":0},"end":{"line":148,"column":45}},"148":{"start":{"line":149,"column":0},"end":{"line":149,"column":45}},"149":{"start":{"line":150,"column":0},"end":{"line":150,"column":28}},"150":{"start":{"line":151,"column":0},"end":{"line":151,"column":98}},"151":{"start":{"line":152,"column":0},"end":{"line":152,"column":98}},"152":{"start":{"line":153,"column":0},"end":{"line":153,"column":29}},"153":{"start":{"line":154,"column":0},"end":{"line":154,"column":32}},"154":{"start":{"line":155,"column":0},"end":{"line":155,"column":27}},"155":{"start":{"line":156,"column":0},"end":{"line":156,"column":30}},"157":{"start":{"line":158,"column":0},"end":{"line":158,"column":1}},"159":{"start":{"line":160,"column":0},"end":{"line":160,"column":19}}},"s":{"0":0,"1":0,"2":0,"3":0,"4":0,"5":0,"6":0,"7":0,"8":0,"9":0,"10":0,"11":0,"12":0,"15":0,"16":0,"17":0,"18":0,"19":0,"20":0,"21":0,"23":0,"24":0,"25":0,"26":0,"27":0,"28":0,"29":0,"31":0,"32":0,"33":0,"34":0,"35":0,"36":0,"38":0,"39":0,"40":0,"41":0,"42":0,"43":0,"44":0,"46":0,"48":0,"49":0,"50":0,"51":0,"52":0,"53":0,"54":0,"57":0,"58":0,"59":0,"61":0,"63":0,"64":0,"65":0,"66":0,"67":0,"68":0,"69":0,"70":0,"71":0,"72":0,"74":0,"75":0,"76":0,"77":0,"78":0,"80":0,"82":0,"86":0,"87":0,"88":0,"89":0,"90":0,"91":0,"92":0,"93":0,"94":0,"95":0,"96":0,"97":0,"98":0,"99":0,"100":0,"101":0,"102":0,"103":0,"104":0,"105":0,"106":0,"107":0,"108":0,"109":0,"110":0,"111":0,"112":0,"113":0,"114":0,"115":0,"116":0,"117":0,"118":0,"119":0,"121":0,"122":0,"123":0,"124":0,"125":0,"126":0,"128":0,"129":0,"131":0,"133":0,"135":0,"137":0,"138":0,"139":0,"140":0,"141":0,"142":0,"143":0,"144":0,"145":0,"146":0,"147":0,"148":0,"149":0,"150":0,"151":0,"152":0,"153":0,"154":0,"155":0,"157":0,"159":0},"branchMap":{"0":{"type":"branch","line":1,"loc":{"start":{"line":1,"column":0},"end":{"line":160,"column":-3318}},"locations":[{"start":{"line":1,"column":0},"end":{"line":160,"column":-3318}}]}},"b":{"0":[0]},"fnMap":{"0":{"name":"(empty-report)","decl":{"start":{"line":1,"column":0},"end":{"line":160,"column":-3318}},"loc":{"start":{"line":1,"column":0},"end":{"line":160,"column":-3318}},"line":1}},"f":{"0":0}}
,"/app/src/main.jsx": {"path":"/app/src/main.jsx","all":true,"statementMap":{"0":{"start":{"line":1,"column":0},"end":{"line":1,"column":25}},"1":{"start":{"line":2,"column":0},"end":{"line":2,"column":39}},"2":{"start":{"line":3,"column":0},"end":{"line":3,"column":27}},"3":{"start":{"line":4,"column":0},"end":{"line":4,"column":20}},"5":{"start":{"line":6,"column":0},"end":{"line":6,"column":60}},"6":{"start":{"line":7,"column":0},"end":{"line":7,"column":22}},"7":{"start":{"line":8,"column":0},"end":{"line":8,"column":15}},"8":{"start":{"line":9,"column":0},"end":{"line":9,"column":24}},"9":{"start":{"line":10,"column":0},"end":{"line":10,"column":1}}},"s":{"0":0,"1":0,"2":0,"3":0,"5":0,"6":0,"7":0,"8":0,"9":0},"branchMap":{"0":{"type":"branch","line":1,"loc":{"start":{"line":1,"column":242},"end":{"line":10,"column":1}},"locations":[{"start":{"line":1,"column":242},"end":{"line":10,"column":1}}]}},"b":{"0":[0]},"fnMap":{"0":{"name":"(empty-report)","decl":{"start":{"line":1,"column":242},"end":{"line":10,"column":1}},"loc":{"start":{"line":1,"column":242},"end":{"line":10,"column":1}},"line":1}},"f":{"0":0}}
,"/app/src/api/k8sApi.js": {"path":"/app/src/api/k8sApi.js","all":false,"statementMap":{"0":{"start":{"line":1,"column":0},"end":{"line":1,"column":83}},"1":{"start":{"line":2,"column":0},"end":{"line":2,"column":16}},"2":{"start":{"line":3,"column":0},"end":{"line":3,"column":53}},"3":{"start":{"line":4,"column":0},"end":{"line":4,"column":5}},"4":{"start":{"line":5,"column":0},"end":{"line":5,"column":21}},"5":{"start":{"line":6,"column":0},"end":{"line":6,"column":49}},"6":{"start":{"line":7,"column":0},"end":{"line":7,"column":5}},"7":{"start":{"line":8,"column":0},"end":{"line":8,"column":31}},"8":{"start":{"line":9,"column":0},"end":{"line":9,"column":72}},"9":{"start":{"line":10,"column":0},"end":{"line":10,"column":49}},"10":{"start":{"line":11,"column":0},"end":{"line":11,"column":42}},"11":{"start":{"line":12,"column":0},"end":{"line":12,"column":25}},"12":{"start":{"line":13,"column":0},"end":{"line":13,"column":49}},"13":{"start":{"line":14,"column":0},"end":{"line":14,"column":5}},"14":{"start":{"line":15,"column":0},"end":{"line":15,"column":68}},"15":{"start":{"line":16,"column":0},"end":{"line":16,"column":23}},"16":{"start":{"line":17,"column":0},"end":{"line":17,"column":77}},"17":{"start":{"line":18,"column":0},"end":{"line":18,"column":65}},"18":{"start":{"line":19,"column":0},"end":{"line":19,"column":5}},"19":{"start":{"line":20,"column":0},"end":{"line":20,"column":27}},"20":{"start":{"line":21,"column":0},"end":{"line":21,"column":2}},"22":{"start":{"line":23,"column":0},"end":{"line":23,"column":75}},"23":{"start":{"line":24,"column":0},"end":{"line":24,"column":31}},"24":{"start":{"line":25,"column":0},"end":{"line":25,"column":110}},"25":{"start":{"line":26,"column":0},"end":{"line":26,"column":23}},"26":{"start":{"line":27,"column":0},"end":{"line":27,"column":48}},"27":{"start":{"line":28,"column":0},"end":{"line":28,"column":5}},"28":{"start":{"line":29,"column":0},"end":{"line":29,"column":53}},"29":{"start":{"line":30,"column":0},"end":{"line":30,"column":2}},"31":{"start":{"line":32,"column":0},"end":{"line":32,"column":72}},"32":{"start":{"line":33,"column":0},"end":{"line":33,"column":31}},"33":{"start":{"line":34,"column":0},"end":{"line":34,"column":25}},"34":{"start":{"line":35,"column":0},"end":{"line":35,"column":56}},"35":{"start":{"line":36,"column":0},"end":{"line":36,"column":41}},"37":{"start":{"line":38,"column":0},"end":{"line":38,"column":34}},"38":{"start":{"line":39,"column":0},"end":{"line":39,"column":23}},"39":{"start":{"line":40,"column":0},"end":{"line":40,"column":59}},"40":{"start":{"line":41,"column":0},"end":{"line":41,"column":5}},"41":{"start":{"line":42,"column":0},"end":{"line":42,"column":27}},"42":{"start":{"line":43,"column":0},"end":{"line":43,"column":2}},"44":{"start":{"line":45,"column":0},"end":{"line":45,"column":76}},"45":{"start":{"line":46,"column":0},"end":{"line":46,"column":31}},"46":{"start":{"line":47,"column":0},"end":{"line":47,"column":49}},"47":{"start":{"line":48,"column":0},"end":{"line":48,"column":80}},"48":{"start":{"line":49,"column":0},"end":{"line":49,"column":51}},"50":{"start":{"line":51,"column":0},"end":{"line":51,"column":68}},"51":{"start":{"line":52,"column":0},"end":{"line":52,"column":23}},"52":{"start":{"line":53,"column":0},"end":{"line":53,"column":51}},"53":{"start":{"line":54,"column":0},"end":{"line":54,"column":5}},"54":{"start":{"line":55,"column":0},"end":{"line":55,"column":27}},"55":{"start":{"line":56,"column":0},"end":{"line":56,"column":2}},"57":{"start":{"line":58,"column":0},"end":{"line":58,"column":56}},"58":{"start":{"line":59,"column":0},"end":{"line":59,"column":31}},"59":{"start":{"line":60,"column":0},"end":{"line":60,"column":46}},"60":{"start":{"line":61,"column":0},"end":{"line":61,"column":23}},"61":{"start":{"line":62,"column":0},"end":{"line":62,"column":60}},"62":{"start":{"line":63,"column":0},"end":{"line":63,"column":5}},"63":{"start":{"line":64,"column":0},"end":{"line":64,"column":27}},"64":{"start":{"line":65,"column":0},"end":{"line":65,"column":2}},"66":{"start":{"line":67,"column":0},"end":{"line":67,"column":66}},"67":{"start":{"line":68,"column":0},"end":{"line":68,"column":31}},"68":{"start":{"line":69,"column":0},"end":{"line":69,"column":41}},"69":{"start":{"line":70,"column":0},"end":{"line":70,"column":51}},"71":{"start":{"line":72,"column":0},"end":{"line":72,"column":76}},"72":{"start":{"line":73,"column":0},"end":{"line":73,"column":23}},"73":{"start":{"line":74,"column":0},"end":{"line":74,"column":61}},"74":{"start":{"line":75,"column":0},"end":{"line":75,"column":5}},"75":{"start":{"line":76,"column":0},"end":{"line":76,"column":27}},"76":{"start":{"line":77,"column":0},"end":{"line":77,"column":2}},"78":{"start":{"line":79,"column":0},"end":{"line":79,"column":64}},"79":{"start":{"line":80,"column":0},"end":{"line":80,"column":31}},"80":{"start":{"line":81,"column":0},"end":{"line":81,"column":41}},"81":{"start":{"line":82,"column":0},"end":{"line":82,"column":51}},"83":{"start":{"line":84,"column":0},"end":{"line":84,"column":86}},"84":{"start":{"line":85,"column":0},"end":{"line":85,"column":23}},"85":{"start":{"line":86,"column":0},"end":{"line":86,"column":59}},"86":{"start":{"line":87,"column":0},"end":{"line":87,"column":5}},"87":{"start":{"line":88,"column":0},"end":{"line":88,"column":27}},"88":{"start":{"line":89,"column":0},"end":{"line":89,"column":2}},"90":{"start":{"line":91,"column":0},"end":{"line":91,"column":60}},"91":{"start":{"line":92,"column":0},"end":{"line":92,"column":31}},"92":{"start":{"line":93,"column":0},"end":{"line":93,"column":41}},"93":{"start":{"line":94,"column":0},"end":{"line":94,"column":51}},"95":{"start":{"line":96,"column":0},"end":{"line":96,"column":69}},"96":{"start":{"line":97,"column":0},"end":{"line":97,"column":23}},"97":{"start":{"line":98,"column":0},"end":{"line":98,"column":54}},"98":{"start":{"line":99,"column":0},"end":{"line":99,"column":5}},"99":{"start":{"line":100,"column":0},"end":{"line":100,"column":27}},"100":{"start":{"line":101,"column":0},"end":{"line":101,"column":2}},"102":{"start":{"line":103,"column":0},"end":{"line":103,"column":62}},"103":{"start":{"line":104,"column":0},"end":{"line":104,"column":31}},"104":{"start":{"line":105,"column":0},"end":{"line":105,"column":41}},"105":{"start":{"line":106,"column":0},"end":{"line":106,"column":51}},"107":{"start":{"line":108,"column":0},"end":{"line":108,"column":72}},"108":{"start":{"line":109,"column":0},"end":{"line":109,"column":23}},"109":{"start":{"line":110,"column":0},"end":{"line":110,"column":57}},"110":{"start":{"line":111,"column":0},"end":{"line":111,"column":5}},"111":{"start":{"line":112,"column":0},"end":{"line":112,"column":27}},"112":{"start":{"line":113,"column":0},"end":{"line":113,"column":2}}},"s":{"0":1,"1":7,"2":2,"3":2,"4":7,"5":2,"6":2,"7":7,"8":7,"9":7,"10":7,"11":7,"12":0,"13":0,"14":3,"15":7,"16":1,"17":1,"18":1,"19":2,"20":2,"22":1,"23":3,"24":3,"25":3,"26":1,"27":1,"28":2,"29":2,"31":1,"32":3,"33":3,"34":3,"35":3,"37":3,"38":3,"39":1,"40":1,"41":2,"42":2,"44":1,"45":4,"46":4,"47":4,"48":4,"50":4,"51":4,"52":1,"53":1,"54":3,"55":3,"57":1,"58":2,"59":2,"60":2,"61":1,"62":1,"63":1,"64":1,"66":1,"67":3,"68":3,"69":3,"71":3,"72":3,"73":1,"74":1,"75":2,"76":2,"78":1,"79":3,"80":3,"81":3,"83":3,"84":3,"85":1,"86":1,"87":2,"88":2,"90":1,"91":3,"92":3,"93":3,"95":3,"96":3,"97":1,"98":1,"99":2,"100":2,"102":1,"103":3,"104":3,"105":3,"107":3,"108":3,"109":1,"110":1,"111":2,"112":2},"branchMap":{"0":{"type":"branch","line":1,"loc":{"start":{"line":1,"column":30},"end":{"line":21,"column":2}},"locations":[{"start":{"line":1,"column":30},"end":{"line":21,"column":2}}]},"1":{"type":"branch","line":2,"loc":{"start":{"line":2,"column":15},"end":{"line":4,"column":5}},"locations":[{"start":{"line":2,"column":15},"end":{"line":4,"column":5}}]},"2":{"type":"branch","line":4,"loc":{"start":{"line":4,"column":4},"end":{"line":5,"column":20}},"locations":[{"start":{"line":4,"column":4},"end":{"line":5,"column":20}}]},"3":{"type":"branch","line":5,"loc":{"start":{"line":5,"column":20},"end":{"line":7,"column":5}},"locations":[{"start":{"line":5,"column":20},"end":{"line":7,"column":5}}]},"4":{"type":"branch","line":7,"loc":{"start":{"line":7,"column":4},"end":{"line":8,"column":22}},"locations":[{"start":{"line":7,"column":4},"end":{"line":8,"column":22}}]},"5":{"type":"branch","line":8,"loc":{"start":{"line":8,"column":22},"end":{"line":8,"column":30}},"locations":[{"start":{"line":8,"column":22},"end":{"line":8,"column":30}}]},"6":{"type":"branch","line":12,"loc":{"start":{"line":12,"column":24},"end":{"line":14,"column":5}},"locations":[{"start":{"line":12,"column":24},"end":{"line":14,"column":5}}]},"7":{"type":"branch","line":14,"loc":{"start":{"line":14,"column":4},"end":{"line":16,"column":22}},"locations":[{"start":{"line":14,"column":4},"end":{"line":16,"column":22}}]},"8":{"type":"branch","line":16,"loc":{"start":{"line":16,"column":22},"end":{"line":19,"column":5}},"locations":[{"start":{"line":16,"column":22},"end":{"line":19,"column":5}}]},"9":{"type":"branch","line":19,"loc":{"start":{"line":19,"column":4},"end":{"line":21,"column":2}},"locations":[{"start":{"line":19,"column":4},"end":{"line":21,"column":2}}]},"10":{"type":"branch","line":23,"loc":{"start":{"line":23,"column":28},"end":{"line":30,"column":2}},"locations":[{"start":{"line":23,"column":28},"end":{"line":30,"column":2}}]},"11":{"type":"branch","line":24,"loc":{"start":{"line":24,"column":22},"end":{"line":24,"column":30}},"locations":[{"start":{"line":24,"column":22},"end":{"line":24,"column":30}}]},"12":{"type":"branch","line":25,"loc":{"start":{"line":25,"column":101},"end":{"line":25,"column":106}},"locations":[{"start":{"line":25,"column":101},"end":{"line":25,"column":106}}]},"13":{"type":"branch","line":26,"loc":{"start":{"line":26,"column":22},"end":{"line":28,"column":5}},"locations":[{"start":{"line":26,"column":22},"end":{"line":28,"column":5}}]},"14":{"type":"branch","line":28,"loc":{"start":{"line":28,"column":4},"end":{"line":30,"column":2}},"locations":[{"start":{"line":28,"column":4},"end":{"line":30,"column":2}}]},"15":{"type":"branch","line":32,"loc":{"start":{"line":32,"column":29},"end":{"line":43,"column":2}},"locations":[{"start":{"line":32,"column":29},"end":{"line":43,"column":2}}]},"16":{"type":"branch","line":33,"loc":{"start":{"line":33,"column":22},"end":{"line":33,"column":30}},"locations":[{"start":{"line":33,"column":22},"end":{"line":33,"column":30}}]},"17":{"type":"branch","line":35,"loc":{"start":{"line":35,"column":8},"end":{"line":35,"column":56}},"locations":[{"start":{"line":35,"column":8},"end":{"line":35,"column":56}}]},"18":{"type":"branch","line":36,"loc":{"start":{"line":36,"column":8},"end":{"line":36,"column":40}},"locations":[{"start":{"line":36,"column":8},"end":{"line":36,"column":40}}]},"19":{"type":"branch","line":39,"loc":{"start":{"line":39,"column":22},"end":{"line":41,"column":5}},"locations":[{"start":{"line":39,"column":22},"end":{"line":41,"column":5}}]},"20":{"type":"branch","line":41,"loc":{"start":{"line":41,"column":4},"end":{"line":43,"column":2}},"locations":[{"start":{"line":41,"column":4},"end":{"line":43,"column":2}}]},"21":{"type":"branch","line":45,"loc":{"start":{"line":45,"column":30},"end":{"line":56,"column":2}},"locations":[{"start":{"line":45,"column":30},"end":{"line":56,"column":2}}]},"22":{"type":"branch","line":46,"loc":{"start":{"line":46,"column":22},"end":{"line":46,"column":30}},"locations":[{"start":{"line":46,"column":22},"end":{"line":46,"column":30}}]},"23":{"type":"branch","line":48,"loc":{"start":{"line":48,"column":42},"end":{"line":48,"column":80}},"locations":[{"start":{"line":48,"column":42},"end":{"line":48,"column":80}}]},"24":{"type":"branch","line":49,"loc":{"start":{"line":49,"column":17},"end":{"line":49,"column":51}},"locations":[{"start":{"line":49,"column":17},"end":{"line":49,"column":51}}]},"25":{"type":"branch","line":52,"loc":{"start":{"line":52,"column":22},"end":{"line":54,"column":5}},"locations":[{"start":{"line":52,"column":22},"end":{"line":54,"column":5}}]},"26":{"type":"branch","line":54,"loc":{"start":{"line":54,"column":4},"end":{"line":56,"column":2}},"locations":[{"start":{"line":54,"column":4},"end":{"line":56,"column":2}}]},"27":{"type":"branch","line":58,"loc":{"start":{"line":58,"column":36},"end":{"line":65,"column":2}},"locations":[{"start":{"line":58,"column":36},"end":{"line":65,"column":2}}]},"28":{"type":"branch","line":59,"loc":{"start":{"line":59,"column":22},"end":{"line":59,"column":30}},"locations":[{"start":{"line":59,"column":22},"end":{"line":59,"column":30}}]},"29":{"type":"branch","line":61,"loc":{"start":{"line":61,"column":22},"end":{"line":65,"column":2}},"locations":[{"start":{"line":61,"column":22},"end":{"line":65,"column":2}}]},"30":{"type":"branch","line":67,"loc":{"start":{"line":67,"column":37},"end":{"line":77,"column":2}},"locations":[{"start":{"line":67,"column":37},"end":{"line":77,"column":2}}]},"31":{"type":"branch","line":68,"loc":{"start":{"line":68,"column":22},"end":{"line":68,"column":30}},"locations":[{"start":{"line":68,"column":22},"end":{"line":68,"column":30}}]},"32":{"type":"branch","line":70,"loc":{"start":{"line":70,"column":17},"end":{"line":70,"column":51}},"locations":[{"start":{"line":70,"column":17},"end":{"line":70,"column":51}}]},"33":{"type":"branch","line":73,"loc":{"start":{"line":73,"column":22},"end":{"line":75,"column":5}},"locations":[{"start":{"line":73,"column":22},"end":{"line":75,"column":5}}]},"34":{"type":"branch","line":75,"loc":{"start":{"line":75,"column":4},"end":{"line":77,"column":2}},"locations":[{"start":{"line":75,"column":4},"end":{"line":77,"column":2}}]},"35":{"type":"branch","line":79,"loc":{"start":{"line":79,"column":35},"end":{"line":89,"column":2}},"locations":[{"start":{"line":79,"column":35},"end":{"line":89,"column":2}}]},"36":{"type":"branch","line":80,"loc":{"start":{"line":80,"column":22},"end":{"line":80,"column":30}},"locations":[{"start":{"line":80,"column":22},"end":{"line":80,"column":30}}]},"37":{"type":"branch","line":82,"loc":{"start":{"line":82,"column":17},"end":{"line":82,"column":51}},"locations":[{"start":{"line":82,"column":17},"end":{"line":82,"column":51}}]},"38":{"type":"branch","line":85,"loc":{"start":{"line":85,"column":22},"end":{"line":87,"column":5}},"locations":[{"start":{"line":85,"column":22},"end":{"line":87,"column":5}}]},"39":{"type":"branch","line":87,"loc":{"start":{"line":87,"column":4},"end":{"line":89,"column":2}},"locations":[{"start":{"line":87,"column":4},"end":{"line":89,"column":2}}]},"40":{"type":"branch","line":91,"loc":{"start":{"line":91,"column":31},"end":{"line":101,"column":2}},"locations":[{"start":{"line":91,"column":31},"end":{"line":101,"column":2}}]},"41":{"type":"branch","line":92,"loc":{"start":{"line":92,"column":22},"end":{"line":92,"column":30}},"locations":[{"start":{"line":92,"column":22},"end":{"line":92,"column":30}}]},"42":{"type":"branch","line":94,"loc":{"start":{"line":94,"column":17},"end":{"line":94,"column":51}},"locations":[{"start":{"line":94,"column":17},"end":{"line":94,"column":51}}]},"43":{"type":"branch","line":97,"loc":{"start":{"line":97,"column":22},"end":{"line":99,"column":5}},"locations":[{"start":{"line":97,"column":22},"end":{"line":99,"column":5}}]},"44":{"type":"branch","line":99,"loc":{"start":{"line":99,"column":4},"end":{"line":101,"column":2}},"locations":[{"start":{"line":99,"column":4},"end":{"line":101,"column":2}}]},"45":{"type":"branch","line":103,"loc":{"start":{"line":103,"column":33},"end":{"line":113,"column":2}},"locations":[{"start":{"line":103,"column":33},"end":{"line":113,"column":2}}]},"46":{"type":"branch","line":104,"loc":{"start":{"line":104,"column":22},"end":{"line":104,"column":30}},"locations":[{"start":{"line":104,"column":22},"end":{"line":104,"column":30}}]},"47":{"type":"branch","line":106,"loc":{"start":{"line":106,"column":17},"end":{"line":106,"column":51}},"locations":[{"start":{"line":106,"column":17},"end":{"line":106,"column":51}}]},"48":{"type":"branch","line":109,"loc":{"start":{"line":109,"column":22},"end":{"line":111,"column":5}},"locations":[{"start":{"line":109,"column":22},"end":{"line":111,"column":5}}]},"49":{"type":"branch","line":111,"loc":{"start":{"line":111,"column":4},"end":{"line":113,"column":2}},"locations":[{"start":{"line":111,"column":4},"end":{"line":113,"column":2}}]}},"b":{"0":[7],"1":[2],"2":[5],"3":[2],"4":[3],"5":[1],"6":[0],"7":[3],"8":[1],"9":[2],"10":[3],"11":[0],"12":[1],"13":[1],"14":[2],"15":[3],"16":[0],"17":[2],"18":[1],"19":[1],"20":[2],"21":[4],"22":[0],"23":[3],"24":[1],"25":[1],"26":[3],"27":[2],"28":[0],"29":[1],"30":[3],"31":[0],"32":[1],"33":[1],"34":[2],"35":[3],"36":[0],"37":[1],"38":[1],"39":[2],"40":[3],"41":[0],"42":[1],"43":[1],"44":[2],"45":[3],"46":[0],"47":[1],"48":[1],"49":[2]},"fnMap":{"0":{"name":"fetchWorkloads","decl":{"start":{"line":1,"column":30},"end":{"line":21,"column":2}},"loc":{"start":{"line":1,"column":30},"end":{"line":21,"column":2}},"line":1},"1":{"name":"fetchPodLogs","decl":{"start":{"line":23,"column":28},"end":{"line":30,"column":2}},"loc":{"start":{"line":23,"column":28},"end":{"line":30,"column":2}},"line":23},"2":{"name":"fetchResource","decl":{"start":{"line":32,"column":29},"end":{"line":43,"column":2}},"loc":{"start":{"line":32,"column":29},"end":{"line":43,"column":2}},"line":32},"3":{"name":"fetchResources","decl":{"start":{"line":45,"column":30},"end":{"line":56,"column":2}},"loc":{"start":{"line":45,"column":30},"end":{"line":56,"column":2}},"line":45},"4":{"name":"fetchClusterOverview","decl":{"start":{"line":58,"column":36},"end":{"line":65,"column":2}},"loc":{"start":{"line":58,"column":36},"end":{"line":65,"column":2}},"line":58},"5":{"name":"fetchPrometheusStatus","decl":{"start":{"line":67,"column":37},"end":{"line":77,"column":2}},"loc":{"start":{"line":67,"column":37},"end":{"line":77,"column":2}},"line":67},"6":{"name":"fetchClusterMetrics","decl":{"start":{"line":79,"column":35},"end":{"line":89,"column":2}},"loc":{"start":{"line":79,"column":35},"end":{"line":89,"column":2}},"line":79},"7":{"name":"fetchNamespaces","decl":{"start":{"line":91,"column":31},"end":{"line":101,"column":2}},"loc":{"start":{"line":91,"column":31},"end":{"line":101,"column":2}},"line":91},"8":{"name":"fetchHelmReleases","decl":{"start":{"line":103,"column":33},"end":{"line":113,"column":2}},"loc":{"start":{"line":103,"column":33},"end":{"line":113,"column":2}},"line":103}},"f":{"0":7,"1":3,"2":3,"3":4,"4":2,"5":3,"6":3,"7":3,"8":3}}
,"/app/src/components/About.jsx": {"path":"/app/src/components/About.jsx","all":true,"statementMap":{"0":{"start":{"line":1,"column":0},"end":{"line":1,"column":26}},"1":{"start":{"line":2,"column":0},"end":{"line":2,"column":58}},"3":{"start":{"line":4,"column":0},"end":{"line":4,"column":21}},"5":{"start":{"line":6,"column":0},"end":{"line":6,"column":64}},"6":{"start":{"line":7,"column":0},"end":{"line":7,"column":60}},"7":{"start":{"line":8,"column":0},"end":{"line":8,"column":38}},"8":{"start":{"line":9,"column":0},"end":{"line":9,"column":63}},"10":{"start":{"line":11,"column":0},"end":{"line":11,"column":12}},"11":{"start":{"line":12,"column":0},"end":{"line":12,"column":47}},"12":{"start":{"line":13,"column":0},"end":{"line":13,"column":89}},"13":{"start":{"line":14,"column":0},"end":{"line":14,"column":56}},"14":{"start":{"line":15,"column":0},"end":{"line":15,"column":69}},"15":{"start":{"line":16,"column":0},"end":{"line":16,"column":79}},"16":{"start":{"line":17,"column":0},"end":{"line":17,"column":22}},"18":{"start":{"line":19,"column":0},"end":{"line":19,"column":58}},"19":{"start":{"line":20,"column":0},"end":{"line":20,"column":124}},"20":{"start":{"line":21,"column":0},"end":{"line":21,"column":20}},"22":{"start":{"line":23,"column":0},"end":{"line":23,"column":48}},"23":{"start":{"line":24,"column":0},"end":{"line":24,"column":69}},"24":{"start":{"line":25,"column":0},"end":{"line":25,"column":76}},"25":{"start":{"line":26,"column":0},"end":{"line":26,"column":123}},"26":{"start":{"line":27,"column":0},"end":{"line":27,"column":26}},"28":{"start":{"line":29,"column":0},"end":{"line":29,"column":65}},"29":{"start":{"line":30,"column":0},"end":{"line":30,"column":26}},"30":{"start":{"line":31,"column":0},"end":{"line":31,"column":44}},"31":{"start":{"line":32,"column":0},"end":{"line":32,"column":43}},"32":{"start":{"line":33,"column":0},"end":{"line":33,"column":53}},"33":{"start":{"line":34,"column":0},"end":{"line":34,"column":140}},"35":{"start":{"line":36,"column":0},"end":{"line":36,"column":65}},"37":{"start":{"line":38,"column":0},"end":{"line":38,"column":28}},"39":{"start":{"line":40,"column":0},"end":{"line":40,"column":26}},"40":{"start":{"line":41,"column":0},"end":{"line":41,"column":52}},"41":{"start":{"line":42,"column":0},"end":{"line":42,"column":140}},"43":{"start":{"line":44,"column":0},"end":{"line":44,"column":63}},"45":{"start":{"line":46,"column":0},"end":{"line":46,"column":28}},"47":{"start":{"line":48,"column":0},"end":{"line":48,"column":26}},"48":{"start":{"line":49,"column":0},"end":{"line":49,"column":50}},"49":{"start":{"line":50,"column":0},"end":{"line":50,"column":43}},"50":{"start":{"line":51,"column":0},"end":{"line":51,"column":53}},"51":{"start":{"line":52,"column":0},"end":{"line":52,"column":141}},"53":{"start":{"line":54,"column":0},"end":{"line":54,"column":65}},"55":{"start":{"line":56,"column":0},"end":{"line":56,"column":28}},"56":{"start":{"line":57,"column":0},"end":{"line":57,"column":26}},"57":{"start":{"line":58,"column":0},"end":{"line":58,"column":22}},"59":{"start":{"line":60,"column":0},"end":{"line":60,"column":63}},"60":{"start":{"line":61,"column":0},"end":{"line":61,"column":87}},"61":{"start":{"line":62,"column":0},"end":{"line":62,"column":60}},"62":{"start":{"line":63,"column":0},"end":{"line":63,"column":57}},"63":{"start":{"line":64,"column":0},"end":{"line":64,"column":73}},"64":{"start":{"line":65,"column":0},"end":{"line":65,"column":136}},"65":{"start":{"line":66,"column":0},"end":{"line":66,"column":29}},"66":{"start":{"line":67,"column":0},"end":{"line":67,"column":57}},"67":{"start":{"line":68,"column":0},"end":{"line":68,"column":73}},"68":{"start":{"line":69,"column":0},"end":{"line":69,"column":122}},"69":{"start":{"line":70,"column":0},"end":{"line":70,"column":29}},"70":{"start":{"line":71,"column":0},"end":{"line":71,"column":57}},"71":{"start":{"line":72,"column":0},"end":{"line":72,"column":73}},"72":{"start":{"line":73,"column":0},"end":{"line":73,"column":92}},"73":{"start":{"line":74,"column":0},"end":{"line":74,"column":29}},"74":{"start":{"line":75,"column":0},"end":{"line":75,"column":57}},"75":{"start":{"line":76,"column":0},"end":{"line":76,"column":73}},"76":{"start":{"line":77,"column":0},"end":{"line":77,"column":101}},"77":{"start":{"line":78,"column":0},"end":{"line":78,"column":29}},"78":{"start":{"line":79,"column":0},"end":{"line":79,"column":57}},"79":{"start":{"line":80,"column":0},"end":{"line":80,"column":73}},"80":{"start":{"line":81,"column":0},"end":{"line":81,"column":96}},"81":{"start":{"line":82,"column":0},"end":{"line":82,"column":29}},"82":{"start":{"line":83,"column":0},"end":{"line":83,"column":57}},"83":{"start":{"line":84,"column":0},"end":{"line":84,"column":73}},"84":{"start":{"line":85,"column":0},"end":{"line":85,"column":110}},"85":{"start":{"line":86,"column":0},"end":{"line":86,"column":29}},"86":{"start":{"line":87,"column":0},"end":{"line":87,"column":57}},"87":{"start":{"line":88,"column":0},"end":{"line":88,"column":73}},"88":{"start":{"line":89,"column":0},"end":{"line":89,"column":123}},"89":{"start":{"line":90,"column":0},"end":{"line":90,"column":29}},"90":{"start":{"line":91,"column":0},"end":{"line":91,"column":25}},"91":{"start":{"line":92,"column":0},"end":{"line":92,"column":22}},"93":{"start":{"line":94,"column":0},"end":{"line":94,"column":68}},"94":{"start":{"line":95,"column":0},"end":{"line":95,"column":57}},"96":{"start":{"line":97,"column":0},"end":{"line":97,"column":24}},"97":{"start":{"line":98,"column":0},"end":{"line":98,"column":22}},"98":{"start":{"line":99,"column":0},"end":{"line":99,"column":18}},"99":{"start":{"line":100,"column":0},"end":{"line":100,"column":14}},"101":{"start":{"line":102,"column":0},"end":{"line":102,"column":2}},"103":{"start":{"line":104,"column":0},"end":{"line":104,"column":21}}},"s":{"0":0,"1":0,"3":0,"5":0,"6":0,"7":0,"8":0,"10":0,"11":0,"12":0,"13":0,"14":0,"15":0,"16":0,"18":0,"19":0,"20":0,"22":0,"23":0,"24":0,"25":0,"26":0,"28":0,"29":0,"30":0,"31":0,"32":0,"33":0,"35":0,"37":0,"39":0,"40":0,"41":0,"43":0,"45":0,"47":0,"48":0,"49":0,"50":0,"51":0,"53":0,"55":0,"56":0,"57":0,"59":0,"60":0,"61":0,"62":0,"63":0,"64":0,"65":0,"66":0,"67":0,"68":0,"69":0,"70":0,"71":0,"72":0,"73":0,"74":0,"75":0,"76":0,"77":0,"78":0,"79":0,"80":0,"81":0,"82":0,"83":0,"84":0,"85":0,"86":0,"87":0,"88":0,"89":0,"90":0,"91":0,"93":0,"94":0,"96":0,"97":0,"98":0,"99":0,"101":0,"103":0},"branchMap":{"0":{"type":"branch","line":1,"loc":{"start":{"line":1,"column":0},"end":{"line":104,"column":-2606}},"locations":[{"start":{"line":1,"column":0},"end":{"line":104,"column":-2606}}]}},"b":{"0":[0]},"fnMap":{"0":{"name":"(empty-report)","decl":{"start":{"line":1,"column":0},"end":{"line":104,"column":-2606}},"loc":{"start":{"line":1,"column":0},"end":{"line":104,"column":-2606}},"line":1}},"f":{"0":0}}
,"/app/src/components/ApiExplorer.jsx": {"path":"/app/src/components/ApiExplorer.jsx","all":true,"statementMap":{"0":{"start":{"line":1,"column":0},"end":{"line":1,"column":68}},"1":{"start":{"line":2,"column":0},"end":{"line":2,"column":100}},"2":{"start":{"line":3,"column":0},"end":{"line":3,"column":38}},"3":{"start":{"line":4,"column":0},"end":{"line":4,"column":57}},"4":{"start":{"line":5,"column":0},"end":{"line":5,"column":49}},"5":{"start":{"line":6,"column":0},"end":{"line":6,"column":59}},"6":{"start":{"line":7,"column":0},"end":{"line":7,"column":48}},"8":{"start":{"line":9,"column":0},"end":{"line":9,"column":40}},"9":{"start":{"line":10,"column":0},"end":{"line":10,"column":45}},"10":{"start":{"line":11,"column":0},"end":{"line":11,"column":42}},"11":{"start":{"line":12,"column":0},"end":{"line":12,"column":41}},"12":{"start":{"line":13,"column":0},"end":{"line":13,"column":45}},"13":{"start":{"line":14,"column":0},"end":{"line":14,"column":51}},"14":{"start":{"line":15,"column":0},"end":{"line":15,"column":47}},"15":{"start":{"line":16,"column":0},"end":{"line":16,"column":58}},"16":{"start":{"line":17,"column":0},"end":{"line":17,"column":64}},"17":{"start":{"line":18,"column":0},"end":{"line":18,"column":50}},"18":{"start":{"line":19,"column":0},"end":{"line":19,"column":61}},"19":{"start":{"line":20,"column":0},"end":{"line":20,"column":102}},"20":{"start":{"line":21,"column":0},"end":{"line":21,"column":86}},"21":{"start":{"line":22,"column":0},"end":{"line":22,"column":66}},"22":{"start":{"line":23,"column":0},"end":{"line":23,"column":35}},"25":{"start":{"line":26,"column":0},"end":{"line":26,"column":21}},"26":{"start":{"line":27,"column":0},"end":{"line":27,"column":40}},"27":{"start":{"line":28,"column":0},"end":{"line":28,"column":17}},"28":{"start":{"line":29,"column":0},"end":{"line":29,"column":76}},"29":{"start":{"line":30,"column":0},"end":{"line":30,"column":51}},"30":{"start":{"line":31,"column":0},"end":{"line":31,"column":37}},"31":{"start":{"line":32,"column":0},"end":{"line":32,"column":24}},"32":{"start":{"line":33,"column":0},"end":{"line":33,"column":38}},"33":{"start":{"line":34,"column":0},"end":{"line":34,"column":17}},"34":{"start":{"line":35,"column":0},"end":{"line":35,"column":27}},"35":{"start":{"line":36,"column":0},"end":{"line":36,"column":34}},"36":{"start":{"line":37,"column":0},"end":{"line":37,"column":23}},"37":{"start":{"line":38,"column":0},"end":{"line":38,"column":40}},"38":{"start":{"line":39,"column":0},"end":{"line":39,"column":13}},"39":{"start":{"line":40,"column":0},"end":{"line":40,"column":10}},"40":{"start":{"line":41,"column":0},"end":{"line":41,"column":19}},"41":{"start":{"line":42,"column":0},"end":{"line":42,"column":25}},"42":{"start":{"line":43,"column":0},"end":{"line":43,"column":16}},"43":{"start":{"line":44,"column":0},"end":{"line":44,"column":36}},"44":{"start":{"line":45,"column":0},"end":{"line":45,"column":9}},"45":{"start":{"line":46,"column":0},"end":{"line":46,"column":26}},"47":{"start":{"line":48,"column":0},"end":{"line":48,"column":29}},"48":{"start":{"line":49,"column":0},"end":{"line":49,"column":29}},"49":{"start":{"line":50,"column":0},"end":{"line":50,"column":45}},"50":{"start":{"line":51,"column":0},"end":{"line":51,"column":69}},"51":{"start":{"line":52,"column":0},"end":{"line":52,"column":51}},"52":{"start":{"line":53,"column":0},"end":{"line":53,"column":36}},"53":{"start":{"line":54,"column":0},"end":{"line":54,"column":27}},"54":{"start":{"line":55,"column":0},"end":{"line":55,"column":36}},"55":{"start":{"line":56,"column":0},"end":{"line":56,"column":38}},"56":{"start":{"line":57,"column":0},"end":{"line":57,"column":14}},"57":{"start":{"line":58,"column":0},"end":{"line":58,"column":48}},"58":{"start":{"line":59,"column":0},"end":{"line":59,"column":6}},"60":{"start":{"line":61,"column":0},"end":{"line":61,"column":21}},"61":{"start":{"line":62,"column":0},"end":{"line":62,"column":20}},"62":{"start":{"line":63,"column":0},"end":{"line":63,"column":25}},"64":{"start":{"line":65,"column":0},"end":{"line":65,"column":21}},"65":{"start":{"line":66,"column":0},"end":{"line":66,"column":30}},"66":{"start":{"line":67,"column":0},"end":{"line":67,"column":44}},"67":{"start":{"line":68,"column":0},"end":{"line":68,"column":34}},"68":{"start":{"line":69,"column":0},"end":{"line":69,"column":38}},"69":{"start":{"line":70,"column":0},"end":{"line":70,"column":40}},"70":{"start":{"line":71,"column":0},"end":{"line":71,"column":39}},"71":{"start":{"line":72,"column":0},"end":{"line":72,"column":63}},"72":{"start":{"line":73,"column":0},"end":{"line":73,"column":11}},"73":{"start":{"line":74,"column":0},"end":{"line":74,"column":69}},"74":{"start":{"line":75,"column":0},"end":{"line":75,"column":23}},"75":{"start":{"line":76,"column":0},"end":{"line":76,"column":32}},"76":{"start":{"line":77,"column":0},"end":{"line":77,"column":61}},"77":{"start":{"line":78,"column":0},"end":{"line":78,"column":36}},"78":{"start":{"line":79,"column":0},"end":{"line":79,"column":27}},"80":{"start":{"line":81,"column":0},"end":{"line":81,"column":87}},"81":{"start":{"line":82,"column":0},"end":{"line":82,"column":38}},"82":{"start":{"line":83,"column":0},"end":{"line":83,"column":14}},"83":{"start":{"line":84,"column":0},"end":{"line":84,"column":40}},"84":{"start":{"line":85,"column":0},"end":{"line":85,"column":53}},"85":{"start":{"line":86,"column":0},"end":{"line":86,"column":46}},"87":{"start":{"line":88,"column":0},"end":{"line":88,"column":40}},"88":{"start":{"line":89,"column":0},"end":{"line":89,"column":39}},"89":{"start":{"line":90,"column":0},"end":{"line":90,"column":19}},"90":{"start":{"line":91,"column":0},"end":{"line":91,"column":28}},"91":{"start":{"line":92,"column":0},"end":{"line":92,"column":88}},"92":{"start":{"line":93,"column":0},"end":{"line":93,"column":36}},"93":{"start":{"line":94,"column":0},"end":{"line":94,"column":111}},"95":{"start":{"line":96,"column":0},"end":{"line":96,"column":66}},"96":{"start":{"line":97,"column":0},"end":{"line":97,"column":72}},"97":{"start":{"line":98,"column":0},"end":{"line":98,"column":14}},"98":{"start":{"line":99,"column":0},"end":{"line":99,"column":58}},"99":{"start":{"line":100,"column":0},"end":{"line":100,"column":45}},"102":{"start":{"line":103,"column":0},"end":{"line":103,"column":21}},"103":{"start":{"line":104,"column":0},"end":{"line":104,"column":47}},"104":{"start":{"line":105,"column":0},"end":{"line":105,"column":81}},"105":{"start":{"line":106,"column":0},"end":{"line":106,"column":42}},"106":{"start":{"line":107,"column":0},"end":{"line":107,"column":13}},"107":{"start":{"line":108,"column":0},"end":{"line":108,"column":10}},"108":{"start":{"line":109,"column":0},"end":{"line":109,"column":67}},"109":{"start":{"line":110,"column":0},"end":{"line":110,"column":83}},"110":{"start":{"line":111,"column":0},"end":{"line":111,"column":11}},"112":{"start":{"line":113,"column":0},"end":{"line":113,"column":37}},"113":{"start":{"line":114,"column":0},"end":{"line":114,"column":30}},"114":{"start":{"line":115,"column":0},"end":{"line":115,"column":25}},"115":{"start":{"line":116,"column":0},"end":{"line":116,"column":27}},"116":{"start":{"line":117,"column":0},"end":{"line":117,"column":37}},"117":{"start":{"line":118,"column":0},"end":{"line":118,"column":32}},"118":{"start":{"line":119,"column":0},"end":{"line":119,"column":34}},"119":{"start":{"line":120,"column":0},"end":{"line":120,"column":38}},"120":{"start":{"line":121,"column":0},"end":{"line":121,"column":40}},"121":{"start":{"line":122,"column":0},"end":{"line":122,"column":43}},"122":{"start":{"line":123,"column":0},"end":{"line":123,"column":11}},"123":{"start":{"line":124,"column":0},"end":{"line":124,"column":6}},"125":{"start":{"line":126,"column":0},"end":{"line":126,"column":47}},"126":{"start":{"line":127,"column":0},"end":{"line":127,"column":31}},"127":{"start":{"line":128,"column":0},"end":{"line":128,"column":39}},"128":{"start":{"line":129,"column":0},"end":{"line":129,"column":98}},"129":{"start":{"line":130,"column":0},"end":{"line":130,"column":23}},"131":{"start":{"line":132,"column":0},"end":{"line":132,"column":12}},"132":{"start":{"line":133,"column":0},"end":{"line":133,"column":29}},"133":{"start":{"line":134,"column":0},"end":{"line":134,"column":98}},"134":{"start":{"line":135,"column":0},"end":{"line":135,"column":71}},"135":{"start":{"line":136,"column":0},"end":{"line":136,"column":68}},"136":{"start":{"line":137,"column":0},"end":{"line":137,"column":86}},"137":{"start":{"line":138,"column":0},"end":{"line":138,"column":99}},"138":{"start":{"line":139,"column":0},"end":{"line":139,"column":22}},"140":{"start":{"line":141,"column":0},"end":{"line":141,"column":64}},"141":{"start":{"line":142,"column":0},"end":{"line":142,"column":79}},"142":{"start":{"line":143,"column":0},"end":{"line":143,"column":111}},"143":{"start":{"line":144,"column":0},"end":{"line":144,"column":30}},"144":{"start":{"line":145,"column":0},"end":{"line":145,"column":42}},"145":{"start":{"line":146,"column":0},"end":{"line":146,"column":46}},"146":{"start":{"line":147,"column":0},"end":{"line":147,"column":58}},"147":{"start":{"line":148,"column":0},"end":{"line":148,"column":57}},"148":{"start":{"line":149,"column":0},"end":{"line":149,"column":30}},"149":{"start":{"line":150,"column":0},"end":{"line":150,"column":68}},"150":{"start":{"line":151,"column":0},"end":{"line":151,"column":187}},"151":{"start":{"line":152,"column":0},"end":{"line":152,"column":98}},"152":{"start":{"line":153,"column":0},"end":{"line":153,"column":26}},"153":{"start":{"line":154,"column":0},"end":{"line":154,"column":36}},"154":{"start":{"line":155,"column":0},"end":{"line":155,"column":35}},"155":{"start":{"line":156,"column":0},"end":{"line":156,"column":61}},"156":{"start":{"line":157,"column":0},"end":{"line":157,"column":147}},"157":{"start":{"line":158,"column":0},"end":{"line":158,"column":45}},"159":{"start":{"line":160,"column":0},"end":{"line":160,"column":47}},"160":{"start":{"line":161,"column":0},"end":{"line":161,"column":37}},"162":{"start":{"line":163,"column":0},"end":{"line":163,"column":89}},"163":{"start":{"line":164,"column":0},"end":{"line":164,"column":169}},"164":{"start":{"line":165,"column":0},"end":{"line":165,"column":67}},"165":{"start":{"line":166,"column":0},"end":{"line":166,"column":43}},"166":{"start":{"line":167,"column":0},"end":{"line":167,"column":91}},"167":{"start":{"line":168,"column":0},"end":{"line":168,"column":56}},"168":{"start":{"line":169,"column":0},"end":{"line":169,"column":61}},"169":{"start":{"line":170,"column":0},"end":{"line":170,"column":69}},"170":{"start":{"line":171,"column":0},"end":{"line":171,"column":70}},"171":{"start":{"line":172,"column":0},"end":{"line":172,"column":42}},"172":{"start":{"line":173,"column":0},"end":{"line":173,"column":152}},"174":{"start":{"line":175,"column":0},"end":{"line":175,"column":63}},"175":{"start":{"line":176,"column":0},"end":{"line":176,"column":144}},"176":{"start":{"line":177,"column":0},"end":{"line":177,"column":45}},"177":{"start":{"line":178,"column":0},"end":{"line":178,"column":35}},"178":{"start":{"line":179,"column":0},"end":{"line":179,"column":34}},"180":{"start":{"line":181,"column":0},"end":{"line":181,"column":26}},"182":{"start":{"line":183,"column":0},"end":{"line":183,"column":50}},"183":{"start":{"line":184,"column":0},"end":{"line":184,"column":125}},"184":{"start":{"line":185,"column":0},"end":{"line":185,"column":35}},"185":{"start":{"line":186,"column":0},"end":{"line":186,"column":76}},"186":{"start":{"line":187,"column":0},"end":{"line":187,"column":104}},"187":{"start":{"line":188,"column":0},"end":{"line":188,"column":64}},"188":{"start":{"line":189,"column":0},"end":{"line":189,"column":69}},"189":{"start":{"line":190,"column":0},"end":{"line":190,"column":92}},"190":{"start":{"line":191,"column":0},"end":{"line":191,"column":35}},"192":{"start":{"line":193,"column":0},"end":{"line":193,"column":105}},"193":{"start":{"line":194,"column":0},"end":{"line":194,"column":37}},"194":{"start":{"line":195,"column":0},"end":{"line":195,"column":35}},"195":{"start":{"line":196,"column":0},"end":{"line":196,"column":73}},"196":{"start":{"line":197,"column":0},"end":{"line":197,"column":129}},"197":{"start":{"line":198,"column":0},"end":{"line":198,"column":61}},"198":{"start":{"line":199,"column":0},"end":{"line":199,"column":69}},"199":{"start":{"line":200,"column":0},"end":{"line":200,"column":92}},"200":{"start":{"line":201,"column":0},"end":{"line":201,"column":35}},"202":{"start":{"line":203,"column":0},"end":{"line":203,"column":101}},"203":{"start":{"line":204,"column":0},"end":{"line":204,"column":37}},"204":{"start":{"line":205,"column":0},"end":{"line":205,"column":35}},"205":{"start":{"line":206,"column":0},"end":{"line":206,"column":69}},"206":{"start":{"line":207,"column":0},"end":{"line":207,"column":129}},"207":{"start":{"line":208,"column":0},"end":{"line":208,"column":57}},"208":{"start":{"line":209,"column":0},"end":{"line":209,"column":69}},"209":{"start":{"line":210,"column":0},"end":{"line":210,"column":92}},"210":{"start":{"line":211,"column":0},"end":{"line":211,"column":35}},"212":{"start":{"line":213,"column":0},"end":{"line":213,"column":100}},"213":{"start":{"line":214,"column":0},"end":{"line":214,"column":37}},"214":{"start":{"line":215,"column":0},"end":{"line":215,"column":30}},"216":{"start":{"line":217,"column":0},"end":{"line":217,"column":125}},"217":{"start":{"line":218,"column":0},"end":{"line":218,"column":111}},"218":{"start":{"line":219,"column":0},"end":{"line":219,"column":110}},"219":{"start":{"line":220,"column":0},"end":{"line":220,"column":34}},"220":{"start":{"line":221,"column":0},"end":{"line":221,"column":30}},"222":{"start":{"line":223,"column":0},"end":{"line":223,"column":22}},"223":{"start":{"line":224,"column":0},"end":{"line":224,"column":18}},"225":{"start":{"line":226,"column":0},"end":{"line":226,"column":67}},"226":{"start":{"line":227,"column":0},"end":{"line":227,"column":95}},"227":{"start":{"line":228,"column":0},"end":{"line":228,"column":106}},"228":{"start":{"line":229,"column":0},"end":{"line":229,"column":161}},"229":{"start":{"line":230,"column":0},"end":{"line":230,"column":26}},"230":{"start":{"line":231,"column":0},"end":{"line":231,"column":66}},"231":{"start":{"line":232,"column":0},"end":{"line":232,"column":52}},"232":{"start":{"line":233,"column":0},"end":{"line":233,"column":35}},"233":{"start":{"line":234,"column":0},"end":{"line":234,"column":83}},"234":{"start":{"line":235,"column":0},"end":{"line":235,"column":64}},"235":{"start":{"line":236,"column":0},"end":{"line":236,"column":265}},"237":{"start":{"line":238,"column":0},"end":{"line":238,"column":83}},"238":{"start":{"line":239,"column":0},"end":{"line":239,"column":83}},"239":{"start":{"line":240,"column":0},"end":{"line":240,"column":126}},"240":{"start":{"line":241,"column":0},"end":{"line":241,"column":38}},"241":{"start":{"line":242,"column":0},"end":{"line":242,"column":134}},"242":{"start":{"line":243,"column":0},"end":{"line":243,"column":37}},"243":{"start":{"line":244,"column":0},"end":{"line":244,"column":27}},"244":{"start":{"line":245,"column":0},"end":{"line":245,"column":55}},"245":{"start":{"line":246,"column":0},"end":{"line":246,"column":109}},"247":{"start":{"line":248,"column":0},"end":{"line":248,"column":26}},"248":{"start":{"line":249,"column":0},"end":{"line":249,"column":22}},"250":{"start":{"line":251,"column":0},"end":{"line":251,"column":122}},"251":{"start":{"line":252,"column":0},"end":{"line":252,"column":106}},"252":{"start":{"line":253,"column":0},"end":{"line":253,"column":75}},"253":{"start":{"line":254,"column":0},"end":{"line":254,"column":109}},"254":{"start":{"line":255,"column":0},"end":{"line":255,"column":30}},"255":{"start":{"line":256,"column":0},"end":{"line":256,"column":106}},"256":{"start":{"line":257,"column":0},"end":{"line":257,"column":26}},"257":{"start":{"line":258,"column":0},"end":{"line":258,"column":33}},"258":{"start":{"line":259,"column":0},"end":{"line":259,"column":57}},"259":{"start":{"line":260,"column":0},"end":{"line":260,"column":58}},"260":{"start":{"line":261,"column":0},"end":{"line":261,"column":63}},"261":{"start":{"line":262,"column":0},"end":{"line":262,"column":40}},"262":{"start":{"line":263,"column":0},"end":{"line":263,"column":152}},"263":{"start":{"line":264,"column":0},"end":{"line":264,"column":65}},"264":{"start":{"line":265,"column":0},"end":{"line":265,"column":161}},"266":{"start":{"line":267,"column":0},"end":{"line":267,"column":154}},"267":{"start":{"line":268,"column":0},"end":{"line":268,"column":155}},"268":{"start":{"line":269,"column":0},"end":{"line":269,"column":155}},"269":{"start":{"line":270,"column":0},"end":{"line":270,"column":41}},"270":{"start":{"line":271,"column":0},"end":{"line":271,"column":40}},"271":{"start":{"line":272,"column":0},"end":{"line":272,"column":88}},"272":{"start":{"line":273,"column":0},"end":{"line":273,"column":59}},"273":{"start":{"line":274,"column":0},"end":{"line":274,"column":81}},"274":{"start":{"line":275,"column":0},"end":{"line":275,"column":115}},"275":{"start":{"line":276,"column":0},"end":{"line":276,"column":69}},"276":{"start":{"line":277,"column":0},"end":{"line":277,"column":131}},"278":{"start":{"line":279,"column":0},"end":{"line":279,"column":78}},"279":{"start":{"line":280,"column":0},"end":{"line":280,"column":63}},"280":{"start":{"line":281,"column":0},"end":{"line":281,"column":138}},"281":{"start":{"line":282,"column":0},"end":{"line":282,"column":68}},"282":{"start":{"line":283,"column":0},"end":{"line":283,"column":59}},"284":{"start":{"line":285,"column":0},"end":{"line":285,"column":100}},"286":{"start":{"line":287,"column":0},"end":{"line":287,"column":49}},"287":{"start":{"line":288,"column":0},"end":{"line":288,"column":100}},"288":{"start":{"line":289,"column":0},"end":{"line":289,"column":93}},"289":{"start":{"line":290,"column":0},"end":{"line":290,"column":49}},"290":{"start":{"line":291,"column":0},"end":{"line":291,"column":100}},"291":{"start":{"line":292,"column":0},"end":{"line":292,"column":55}},"292":{"start":{"line":293,"column":0},"end":{"line":293,"column":87}},"293":{"start":{"line":294,"column":0},"end":{"line":294,"column":197}},"295":{"start":{"line":296,"column":0},"end":{"line":296,"column":93}},"297":{"start":{"line":298,"column":0},"end":{"line":298,"column":57}},"298":{"start":{"line":299,"column":0},"end":{"line":299,"column":49}},"299":{"start":{"line":300,"column":0},"end":{"line":300,"column":45}},"300":{"start":{"line":301,"column":0},"end":{"line":301,"column":39}},"301":{"start":{"line":302,"column":0},"end":{"line":302,"column":62}},"302":{"start":{"line":303,"column":0},"end":{"line":303,"column":44}},"303":{"start":{"line":304,"column":0},"end":{"line":304,"column":47}},"304":{"start":{"line":305,"column":0},"end":{"line":305,"column":85}},"305":{"start":{"line":306,"column":0},"end":{"line":306,"column":103}},"306":{"start":{"line":307,"column":0},"end":{"line":307,"column":45}},"307":{"start":{"line":308,"column":0},"end":{"line":308,"column":131}},"308":{"start":{"line":309,"column":0},"end":{"line":309,"column":49}},"309":{"start":{"line":310,"column":0},"end":{"line":310,"column":45}},"311":{"start":{"line":312,"column":0},"end":{"line":312,"column":40}},"312":{"start":{"line":313,"column":0},"end":{"line":313,"column":36}},"313":{"start":{"line":314,"column":0},"end":{"line":314,"column":30}},"315":{"start":{"line":316,"column":0},"end":{"line":316,"column":119}},"317":{"start":{"line":318,"column":0},"end":{"line":318,"column":22}},"318":{"start":{"line":319,"column":0},"end":{"line":319,"column":18}},"319":{"start":{"line":320,"column":0},"end":{"line":320,"column":30}},"320":{"start":{"line":321,"column":0},"end":{"line":321,"column":27}},"321":{"start":{"line":322,"column":0},"end":{"line":322,"column":43}},"322":{"start":{"line":323,"column":0},"end":{"line":323,"column":57}},"323":{"start":{"line":324,"column":0},"end":{"line":324,"column":36}},"324":{"start":{"line":325,"column":0},"end":{"line":325,"column":46}},"326":{"start":{"line":327,"column":0},"end":{"line":327,"column":22}},"327":{"start":{"line":328,"column":0},"end":{"line":328,"column":18}},"329":{"start":{"line":330,"column":0},"end":{"line":330,"column":14}},"331":{"start":{"line":332,"column":0},"end":{"line":332,"column":2}},"333":{"start":{"line":334,"column":0},"end":{"line":334,"column":27}}},"s":{"0":0,"1":0,"2":0,"3":0,"4":0,"5":0,"6":0,"8":0,"9":0,"10":0,"11":0,"12":0,"13":0,"14":0,"15":0,"16":0,"17":0,"18":0,"19":0,"20":0,"21":0,"22":0,"25":0,"26":0,"27":0,"28":0,"29":0,"30":0,"31":0,"32":0,"33":0,"34":0,"35":0,"36":0,"37":0,"38":0,"39":0,"40":0,"41":0,"42":0,"43":0,"44":0,"45":0,"47":0,"48":0,"49":0,"50":0,"51":0,"52":0,"53":0,"54":0,"55":0,"56":0,"57":0,"58":0,"60":0,"61":0,"62":0,"64":0,"65":0,"66":0,"67":0,"68":0,"69":0,"70":0,"71":0,"72":0,"73":0,"74":0,"75":0,"76":0,"77":0,"78":0,"80":0,"81":0,"82":0,"83":0,"84":0,"85":0,"87":0,"88":0,"89":0,"90":0,"91":0,"92":0,"93":0,"95":0,"96":0,"97":0,"98":0,"99":0,"102":0,"103":0,"104":0,"105":0,"106":0,"107":0,"108":0,"109":0,"110":0,"112":0,"113":0,"114":0,"115":0,"116":0,"117":0,"118":0,"119":0,"120":0,"121":0,"122":0,"123":0,"125":0,"126":0,"127":0,"128":0,"129":0,"131":0,"132":0,"133":0,"134":0,"135":0,"136":0,"137":0,"138":0,"140":0,"141":0,"142":0,"143":0,"144":0,"145":0,"146":0,"147":0,"148":0,"149":0,"150":0,"151":0,"152":0,"153":0,"154":0,"155":0,"156":0,"157":0,"159":0,"160":0,"162":0,"163":0,"164":0,"165":0,"166":0,"167":0,"168":0,"169":0,"170":0,"171":0,"172":0,"174":0,"175":0,"176":0,"177":0,"178":0,"180":0,"182":0,"183":0,"184":0,"185":0,"186":0,"187":0,"188":0,"189":0,"190":0,"192":0,"193":0,"194":0,"195":0,"196":0,"197":0,"198":0,"199":0,"200":0,"202":0,"203":0,"204":0,"205":0,"206":0,"207":0,"208":0,"209":0,"210":0,"212":0,"213":0,"214":0,"216":0,"217":0,"218":0,"219":0,"220":0,"222":0,"223":0,"225":0,"226":0,"227":0,"228":0,"229":0,"230":0,"231":0,"232":0,"233":0,"234":0,"235":0,"237":0,"238":0,"239":0,"240":0,"241":0,"242":0,"243":0,"244":0,"245":0,"247":0,"248":0,"250":0,"251":0,"252":0,"253":0,"254":0,"255":0,"256":0,"257":0,"258":0,"259":0,"260":0,"261":0,"262":0,"263":0,"264":0,"266":0,"267":0,"268":0,"269":0,"270":0,"271":0,"272":0,"273":0,"274":0,"275":0,"276":0,"278":0,"279":0,"280":0,"281":0,"282":0,"284":0,"286":0,"287":0,"288":0,"289":0,"290":0,"291":0,"292":0,"293":0,"295":0,"297":0,"298":0,"299":0,"300":0,"301":0,"302":0,"303":0,"304":0,"305":0,"306":0,"307":0,"308":0,"309":0,"311":0,"312":0,"313":0,"315":0,"317":0,"318":0,"319":0,"320":0,"321":0,"322":0,"323":0,"324":0,"326":0,"327":0,"329":0,"331":0,"333":0},"branchMap":{"0":{"type":"branch","line":1,"loc":{"start":{"line":1,"column":0},"end":{"line":334,"column":-6132}},"locations":[{"start":{"line":1,"column":0},"end":{"line":334,"column":-6132}}]}},"b":{"0":[0]},"fnMap":{"0":{"name":"(empty-report)","decl":{"start":{"line":1,"column":0},"end":{"line":334,"column":-6132}},"loc":{"start":{"line":1,"column":0},"end":{"line":334,"column":-6132}},"line":1}},"f":{"0":0}}
,"/app/src/components/CRDExplorer.jsx": {"path":"/app/src/components/CRDExplorer.jsx","all":true,"statementMap":{"0":{"start":{"line":1,"column":0},"end":{"line":1,"column":60}},"1":{"start":{"line":2,"column":0},"end":{"line":2,"column":86}},"2":{"start":{"line":3,"column":0},"end":{"line":3,"column":42}},"3":{"start":{"line":4,"column":0},"end":{"line":4,"column":58}},"4":{"start":{"line":5,"column":0},"end":{"line":5,"column":57}},"5":{"start":{"line":6,"column":0},"end":{"line":6,"column":49}},"6":{"start":{"line":7,"column":0},"end":{"line":7,"column":59}},"7":{"start":{"line":8,"column":0},"end":{"line":8,"column":48}},"9":{"start":{"line":10,"column":0},"end":{"line":10,"column":40}},"10":{"start":{"line":11,"column":0},"end":{"line":11,"column":45}},"11":{"start":{"line":12,"column":0},"end":{"line":12,"column":36}},"12":{"start":{"line":13,"column":0},"end":{"line":13,"column":41}},"13":{"start":{"line":14,"column":0},"end":{"line":14,"column":45}},"14":{"start":{"line":15,"column":0},"end":{"line":15,"column":51}},"15":{"start":{"line":16,"column":0},"end":{"line":16,"column":51}},"16":{"start":{"line":17,"column":0},"end":{"line":17,"column":58}},"17":{"start":{"line":18,"column":0},"end":{"line":18,"column":68}},"18":{"start":{"line":19,"column":0},"end":{"line":19,"column":88}},"19":{"start":{"line":20,"column":0},"end":{"line":20,"column":81}},"21":{"start":{"line":22,"column":0},"end":{"line":22,"column":47}},"22":{"start":{"line":23,"column":0},"end":{"line":23,"column":34}},"23":{"start":{"line":24,"column":0},"end":{"line":24,"column":6}},"25":{"start":{"line":26,"column":0},"end":{"line":26,"column":29}},"26":{"start":{"line":27,"column":0},"end":{"line":27,"column":29}},"27":{"start":{"line":28,"column":0},"end":{"line":28,"column":45}},"28":{"start":{"line":29,"column":0},"end":{"line":29,"column":69}},"29":{"start":{"line":30,"column":0},"end":{"line":30,"column":51}},"30":{"start":{"line":31,"column":0},"end":{"line":31,"column":36}},"31":{"start":{"line":32,"column":0},"end":{"line":32,"column":27}},"32":{"start":{"line":33,"column":0},"end":{"line":33,"column":36}},"33":{"start":{"line":34,"column":0},"end":{"line":34,"column":38}},"34":{"start":{"line":35,"column":0},"end":{"line":35,"column":14}},"35":{"start":{"line":36,"column":0},"end":{"line":36,"column":48}},"36":{"start":{"line":37,"column":0},"end":{"line":37,"column":6}},"38":{"start":{"line":39,"column":0},"end":{"line":39,"column":21}},"39":{"start":{"line":40,"column":0},"end":{"line":40,"column":20}},"40":{"start":{"line":41,"column":0},"end":{"line":41,"column":25}},"42":{"start":{"line":43,"column":0},"end":{"line":43,"column":21}},"43":{"start":{"line":44,"column":0},"end":{"line":44,"column":30}},"44":{"start":{"line":45,"column":0},"end":{"line":45,"column":44}},"45":{"start":{"line":46,"column":0},"end":{"line":46,"column":34}},"46":{"start":{"line":47,"column":0},"end":{"line":47,"column":38}},"47":{"start":{"line":48,"column":0},"end":{"line":48,"column":83}},"48":{"start":{"line":49,"column":0},"end":{"line":49,"column":72}},"49":{"start":{"line":50,"column":0},"end":{"line":50,"column":75}},"50":{"start":{"line":51,"column":0},"end":{"line":51,"column":11}},"51":{"start":{"line":52,"column":0},"end":{"line":52,"column":69}},"52":{"start":{"line":53,"column":0},"end":{"line":53,"column":25}},"53":{"start":{"line":54,"column":0},"end":{"line":54,"column":34}},"54":{"start":{"line":55,"column":0},"end":{"line":55,"column":61}},"55":{"start":{"line":56,"column":0},"end":{"line":56,"column":36}},"56":{"start":{"line":57,"column":0},"end":{"line":57,"column":27}},"57":{"start":{"line":58,"column":0},"end":{"line":58,"column":41}},"58":{"start":{"line":59,"column":0},"end":{"line":59,"column":14}},"59":{"start":{"line":60,"column":0},"end":{"line":60,"column":42}},"60":{"start":{"line":61,"column":0},"end":{"line":61,"column":55}},"61":{"start":{"line":62,"column":0},"end":{"line":62,"column":46}},"63":{"start":{"line":64,"column":0},"end":{"line":64,"column":40}},"64":{"start":{"line":65,"column":0},"end":{"line":65,"column":39}},"65":{"start":{"line":66,"column":0},"end":{"line":66,"column":19}},"66":{"start":{"line":67,"column":0},"end":{"line":67,"column":30}},"67":{"start":{"line":68,"column":0},"end":{"line":68,"column":88}},"68":{"start":{"line":69,"column":0},"end":{"line":69,"column":36}},"69":{"start":{"line":70,"column":0},"end":{"line":70,"column":135}},"70":{"start":{"line":71,"column":0},"end":{"line":71,"column":51}},"71":{"start":{"line":72,"column":0},"end":{"line":72,"column":14}},"72":{"start":{"line":73,"column":0},"end":{"line":73,"column":58}},"73":{"start":{"line":74,"column":0},"end":{"line":74,"column":36}},"75":{"start":{"line":76,"column":0},"end":{"line":76,"column":42}},"76":{"start":{"line":77,"column":0},"end":{"line":77,"column":30}},"77":{"start":{"line":78,"column":0},"end":{"line":78,"column":44}},"78":{"start":{"line":79,"column":0},"end":{"line":79,"column":34}},"79":{"start":{"line":80,"column":0},"end":{"line":80,"column":38}},"80":{"start":{"line":81,"column":0},"end":{"line":81,"column":50}},"81":{"start":{"line":82,"column":0},"end":{"line":82,"column":32}},"82":{"start":{"line":83,"column":0},"end":{"line":83,"column":87}},"83":{"start":{"line":84,"column":0},"end":{"line":84,"column":75}},"84":{"start":{"line":85,"column":0},"end":{"line":85,"column":11}},"85":{"start":{"line":86,"column":0},"end":{"line":86,"column":69}},"86":{"start":{"line":87,"column":0},"end":{"line":87,"column":56}},"87":{"start":{"line":88,"column":0},"end":{"line":88,"column":38}},"88":{"start":{"line":89,"column":0},"end":{"line":89,"column":111}},"89":{"start":{"line":90,"column":0},"end":{"line":90,"column":133}},"90":{"start":{"line":91,"column":0},"end":{"line":91,"column":6}},"92":{"start":{"line":93,"column":0},"end":{"line":93,"column":12}},"93":{"start":{"line":94,"column":0},"end":{"line":94,"column":29}},"94":{"start":{"line":95,"column":0},"end":{"line":95,"column":68}},"95":{"start":{"line":96,"column":0},"end":{"line":96,"column":61}},"96":{"start":{"line":97,"column":0},"end":{"line":97,"column":67}},"97":{"start":{"line":98,"column":0},"end":{"line":98,"column":86}},"98":{"start":{"line":99,"column":0},"end":{"line":99,"column":99}},"99":{"start":{"line":100,"column":0},"end":{"line":100,"column":22}},"100":{"start":{"line":101,"column":0},"end":{"line":101,"column":61}},"101":{"start":{"line":102,"column":0},"end":{"line":102,"column":51}},"102":{"start":{"line":103,"column":0},"end":{"line":103,"column":111}},"103":{"start":{"line":104,"column":0},"end":{"line":104,"column":30}},"104":{"start":{"line":105,"column":0},"end":{"line":105,"column":42}},"105":{"start":{"line":106,"column":0},"end":{"line":106,"column":71}},"106":{"start":{"line":107,"column":0},"end":{"line":107,"column":172}},"107":{"start":{"line":108,"column":0},"end":{"line":108,"column":56}},"108":{"start":{"line":109,"column":0},"end":{"line":109,"column":26}},"109":{"start":{"line":110,"column":0},"end":{"line":110,"column":36}},"110":{"start":{"line":111,"column":0},"end":{"line":111,"column":35}},"111":{"start":{"line":112,"column":0},"end":{"line":112,"column":61}},"112":{"start":{"line":113,"column":0},"end":{"line":113,"column":147}},"113":{"start":{"line":114,"column":0},"end":{"line":114,"column":45}},"115":{"start":{"line":116,"column":0},"end":{"line":116,"column":47}},"116":{"start":{"line":117,"column":0},"end":{"line":117,"column":37}},"118":{"start":{"line":119,"column":0},"end":{"line":119,"column":26}},"119":{"start":{"line":120,"column":0},"end":{"line":120,"column":112}},"120":{"start":{"line":121,"column":0},"end":{"line":121,"column":31}},"121":{"start":{"line":122,"column":0},"end":{"line":122,"column":72}},"122":{"start":{"line":123,"column":0},"end":{"line":123,"column":179}},"124":{"start":{"line":125,"column":0},"end":{"line":125,"column":72}},"125":{"start":{"line":126,"column":0},"end":{"line":126,"column":33}},"126":{"start":{"line":127,"column":0},"end":{"line":127,"column":31}},"127":{"start":{"line":128,"column":0},"end":{"line":128,"column":69}},"128":{"start":{"line":129,"column":0},"end":{"line":129,"column":176}},"130":{"start":{"line":131,"column":0},"end":{"line":131,"column":68}},"131":{"start":{"line":132,"column":0},"end":{"line":132,"column":33}},"132":{"start":{"line":133,"column":0},"end":{"line":133,"column":31}},"133":{"start":{"line":134,"column":0},"end":{"line":134,"column":65}},"134":{"start":{"line":135,"column":0},"end":{"line":135,"column":172}},"136":{"start":{"line":137,"column":0},"end":{"line":137,"column":44}},"137":{"start":{"line":138,"column":0},"end":{"line":138,"column":33}},"138":{"start":{"line":139,"column":0},"end":{"line":139,"column":26}},"139":{"start":{"line":140,"column":0},"end":{"line":140,"column":22}},"140":{"start":{"line":141,"column":0},"end":{"line":141,"column":18}},"142":{"start":{"line":143,"column":0},"end":{"line":143,"column":67}},"143":{"start":{"line":144,"column":0},"end":{"line":144,"column":95}},"144":{"start":{"line":145,"column":0},"end":{"line":145,"column":106}},"145":{"start":{"line":146,"column":0},"end":{"line":146,"column":175}},"146":{"start":{"line":147,"column":0},"end":{"line":147,"column":26}},"147":{"start":{"line":148,"column":0},"end":{"line":148,"column":66}},"148":{"start":{"line":149,"column":0},"end":{"line":149,"column":52}},"149":{"start":{"line":150,"column":0},"end":{"line":150,"column":35}},"150":{"start":{"line":151,"column":0},"end":{"line":151,"column":79}},"151":{"start":{"line":152,"column":0},"end":{"line":152,"column":64}},"152":{"start":{"line":153,"column":0},"end":{"line":153,"column":257}},"154":{"start":{"line":155,"column":0},"end":{"line":155,"column":83}},"155":{"start":{"line":156,"column":0},"end":{"line":156,"column":83}},"156":{"start":{"line":157,"column":0},"end":{"line":157,"column":94}},"157":{"start":{"line":158,"column":0},"end":{"line":158,"column":38}},"158":{"start":{"line":159,"column":0},"end":{"line":159,"column":134}},"159":{"start":{"line":160,"column":0},"end":{"line":160,"column":37}},"160":{"start":{"line":161,"column":0},"end":{"line":161,"column":27}},"161":{"start":{"line":162,"column":0},"end":{"line":162,"column":55}},"162":{"start":{"line":163,"column":0},"end":{"line":163,"column":109}},"164":{"start":{"line":165,"column":0},"end":{"line":165,"column":26}},"165":{"start":{"line":166,"column":0},"end":{"line":166,"column":22}},"167":{"start":{"line":168,"column":0},"end":{"line":168,"column":122}},"168":{"start":{"line":169,"column":0},"end":{"line":169,"column":106}},"169":{"start":{"line":170,"column":0},"end":{"line":170,"column":75}},"170":{"start":{"line":171,"column":0},"end":{"line":171,"column":86}},"171":{"start":{"line":172,"column":0},"end":{"line":172,"column":30}},"172":{"start":{"line":173,"column":0},"end":{"line":173,"column":108}},"173":{"start":{"line":174,"column":0},"end":{"line":174,"column":26}},"174":{"start":{"line":175,"column":0},"end":{"line":175,"column":33}},"175":{"start":{"line":176,"column":0},"end":{"line":176,"column":57}},"176":{"start":{"line":177,"column":0},"end":{"line":177,"column":58}},"177":{"start":{"line":178,"column":0},"end":{"line":178,"column":63}},"178":{"start":{"line":179,"column":0},"end":{"line":179,"column":40}},"179":{"start":{"line":180,"column":0},"end":{"line":180,"column":152}},"180":{"start":{"line":181,"column":0},"end":{"line":181,"column":77}},"181":{"start":{"line":182,"column":0},"end":{"line":182,"column":161}},"183":{"start":{"line":184,"column":0},"end":{"line":184,"column":154}},"184":{"start":{"line":185,"column":0},"end":{"line":185,"column":155}},"185":{"start":{"line":186,"column":0},"end":{"line":186,"column":155}},"186":{"start":{"line":187,"column":0},"end":{"line":187,"column":41}},"187":{"start":{"line":188,"column":0},"end":{"line":188,"column":40}},"188":{"start":{"line":189,"column":0},"end":{"line":189,"column":88}},"189":{"start":{"line":190,"column":0},"end":{"line":190,"column":66}},"190":{"start":{"line":191,"column":0},"end":{"line":191,"column":91}},"191":{"start":{"line":192,"column":0},"end":{"line":192,"column":120}},"192":{"start":{"line":193,"column":0},"end":{"line":193,"column":81}},"193":{"start":{"line":194,"column":0},"end":{"line":194,"column":136}},"195":{"start":{"line":196,"column":0},"end":{"line":196,"column":78}},"196":{"start":{"line":197,"column":0},"end":{"line":197,"column":68}},"197":{"start":{"line":198,"column":0},"end":{"line":198,"column":143}},"198":{"start":{"line":199,"column":0},"end":{"line":199,"column":73}},"199":{"start":{"line":200,"column":0},"end":{"line":200,"column":59}},"201":{"start":{"line":202,"column":0},"end":{"line":202,"column":100}},"203":{"start":{"line":204,"column":0},"end":{"line":204,"column":49}},"204":{"start":{"line":205,"column":0},"end":{"line":205,"column":100}},"205":{"start":{"line":206,"column":0},"end":{"line":206,"column":103}},"206":{"start":{"line":207,"column":0},"end":{"line":207,"column":49}},"207":{"start":{"line":208,"column":0},"end":{"line":208,"column":100}},"208":{"start":{"line":209,"column":0},"end":{"line":209,"column":55}},"209":{"start":{"line":210,"column":0},"end":{"line":210,"column":92}},"210":{"start":{"line":211,"column":0},"end":{"line":211,"column":197}},"212":{"start":{"line":213,"column":0},"end":{"line":213,"column":93}},"214":{"start":{"line":215,"column":0},"end":{"line":215,"column":57}},"215":{"start":{"line":216,"column":0},"end":{"line":216,"column":49}},"216":{"start":{"line":217,"column":0},"end":{"line":217,"column":45}},"217":{"start":{"line":218,"column":0},"end":{"line":218,"column":39}},"218":{"start":{"line":219,"column":0},"end":{"line":219,"column":64}},"219":{"start":{"line":220,"column":0},"end":{"line":220,"column":44}},"220":{"start":{"line":221,"column":0},"end":{"line":221,"column":47}},"221":{"start":{"line":222,"column":0},"end":{"line":222,"column":97}},"222":{"start":{"line":223,"column":0},"end":{"line":223,"column":103}},"223":{"start":{"line":224,"column":0},"end":{"line":224,"column":45}},"224":{"start":{"line":225,"column":0},"end":{"line":225,"column":145}},"225":{"start":{"line":226,"column":0},"end":{"line":226,"column":49}},"226":{"start":{"line":227,"column":0},"end":{"line":227,"column":45}},"228":{"start":{"line":229,"column":0},"end":{"line":229,"column":40}},"229":{"start":{"line":230,"column":0},"end":{"line":230,"column":36}},"230":{"start":{"line":231,"column":0},"end":{"line":231,"column":30}},"232":{"start":{"line":233,"column":0},"end":{"line":233,"column":134}},"234":{"start":{"line":235,"column":0},"end":{"line":235,"column":22}},"235":{"sta
[...]
21,"column":73}},"21":{"start":{"line":22,"column":0},"end":{"line":22,"column":9}},"22":{"start":{"line":23,"column":0},"end":{"line":23,"column":5}},"23":{"start":{"line":24,"column":0},"end":{"line":24,"column":59}},"24":{"start":{"line":25,"column":0},"end":{"line":25,"column":2}},"26":{"start":{"line":27,"column":0},"end":{"line":27,"column":52}},"27":{"start":{"line":28,"column":0},"end":{"line":28,"column":33}},"29":{"start":{"line":30,"column":0},"end":{"line":30,"column":60}},"30":{"start":{"line":31,"column":0},"end":{"line":31,"column":86}},"31":{"start":{"line":32,"column":0},"end":{"line":32,"column":74}},"33":{"start":{"line":34,"column":0},"end":{"line":34,"column":20}},"34":{"start":{"line":35,"column":0},"end":{"line":35,"column":20}},"36":{"start":{"line":37,"column":0},"end":{"line":37,"column":19}},"37":{"start":{"line":38,"column":0},"end":{"line":38,"column":36}},"38":{"start":{"line":39,"column":0},"end":{"line":39,"column":36}},"39":{"start":{"line":40,"column":0},"end":{"line":40,"column":12}},"40":{"start":{"line":41,"column":0},"end":{"line":41,"column":39}},"41":{"start":{"line":42,"column":0},"end":{"line":42,"column":33}},"42":{"start":{"line":43,"column":0},"end":{"line":43,"column":33}},"43":{"start":{"line":44,"column":0},"end":{"line":44,"column":5}},"45":{"start":{"line":46,"column":0},"end":{"line":46,"column":32}},"46":{"start":{"line":47,"column":0},"end":{"line":47,"column":64}},"47":{"start":{"line":48,"column":0},"end":{"line":48,"column":2}},"49":{"start":{"line":50,"column":0},"end":{"line":50,"column":47}},"50":{"start":{"line":51,"column":0},"end":{"line":51,"column":27}},"51":{"start":{"line":52,"column":0},"end":{"line":52,"column":17}},"52":{"start":{"line":53,"column":0},"end":{"line":53,"column":2}}},"s":{"1":1,"2":19,"3":19,"4":12,"5":12,"6":4,"7":4,"9":1,"10":20,"11":17,"12":17,"13":17,"14":17,"15":17,"16":17,"18":20,"19":40,"20":15,"21":15,"22":40,"23":2,"24":2,"26":1,"27":12,"29":9,"30":12,"31":12,"33":12,"34":12,"36":12,"37":4,"38":4,"39":12,"40":5,"41":5,"42":5,"43":5,"45":12,"46":8,"47":8,"49":1,"50":6,"51":3,"52":3},"branchMap":{"0":{"type":"branch","line":2,"loc":{"start":{"line":2,"column":24},"end":{"line":8,"column":2}},"locations":[{"start":{"line":2,"column":24},"end":{"line":8,"column":2}}]},"1":{"type":"branch","line":3,"loc":{"start":{"line":3,"column":16},"end":{"line":3,"column":25}},"locations":[{"start":{"line":3,"column":16},"end":{"line":3,"column":25}}]},"2":{"type":"branch","line":3,"loc":{"start":{"line":3,"column":24},"end":{"line":4,"column":29}},"locations":[{"start":{"line":3,"column":24},"end":{"line":4,"column":29}}]},"3":{"type":"branch","line":4,"loc":{"start":{"line":4,"column":29},"end":{"line":6,"column":5}},"locations":[{"start":{"line":4,"column":29},"end":{"line":6,"column":5}}]},"4":{"type":"branch","line":6,"loc":{"start":{"line":6,"column":4},"end":{"line":8,"column":2}},"locations":[{"start":{"line":6,"column":4},"end":{"line":8,"column":2}}]},"5":{"type":"branch","line":10,"loc":{"start":{"line":10,"column":27},"end":{"line":25,"column":2}},"locations":[{"start":{"line":10,"column":27},"end":{"line":25,"column":2}}]},"6":{"type":"branch","line":11,"loc":{"start":{"line":11,"column":16},"end":{"line":11,"column":25}},"locations":[{"start":{"line":11,"column":16},"end":{"line":11,"column":25}}]},"7":{"type":"branch","line":11,"loc":{"start":{"line":11,"column":24},"end":{"line":19,"column":60}},"locations":[{"start":{"line":11,"column":24},"end":{"line":19,"column":60}}]},"8":{"type":"branch","line":19,"loc":{"start":{"line":19,"column":60},"end":{"line":23,"column":5}},"locations":[{"start":{"line":19,"column":60},"end":{"line":23,"column":5}}]},"9":{"type":"branch","line":20,"loc":{"start":{"line":20,"column":34},"end":{"line":22,"column":9}},"locations":[{"start":{"line":20,"column":34},"end":{"line":22,"column":9}}]},"10":{"type":"branch","line":23,"loc":{"start":{"line":23,"column":4},"end":{"line":25,"column":2}},"locations":[{"start":{"line":23,"column":4},"end":{"line":25,"column":2}}]},"11":{"type":"branch","line":27,"loc":{"start":{"line":27,"column":35},"end":{"line":48,"column":2}},"locations":[{"start":{"line":27,"column":35},"end":{"line":48,"column":2}}]},"12":{"type":"branch","line":28,"loc":{"start":{"line":28,"column":14},"end":{"line":28,"column":22}},"locations":[{"start":{"line":28,"column":14},"end":{"line":28,"column":22}}]},"13":{"type":"branch","line":28,"loc":{"start":{"line":28,"column":24},"end":{"line":28,"column":33}},"locations":[{"start":{"line":28,"column":24},"end":{"line":28,"column":33}}]},"14":{"type":"branch","line":28,"loc":{"start":{"line":28,"column":32},"end":{"line":31,"column":37}},"locations":[{"start":{"line":28,"column":32},"end":{"line":31,"column":37}}]},"15":{"type":"branch","line":31,"loc":{"start":{"line":31,"column":37},"end":{"line":31,"column":52}},"locations":[{"start":{"line":31,"column":37},"end":{"line":31,"column":52}}]},"16":{"type":"branch","line":37,"loc":{"start":{"line":37,"column":18},"end":{"line":40,"column":5}},"locations":[{"start":{"line":37,"column":18},"end":{"line":40,"column":5}}]},"17":{"type":"branch","line":40,"loc":{"start":{"line":40,"column":5},"end":{"line":44,"column":5}},"locations":[{"start":{"line":40,"column":5},"end":{"line":44,"column":5}}]},"18":{"type":"branch","line":44,"loc":{"start":{"line":44,"column":4},"end":{"line":46,"column":23}},"locations":[{"start":{"line":44,"column":4},"end":{"line":46,"column":23}}]},"19":{"type":"branch","line":46,"loc":{"start":{"line":46,"column":23},"end":{"line":46,"column":32}},"locations":[{"start":{"line":46,"column":23},"end":{"line":46,"column":32}}]},"20":{"type":"branch","line":46,"loc":{"start":{"line":46,"column":31},"end":{"line":48,"column":2}},"locations":[{"start":{"line":46,"column":31},"end":{"line":48,"column":2}}]},"21":{"type":"branch","line":32,"loc":{"start":{"line":32,"column":51},"end":{"line":32,"column":72}},"locations":[{"start":{"line":32,"column":51},"end":{"line":32,"column":72}}]},"22":{"type":"branch","line":50,"loc":{"start":{"line":50,"column":35},"end":{"line":53,"column":2}},"locations":[{"start":{"line":50,"column":35},"end":{"line":53,"column":2}}]},"23":{"type":"branch","line":51,"loc":{"start":{"line":51,"column":16},"end":{"line":53,"column":2}},"locations":[{"start":{"line":51,"column":16},"end":{"line":53,"column":2}}]}},"b":{"0":[19],"1":[3],"2":[16],"3":[12],"4":[4],"5":[20],"6":[3],"7":[17],"8":[40],"9":[15],"10":[2],"11":[12],"12":[10],"13":[3],"14":[9],"15":[5],"16":[4],"17":[5],"18":[9],"19":[1],"20":[8],"21":[28],"22":[6],"23":[3]},"fnMap":{"0":{"name":"parseCpu","decl":{"start":{"line":2,"column":24},"end":{"line":8,"column":2}},"loc":{"start":{"line":2,"column":24},"end":{"line":8,"column":2}},"line":2},"1":{"name":"parseMemory","decl":{"start":{"line":10,"column":27},"end":{"line":25,"column":2}},"loc":{"start":{"line":10,"column":27},"end":{"line":25,"column":2}},"line":10},"2":{"name":"calculatePercentage","decl":{"start":{"line":27,"column":35},"end":{"line":48,"column":2}},"loc":{"start":{"line":27,"column":35},"end":{"line":48,"column":2}},"line":27},"3":{"name":"formatResourceValue","decl":{"start":{"line":50,"column":35},"end":{"line":53,"column":2}},"loc":{"start":{"line":50,"column":35},"end":{"line":53,"column":2}},"line":50}},"f":{"0":19,"1":20,"2":12,"3":6}}
,"/app/src/utils/statusBadge.js": {"path":"/app/src/utils/statusBadge.js","all":false,"statementMap":{"0":{"start":{"line":1,"column":0},"end":{"line":1,"column":74}},"1":{"start":{"line":2,"column":0},"end":{"line":2,"column":76}},"2":{"start":{"line":3,"column":0},"end":{"line":3,"column":48}},"3":{"start":{"line":4,"column":0},"end":{"line":4,"column":117}},"5":{"start":{"line":6,"column":0},"end":{"line":6,"column":45}},"7":{"start":{"line":8,"column":0},"end":{"line":8,"column":35}},"8":{"start":{"line":9,"column":0},"end":{"line":9,"column":94}},"9":{"start":{"line":10,"column":0},"end":{"line":10,"column":96}},"10":{"start":{"line":11,"column":0},"end":{"line":11,"column":88}},"11":{"start":{"line":12,"column":0},"end":{"line":12,"column":72}},"12":{"start":{"line":13,"column":0},"end":{"line":13,"column":5}},"14":{"start":{"line":15,"column":0},"end":{"line":15,"column":46}},"15":{"start":{"line":16,"column":0},"end":{"line":16,"column":74}},"16":{"start":{"line":17,"column":0},"end":{"line":17,"column":83}},"17":{"start":{"line":18,"column":0},"end":{"line":18,"column":80}},"18":{"start":{"line":19,"column":0},"end":{"line":19,"column":79}},"19":{"start":{"line":20,"column":0},"end":{"line":20,"column":90}},"20":{"start":{"line":21,"column":0},"end":{"line":21,"column":78}},"21":{"start":{"line":22,"column":0},"end":{"line":22,"column":36}},"22":{"start":{"line":23,"column":0},"end":{"line":23,"column":66}},"23":{"start":{"line":24,"column":0},"end":{"line":24,"column":5}},"25":{"start":{"line":26,"column":0},"end":{"line":26,"column":35}},"26":{"start":{"line":27,"column":0},"end":{"line":27,"column":71}},"27":{"start":{"line":28,"column":0},"end":{"line":28,"column":79}},"28":{"start":{"line":29,"column":0},"end":{"line":29,"column":94}},"29":{"start":{"line":30,"column":0},"end":{"line":30,"column":78}},"30":{"start":{"line":31,"column":0},"end":{"line":31,"column":71}},"31":{"start":{"line":32,"column":0},"end":{"line":32,"column":75}},"32":{"start":{"line":33,"column":0},"end":{"line":33,"column":5}},"34":{"start":{"line":35,"column":0},"end":{"line":35,"column":50}},"35":{"start":{"line":36,"column":0},"end":{"line":36,"column":72}},"36":{"start":{"line":37,"column":0},"end":{"line":37,"column":79}},"37":{"start":{"line":38,"column":0},"end":{"line":38,"column":79}},"38":{"start":{"line":39,"column":0},"end":{"line":39,"column":78}},"39":{"start":{"line":40,"column":0},"end":{"line":40,"column":86}},"40":{"start":{"line":41,"column":0},"end":{"line":41,"column":69}},"41":{"start":{"line":42,"column":0},"end":{"line":42,"column":5}},"43":{"start":{"line":44,"column":0},"end":{"line":44,"column":67}},"44":{"start":{"line":45,"column":0},"end":{"line":45,"column":65}},"45":{"start":{"line":46,"column":0},"end":{"line":46,"column":2}}},"s":{"0":1,"1":1,"2":1,"3":99,"5":97,"7":97,"8":99,"9":99,"10":99,"11":27,"12":27,"14":70,"15":99,"16":99,"17":99,"18":99,"19":99,"20":99,"21":99,"22":28,"23":28,"25":42,"26":99,"27":99,"28":99,"29":99,"30":99,"31":20,"32":20,"34":22,"35":99,"36":99,"37":99,"38":99,"39":99,"40":21,"41":21,"43":1,"44":1,"45":1},"branchMap":{"0":{"type":"branch","line":3,"loc":{"start":{"line":3,"column":35},"end":{"line":46,"column":2}},"locations":[{"start":{"line":3,"column":35},"end":{"line":46,"column":2}}]},"1":{"type":"branch","line":4,"loc":{"start":{"line":4,"column":17},"end":{"line":4,"column":78}},"locations":[{"start":{"line":4,"column":17},"end":{"line":4,"column":78}}]},"2":{"type":"branch","line":4,"loc":{"start":{"line":4,"column":78},"end":{"line":9,"column":32}},"locations":[{"start":{"line":4,"column":78},"end":{"line":9,"column":32}}]},"3":{"type":"branch","line":9,"loc":{"start":{"line":9,"column":32},"end":{"line":9,"column":60}},"locations":[{"start":{"line":9,"column":32},"end":{"line":9,"column":60}}]},"4":{"type":"branch","line":9,"loc":{"start":{"line":9,"column":61},"end":{"line":9,"column":91}},"locations":[{"start":{"line":9,"column":61},"end":{"line":9,"column":91}}]},"5":{"type":"branch","line":9,"loc":{"start":{"line":9,"column":92},"end":{"line":10,"column":31}},"locations":[{"start":{"line":9,"column":92},"end":{"line":10,"column":31}}]},"6":{"type":"branch","line":10,"loc":{"start":{"line":10,"column":32},"end":{"line":10,"column":62}},"locations":[{"start":{"line":10,"column":32},"end":{"line":10,"column":62}}]},"7":{"type":"branch","line":10,"loc":{"start":{"line":10,"column":63},"end":{"line":10,"column":93}},"locations":[{"start":{"line":10,"column":63},"end":{"line":10,"column":93}}]},"8":{"type":"branch","line":10,"loc":{"start":{"line":10,"column":94},"end":{"line":11,"column":33}},"locations":[{"start":{"line":10,"column":94},"end":{"line":11,"column":33}}]},"9":{"type":"branch","line":11,"loc":{"start":{"line":11,"column":34},"end":{"line":11,"column":57}},"locations":[{"start":{"line":11,"column":34},"end":{"line":11,"column":57}}]},"10":{"type":"branch","line":11,"loc":{"start":{"line":11,"column":58},"end":{"line":11,"column":85}},"locations":[{"start":{"line":11,"column":58},"end":{"line":11,"column":85}}]},"11":{"type":"branch","line":11,"loc":{"start":{"line":11,"column":87},"end":{"line":13,"column":5}},"locations":[{"start":{"line":11,"column":87},"end":{"line":13,"column":5}}]},"12":{"type":"branch","line":13,"loc":{"start":{"line":13,"column":4},"end":{"line":16,"column":38}},"locations":[{"start":{"line":13,"column":4},"end":{"line":16,"column":38}}]},"13":{"type":"branch","line":16,"loc":{"start":{"line":16,"column":38},"end":{"line":16,"column":71}},"locations":[{"start":{"line":16,"column":38},"end":{"line":16,"column":71}}]},"14":{"type":"branch","line":16,"loc":{"start":{"line":16,"column":72},"end":{"line":17,"column":48}},"locations":[{"start":{"line":16,"column":72},"end":{"line":17,"column":48}}]},"15":{"type":"branch","line":17,"loc":{"start":{"line":17,"column":49},"end":{"line":17,"column":80}},"locations":[{"start":{"line":17,"column":49},"end":{"line":17,"column":80}}]},"16":{"type":"branch","line":17,"loc":{"start":{"line":17,"column":81},"end":{"line":18,"column":40}},"locations":[{"start":{"line":17,"column":81},"end":{"line":18,"column":40}}]},"17":{"type":"branch","line":18,"loc":{"start":{"line":18,"column":41},"end":{"line":18,"column":77}},"locations":[{"start":{"line":18,"column":41},"end":{"line":18,"column":77}}]},"18":{"type":"branch","line":18,"loc":{"start":{"line":18,"column":78},"end":{"line":19,"column":39}},"locations":[{"start":{"line":18,"column":78},"end":{"line":19,"column":39}}]},"19":{"type":"branch","line":19,"loc":{"start":{"line":19,"column":40},"end":{"line":19,"column":76}},"locations":[{"start":{"line":19,"column":40},"end":{"line":19,"column":76}}]},"20":{"type":"branch","line":19,"loc":{"start":{"line":19,"column":77},"end":{"line":20,"column":48}},"locations":[{"start":{"line":19,"column":77},"end":{"line":20,"column":48}}]},"21":{"type":"branch","line":20,"loc":{"start":{"line":20,"column":49},"end":{"line":20,"column":87}},"locations":[{"start":{"line":20,"column":49},"end":{"line":20,"column":87}}]},"22":{"type":"branch","line":20,"loc":{"start":{"line":20,"column":88},"end":{"line":21,"column":39}},"locations":[{"start":{"line":20,"column":88},"end":{"line":21,"column":39}}]},"23":{"type":"branch","line":21,"loc":{"start":{"line":21,"column":40},"end":{"line":21,"column":75}},"locations":[{"start":{"line":21,"column":40},"end":{"line":21,"column":75}}]},"24":{"type":"branch","line":21,"loc":{"start":{"line":21,"column":76},"end":{"line":22,"column":33}},"locations":[{"start":{"line":21,"column":76},"end":{"line":22,"column":33}}]},"25":{"type":"branch","line":22,"loc":{"start":{"line":22,"column":35},"end":{"line":24,"column":5}},"locations":[{"start":{"line":22,"column":35},"end":{"line":24,"column":5}}]},"26":{"type":"branch","line":24,"loc":{"start":{"line":24,"column":4},"end":{"line":27,"column":40}},"locations":[{"start":{"line":24,"column":4},"end":{"line":27,"column":40}}]},"27":{"type":"branch","line":27,"loc":{"start":{"line":27,"column":40},"end":{"line":27,"column":68}},"locations":[{"start":{"line":27,"column":40},"end":{"line":27,"column":68}}]},"28":{"type":"branch","line":27,"loc":{"start":{"line":27,"column":69},"end":{"line":28,"column":42}},"locations":[{"start":{"line":27,"column":69},"end":{"line":28,"column":42}}]},"29":{"type":"branch","line":28,"loc":{"start":{"line":28,"column":43},"end":{"line":28,"column":76}},"locations":[{"start":{"line":28,"column":43},"end":{"line":28,"column":76}}]},"30":{"type":"branch","line":28,"loc":{"start":{"line":28,"column":77},"end":{"line":29,"column":50}},"locations":[{"start":{"line":28,"column":77},"end":{"line":29,"column":50}}]},"31":{"type":"branch","line":29,"loc":{"start":{"line":29,"column":51},"end":{"line":29,"column":91}},"locations":[{"start":{"line":29,"column":51},"end":{"line":29,"column":91}}]},"32":{"type":"branch","line":29,"loc":{"start":{"line":29,"column":92},"end":{"line":30,"column":40}},"locations":[{"start":{"line":29,"column":92},"end":{"line":30,"column":40}}]},"33":{"type":"branch","line":30,"loc":{"start":{"line":30,"column":41},"end":{"line":30,"column":75}},"locations":[{"start":{"line":30,"column":41},"end":{"line":30,"column":75}}]},"34":{"type":"branch","line":30,"loc":{"start":{"line":30,"column":76},"end":{"line":31,"column":37}},"locations":[{"start":{"line":30,"column":76},"end":{"line":31,"column":37}}]},"35":{"type":"branch","line":31,"loc":{"start":{"line":31,"column":38},"end":{"line":31,"column":68}},"locations":[{"start":{"line":31,"column":38},"end":{"line":31,"column":68}}]},"36":{"type":"branch","line":31,"loc":{"start":{"line":31,"column":70},"end":{"line":33,"column":5}},"locations":[{"start":{"line":31,"column":70},"end":{"line":33,"column":5}}]},"37":{"type":"branch","line":33,"loc":{"start":{"line":33,"column":4},"end":{"line":36,"column":44}},"locations":[{"start":{"line":33,"column":4},"end":{"line":36,"column":44}}]},"38":{"type":"branch","line":36,"loc":{"start":{"line":36,"column":44},"end":{"line":36,"column":69}},"locations":[{"start":{"line":36,"column":44},"end":{"line":36,"column":69}}]},"39":{"type":"branch","line":36,"loc":{"start":{"line":36,"column":70},"end":{"line":37,"column":41}},"locations":[{"start":{"line":36,"column":70},"end":{"line":37,"column":41}}]},"40":{"type":"branch","line":37,"loc":{"start":{"line":37,"column":42},"end":{"line":37,"column":76}},"locations":[{"start":{"line":37,"column":42},"end":{"line":37,"column":76}}]},"41":{"type":"branch","line":37,"loc":{"start":{"line":37,"column":77},"end":{"line":38,"column":40}},"locations":[{"start":{"line":37,"column":77},"end":{"line":38,"column":40}}]},"42":{"type":"branch","line":38,"loc":{"start":{"line":38,"column":41},"end":{"line":38,"column":76}},"locations":[{"start":{"line":38,"column":41},"end":{"line":38,"column":76}}]},"43":{"type":"branch","line":38,"loc":{"start":{"line":38,"column":77},"end":{"line":39,"column":40}},"locations":[{"start":{"line":38,"column":77},"end":{"line":39,"column":40}}]},"44":{"type":"branch","line":39,"loc":{"start":{"line":39,"column":41},"end":{"line":39,"column":75}},"locations":[{"start":{"line":39,"column":41},"end":{"line":39,"column":75}}]},"45":{"type":"branch","line":39,"loc":{"start":{"line":39,"column":76},"end":{"line":40,"column":44}},"locations":[{"start":{"line":39,"column":76},"end":{"line":40,"column":44}}]},"46":{"type":"branch","line":40,"loc":{"start":{"line":40,"column":45},"end":{"line":40,"column":83}},"locations":[{"start":{"line":40,"column":45},"end":{"line":40,"column":83}}]},"47":{"type":"branch","line":40,"loc":{"start":{"line":40,"column":85},"end":{"line":42,"column":5}},"locations":[{"start":{"line":40,"column":85},"end":{"line":42,"column":5}}]},"48":{"type":"branch","line":42,"loc":{"start":{"line":42,"column":4},"end":{"line":46,"column":2}},"locations":[{"start":{"line":42,"column":4},"end":{"line":46,"column":2}}]}},"b":{"0":[99],"1":[2],"2":[97],"3":[94],"4":[91],"5":[88],"6":[85],"7":[82],"8":[79],"9":[76],"10":[73],"11":[27],"12":[70],"13":[67],"14":[64],"15":[62],"16":[60],"17":[58],"18":[56],"19":[54],"20":[52],"21":[50],"22":[48],"23":[46],"24":[44],"25":[28],"26":[42],"27":[39],"28":[36],"29":[34],"30":[32],"31":[30],"32":[28],"33":[26],"34":[24],"35":[22],"36":[20],"37":[22],"38":[20],"39":[17],"40":[15],"41":[13],"42":[11],"43":[9],"44":[7],"45":[5],"46":[3],"47":[21],"48":[1]},"fnMap":{"0":{"name":"getStatusBadgeClass","decl":{"start":{"line":3,"column":35},"end":{"line":46,"column":2}},"loc":{"start":{"line":3,"column":35},"end":{"line":46,"column":2}},"line":3}},"f":{"0":99}}
}
